Log file open, 02/06/17 10:35:33
LogInit:Display: Running engine for game: MyProject2
LogPlatformFile: Not using cached read wrapper
LogInit:Display: RandInit(-341673911) SRandInit(-341673909).
LogTaskGraph: Started task graph with 4 named threads and 7 total threads with 1 sets of task threads.
LogStats: Stats thread started at 0.074441
LogInit: Version: 4.12.5-3039270+++UE4+Release-4.12
LogInit: API Version: 2992821
LogInit: Net Version: 3039270
LogDevObjectVersion: Number of dev versions registered: 13
LogDevObjectVersion:   Dev-Blueprints (B0D832E4-1F89-4F0D-ACCF-7EB736FD4AA2): 3
LogDevObjectVersion:   Dev-Build (E1C64328-A22C-4D53-A36C-8E866417BD8C): 0
LogDevObjectVersion:   Dev-Core (375EC13C-06E4-48FB-B500-84F0262A717E): 1
LogDevObjectVersion:   Dev-Editor (E4B068ED-F494-42E9-A231-DA0B2E46BB41): 2
LogDevObjectVersion:   Dev-Framework (CFFC743F-43B0-4480-9391-14DF171D2073): 6
LogDevObjectVersion:   Dev-Mobile (B02B49B5-BB20-44E9-A304-32B752E40360): 0
LogDevObjectVersion:   Dev-Networking (A4E4105C-59A1-49B5-A7C5-40C4547EDFEE): 0
LogDevObjectVersion:   Dev-Online (39C831C9-5AE6-47DC-9A44-9C173E1C8E7C): 0
LogDevObjectVersion:   Dev-Physics (78F01B33-EBEA-4F98-B9B4-84EACCB95AA2): 0
LogDevObjectVersion:   Dev-Platform (6631380F-2D4D-43E0-8009-CF276956A95A): 0
LogDevObjectVersion:   Dev-Rendering (12F88B9F-8875-4AFC-A67C-D90C383ABD29): 2
LogDevObjectVersion:   Dev-Sequencer (7B5AE74C-D270-4C10-A958-57980B212A5A): 0
LogDevObjectVersion:   Dev-VR (D7296918-1DD6-4BDD-9DE2-64A83CC13884): 0
LogInit: Compiled (64-bit): Jul  6 2016 09:09:46
LogInit: Compiled with Visual C++: 19.00.23026.00
LogInit: Build Configuration: Development
LogInit: Branch Name: ++UE4+Release-4.12
LogInit: Command line:  
LogInit: Base directory: C:/Program Files (x86)/Epic Games/4.12/Engine/Binaries/Win64/
LogInit: Installed Engine Build: 1
LogInit: Using libcurl 7.41.0
LogInit:  - built for x86_64-pc-win32
LogInit:  - supports SSL with WinSSL
LogInit:  - other features:
LogInit:      CURL_VERSION_SSL
LogInit:      CURL_VERSION_IPV6
LogInit:      CURL_VERSION_ASYNCHDNS
LogInit:      CURL_VERSION_LARGEFILE
LogInit:      CURL_VERSION_IDN
LogInit:  CurlRequestOptions (configurable via config and command line):
LogInit:  - bVerifyPeer = true  - Libcurl will verify peer certificate
LogInit:  - bUseHttpProxy = false  - Libcurl will NOT use HTTP proxy
LogInit:  - bDontReuseConnections = false  - Libcurl will reuse connections
LogInit:  - CertBundlePath = nullptr  - Libcurl will use whatever was configured at build time.
LogInit: Presizing for max 8388607 objects, including 0 objects not considered by GC, pre-allocating 0 bytes for permanent pool.
LogInit: Object subsystem initialized
[2017.02.06-10.35.33:824][  0]LogInit: Selected Device Profile: [Windows]
[2017.02.06-10.35.33:824][  0]LogInit: Applying CVar settings loaded from the selected device profile: [Windows]
[2017.02.06-10.35.33:877][  0]LogInit: Computer: STU-CZC625C1N2
[2017.02.06-10.35.33:877][  0]LogInit: User: mp2holmes
[2017.02.06-10.35.33:877][  0]LogInit: CPU Page size=65536, Cores=4
[2017.02.06-10.35.33:877][  0]LogInit: High frequency timer resolution =3.328120 MHz
[2017.02.06-10.35.33:878][  0]LogMemory: Memory total: Physical=31.9GB (32GB approx)
[2017.02.06-10.35.33:878][  0]LogMemory: Platform Memory Stats for Windows
[2017.02.06-10.35.33:878][  0]LogMemory: Process Physical Memory: 190.44 MB used, 190.44 MB peak
[2017.02.06-10.35.33:878][  0]LogMemory: Process Virtual Memory: 196.73 MB used, 196.73 MB peak
[2017.02.06-10.35.33:878][  0]LogMemory: Physical Memory: 7720.22 MB used, 32648.59 MB total
[2017.02.06-10.35.33:878][  0]LogMemory: Virtual Memory: 555.18 MB used, 134217728.00 MB total
[2017.02.06-10.35.33:914][  0]LogTextLocalizationManager: No specific translations for ('en-GB') exist, so ('en') translations will be used.
[2017.02.06-10.35.38:314][  0]LogD3D11RHI: D3D11 adapters:
[2017.02.06-10.35.38:521][  0]LogD3D11RHI:    0. 'NVIDIA GeForce GTX 1060 6GB' (Feature Level 11_0)
[2017.02.06-10.35.38:521][  0]LogD3D11RHI:       5981/0/16324 MB DedicatedVideo/DedicatedSystem/SharedSystem, Outputs:2, VendorId:0x10de
[2017.02.06-10.35.40:327][  0]LogD3D11RHI:    1. 'Intel(R) HD Graphics 530' (Feature Level 11_0)
[2017.02.06-10.35.40:327][  0]LogD3D11RHI:       128/0/3840 MB DedicatedVideo/DedicatedSystem/SharedSystem, Outputs:0, VendorId:0x8086
[2017.02.06-10.35.40:330][  0]LogD3D11RHI:    2. 'Microsoft Basic Render Driver' (Feature Level 11_0)
[2017.02.06-10.35.40:330][  0]LogD3D11RHI:       0/0/256 MB DedicatedVideo/DedicatedSystem/SharedSystem, Outputs:0, VendorId:0x1414
[2017.02.06-10.35.40:330][  0]LogD3D11RHI: Chosen D3D11 Adapter: 0
[2017.02.06-10.35.40:336][  0]LogD3D11RHI: Creating new Direct3DDevice
[2017.02.06-10.35.40:337][  0]LogD3D11RHI:     GPU DeviceId: 0x1c03 (for the marketing name, search the web for "GPU Device Id")
[2017.02.06-10.35.40:337][  0]LogWindows: EnumDisplayDevices:
[2017.02.06-10.35.40:337][  0]LogWindows:    0. 'NVIDIA GeForce GTX 1060 6GB' (P:0 D:1)
[2017.02.06-10.35.40:337][  0]LogWindows:    1. 'NVIDIA GeForce GTX 1060 6GB' (P:1 D:1)
[2017.02.06-10.35.40:337][  0]LogWindows:    2. 'NVIDIA GeForce GTX 1060 6GB' (P:0 D:0)
[2017.02.06-10.35.40:337][  0]LogWindows:    3. 'NVIDIA GeForce GTX 1060 6GB' (P:0 D:0)
[2017.02.06-10.35.40:337][  0]LogWindows:    4. 'Intel(R) HD Graphics 530' (P:0 D:0)
[2017.02.06-10.35.40:337][  0]LogWindows:    5. 'Intel(R) HD Graphics 530' (P:0 D:0)
[2017.02.06-10.35.40:338][  0]LogWindows:    6. 'Intel(R) HD Graphics 530' (P:0 D:0)
[2017.02.06-10.35.40:338][  0]LogWindows: DebugString: PrimaryIsNotTheChoosenAdapter PrimaryIsNotTheChoosenAdapter PrimaryIsNotTheChoosenAdapter FoundDriverCount:4 
[2017.02.06-10.35.40:338][  0]LogD3D11RHI:     Adapter Name: NVIDIA GeForce GTX 1060 6GB
[2017.02.06-10.35.40:338][  0]LogD3D11RHI:   Driver Version: 373.06 (internal:21.21.13.7306, unified:373.06)
[2017.02.06-10.35.40:338][  0]LogD3D11RHI:      Driver Date: 10-1-2016
[2017.02.06-10.35.40:338][  0]LogRHI: Texture pool is 1361 MB (70% of 1945 MB)
[2017.02.06-10.35.40:350][  0]LogD3D11RHI: Async texture creation enabled
[2017.02.06-10.35.40:366][  0]LogD3D11RHI: GPU Timing Frequency: 1000.000000 (Debug: 2 2)
[2017.02.06-10.35.40:366][  0]LogShaderCompilers: Guid format shader working directory is 26 characters bigger than the processId version (F:/Unreal 4/MyProject2/Intermediate/Shaders/WorkingDirectory/10500/).
[2017.02.06-10.35.40:366][  0]LogShaderCompilers: Cleaned the shader compiler working directory 'C:/Users/MP2-HO~1/AppData/Local/Temp/UnrealShaderWorkingDir/C2D3B52E4FFF124017E5A4AB7CA16B4F/'.
[2017.02.06-10.35.40:366][  0]LogShaderCompilers:Display: Using Local Shader Compiler.
[2017.02.06-10.35.41:136][  0]LogTemp:Display: Loaded TP AllDesktopTargetPlatform
[2017.02.06-10.35.41:176][  0]LogTemp:Display: Loaded TP WindowsClientTargetPlatform
[2017.02.06-10.35.41:210][  0]LogTemp:Display: Loaded TP WindowsNoEditorTargetPlatform
[2017.02.06-10.35.41:251][  0]LogTemp:Display: Loaded TP WindowsServerTargetPlatform
[2017.02.06-10.35.41:282][  0]LogTemp:Display: Loaded TP WindowsTargetPlatform
[2017.02.06-10.35.41:322][  0]LogTemp:Display: Loaded TP AndroidTargetPlatform
[2017.02.06-10.35.41:365][  0]LogTemp:Display: Loaded TP Android_ASTCTargetPlatform
[2017.02.06-10.35.41:416][  0]LogTemp:Display: Loaded TP Android_ATCTargetPlatform
[2017.02.06-10.35.41:528][  0]LogTemp:Display: Loaded TP Android_DXTTargetPlatform
[2017.02.06-10.35.41:564][  0]LogTemp:Display: Loaded TP Android_ETC1TargetPlatform
[2017.02.06-10.35.41:603][  0]LogTemp:Display: Loaded TP Android_ETC2TargetPlatform
[2017.02.06-10.35.41:665][  0]LogTemp:Display: Loaded TP Android_MultiTargetPlatform
[2017.02.06-10.35.41:665][  0]LogTemp:Display: Loaded TP Android_PVRTCTargetPlatform
[2017.02.06-10.35.41:666][  0]LogTemp:Display: Loaded TP HTML5TargetPlatform
[2017.02.06-10.35.41:708][  0]LogTemp:Display: Loaded TP IOSTargetPlatform
[2017.02.06-10.35.41:736][  0]LogTemp:Display: Loaded TP TVOSTargetPlatform
[2017.02.06-10.35.41:765][  0]LogTemp:Display: Loaded TP LinuxNoEditorTargetPlatform
[2017.02.06-10.35.41:808][  0]LogTemp:Display: Loaded TP LinuxServerTargetPlatform
[2017.02.06-10.35.41:837][  0]LogTemp:Display: Loaded TP LinuxTargetPlatform
[2017.02.06-10.35.41:837][  0]LogTargetPlatformManager:Display: Building Assets For Windows
[2017.02.06-10.35.41:980][  0]LogDerivedDataCache:Display: Max Cache Size: 512 MB
[2017.02.06-10.35.42:028][  0]LogDerivedDataCache: Loaded boot cache 0.05s 62MB C:/Users/mp2-holmes/AppData/Local/UnrealEngine/4.12/DerivedDataCache/Boot.ddc.
[2017.02.06-10.35.42:028][  0]LogDerivedDataCache:Display: Loaded Boot cache: C:/Users/mp2-holmes/AppData/Local/UnrealEngine/4.12/DerivedDataCache/Boot.ddc
[2017.02.06-10.35.42:028][  0]LogDerivedDataCache: FDerivedDataBackendGraph:  Pak pak cache file F:/Unreal 4/MyProject2/DerivedDataCache/DDC.ddp not found, will not use a pak cache.
[2017.02.06-10.35.42:028][  0]LogDerivedDataCache: Unable to find inner node Pak for hierarchical cache Hierarchy.
[2017.02.06-10.35.42:028][  0]LogDerivedDataCache: FDerivedDataBackendGraph:  CompressedPak pak cache file F:/Unreal 4/MyProject2/DerivedDataCache/Compressed.ddp not found, will not use a pak cache.
[2017.02.06-10.35.42:028][  0]LogDerivedDataCache: Unable to find inner node CompressedPak for hierarchical cache Hierarchy.
[2017.02.06-10.35.42:042][  0]LogDerivedDataCache:Display: Pak cache opened for reading ../../../Engine/DerivedDataCache/Compressed.ddp.
[2017.02.06-10.35.42:054][  0]LogDerivedDataCache: Using Local data cache path C:/Users/mp2-holmes/AppData/Local/UnrealEngine/Common/DerivedDataCache: Writable
[2017.02.06-10.35.42:192][  0]LogInit: Selected Device Profile: [Windows]
[2017.02.06-10.35.42:192][  0]LogContentStreaming: Texture pool size is 0.00 MB
[2017.02.06-10.35.42:356][  0]LogMeshUtilities: No automatic mesh reduction module available
[2017.02.06-10.35.42:356][  0]LogMeshUtilities: No automatic mesh merging module available
[2017.02.06-10.35.42:356][  0]LogMeshUtilities: No distributed automatic mesh merging module available
[2017.02.06-10.35.42:549][  0]LogAssetRegistry: FAssetRegistry took 0.0222 seconds to start up
[2017.02.06-10.35.43:659][  0]LogPackageLocalizationCache: Processed 3 localized package path(s) for 2 prioritized culture(s) in 1.106828 seconds
[2017.02.06-10.35.43:662][  0]LogUObjectArray: 28739 objects as part of root set at end of initial load.
[2017.02.06-10.35.43:662][  0]LogUObjectAllocator: 5855624 out of 0 bytes used by permanent object pool.
[2017.02.06-10.35.43:662][  0]LogUObjectArray: CloseDisregardForGC: 0/0 objects in disregard for GC pool
[2017.02.06-10.35.43:669][  0]LogInit: WinSock: version 1.1 (2.2), MaxSocks=32767, MaxUdp=65467
[2017.02.06-10.35.43:838][  0]LogSlate: SlateFontCache - WITH_FREETYPE: 1, WITH_HARFBUZZ: 1
[2017.02.06-10.35.43:838][  0]LogSlate: SlateFontCache - WITH_FREETYPE: 1, WITH_HARFBUZZ: 1
[2017.02.06-10.35.44:366][  0]LogUdpMessaging: Initializing bridge on interface 0.0.0.0:0 to multicast group 230.0.0.1:6666.
[2017.02.06-10.35.44:625][  0]SourceControl: Info Source control is disabled
[2017.02.06-10.35.44:856][  0]SourceControl: Info Source control is disabled
[2017.02.06-10.35.44:864][  0]SourceControl: Info Source control is disabled
[2017.02.06-10.35.44:871][  0]SourceControl: Info Source control is disabled
[2017.02.06-10.35.45:076][  0]LogEngine: Initializing Engine...
[2017.02.06-10.35.45:076][  0]LogHMD: SteamVR failed to initialize.  Err: 110
[2017.02.06-10.35.45:077][  0]LogHMD: SteamVR failed to initialize.  Err: 110
[2017.02.06-10.35.45:194][  0]LogAIModule: Creating AISystem for world NewWorld
[2017.02.06-10.35.45:198][  0]LogInit: XAudio2 using 'Speakers (Realtek High Definition Audio)' : 2 channels at 48 kHz using 32 bits per sample (channel mask 0x3)
[2017.02.06-10.35.45:209][  0]LogInit: FAudioDevice initialized.
[2017.02.06-10.35.45:236][  0]LogDerivedDataCache: Saved boot cache 0.03s 62MB C:/Users/mp2-holmes/AppData/Local/UnrealEngine/4.12/DerivedDataCache/Boot.ddc.
[2017.02.06-10.35.45:242][  0]LogInit: Texture streaming: Enabled
[2017.02.06-10.35.45:271][  0]LogInit: Transaction tracking system initialized
[2017.02.06-10.35.45:297][  0]BlueprintLog: New page: Editor Load
[2017.02.06-10.35.45:399][  0]LocalizationService: Info Localization service is disabled
[2017.02.06-10.35.45:460][  0]LogConsoleResponse:Display: 
[2017.02.06-10.35.45:572][  0]LogCook:Display: Max memory allowance for cook 8192mb
[2017.02.06-10.35.45:572][  0]LogCook:Display: Mobile HDR setting 1
[2017.02.06-10.35.47:878][  0]LogFileCache: Scanning file cache for directory 'F:/Unreal 4/MyProject2/Content/' took 0.02s
[2017.02.06-10.35.50:088][  0]SourceControl: Info Source control is disabled
[2017.02.06-10.35.50:088][  0]Cmd: MAP LOAD FILE="F:/Unreal 4/MyProject2/Content/FirstPersonBP/Maps/FirstPersonExampleMap.umap" TEMPLATE=0 SHOWPROGRESS=1 FEATURELEVEL=3
[2017.02.06-10.35.50:151][  0]LightingResults: New page: Lighting Build
[2017.02.06-10.35.50:161][  0]MapCheck: New page: Map Check
[2017.02.06-10.35.50:161][  0]LightingResults: New page: Lighting Build
[2017.02.06-10.35.55:898][  0]LogTexture:Display: Building textures: sapphire (AutoDXT)
[2017.02.06-10.35.55:947][  0]LogMaterial: Missing cached shader map for material sapphire_Mat, compiling. 
[2017.02.06-10.35.55:970][  0]LogMaterial: Missing cached shader map for material CubeMaterial, compiling. 
[2017.02.06-10.35.56:118][  0]LogTexture:Display: Building textures: WhiteRedPaper (BGRA8)
[2017.02.06-10.35.56:204][  0]LogMaterial: Missing cached shader map for material WhiteRedPaperMAT, compiling. 
[2017.02.06-10.35.56:259][  0]LogTexture:Display: Building textures: RedPaper (AutoDXT)
[2017.02.06-10.35.56:448][  0]LogMaterial: Missing cached shader map for material RedPaperMat, compiling. 
[2017.02.06-10.35.56:622][  0]LogTexture:Display: Building textures: Jade (AutoDXT)
[2017.02.06-10.35.57:216][  0]LogMaterial: Missing cached shader map for material Jade_Mat, compiling. 
[2017.02.06-10.35.58:130][  0]LogTexture:Display: Building textures: GreenPaper (BGRA8)
[2017.02.06-10.35.58:699][  0]LogMaterial: Missing cached shader map for material GreenPaperMat, compiling. 
[2017.02.06-10.36.00:354][  0]LogTexture:Display: Building textures: T_Metal_Gold_N (BC5)
[2017.02.06-10.36.01:253][  0]LogTexture:Display: Building textures: T_Metal_Gold_D (AutoDXT)
[2017.02.06-10.36.04:079][  0]LogTexture:Display: Building textures: T_MacroVariation (AutoDXT)
[2017.02.06-10.36.06:380][  0]LogTexture:Display: Building textures: UE4_Mannequin_MAT_MASKA (AutoDXT)
[2017.02.06-10.36.06:850][  0]LogTexture:Display: Building textures: UE4_Mannequin__normals (BC5)
[2017.02.06-10.36.07:498][  0]LogTexture:Display: Building textures: T_ML_Aluminum01_N (BC5)
[2017.02.06-10.36.09:516][  0]LogTexture:Display: Building textures: T_ML_Aluminum01 (AutoDXT)
[2017.02.06-10.36.11:283][  0]LogTexture:Display: Building textures: UE4_LOGO_CARD (AutoDXT)
[2017.02.06-10.36.11:328][  0]LogTexture:Display: Building textures: arrow_wrapping_paper (BGRA8)
[2017.02.06-10.36.11:333][  0]LogMaterial: Missing cached shader map for material ArrowMat, compiling. 
[2017.02.06-10.36.11:670][  0]LogTexture:Display: Building textures: T_Chair_N (BC5)
[2017.02.06-10.36.12:072][  0]LogTexture:Display: Building textures: T_Chair_M (AutoDXT)
[2017.02.06-10.36.12:744][  0]LogTexture:Display: Building textures: T_Spark_Core (AutoDXT)
[2017.02.06-10.36.13:181][  0]LogTexture:Display: Building textures: T_ML_Rubber_Blue_01_N (BC5)
[2017.02.06-10.36.13:827][  0]LogTexture:Display: Building textures: T_ML_Rubber_Blue_01_D (AutoDXT)
[2017.02.06-10.36.15:827][  0]LogTexture:Display: Building textures: T_FPGun_N (BC5)
[2017.02.06-10.36.16:091][  0]LogTexture:Display: Building textures: T_FPGun_M (AutoDXT)
[2017.02.06-10.36.16:696][  0]LogTexture:Display: Building textures: T_ML_Aluminum01_N (BC5)
[2017.02.06-10.36.17:434][  0]LogTexture:Display: Building textures: T_ML_Aluminum01 (AutoDXT)
[2017.02.06-10.36.19:553][  0]LogTexture:Display: Building textures: T_ML_Rubber_Blue_01_N (BC5)
[2017.02.06-10.36.20:179][  0]LogTexture:Display: Building textures: T_ML_Rubber_Blue_01_D (AutoDXT)
[2017.02.06-10.36.22:381][  0]LogTexture:Display: Building textures: Snow (AutoDXT)
[2017.02.06-10.36.22:446][  0]LogMaterial: Missing cached shader map for material SnowMat, compiling. 
[2017.02.06-10.36.22:490][  0]LogTexture:Display: Building textures: Texture2D_193 (BGRA8)
[2017.02.06-10.36.22:568][  0]LogTexture:Display: Building textures: HQ_Lightmap0_1 (AutoDXT)
[2017.02.06-10.36.22:834][  0]LogTexture:Display: Building textures: HQ_Lightmap0_2 (AutoDXT)
[2017.02.06-10.36.23:069][  0]LogTexture:Display: Building textures: HQ_Lightmap0_5 (AutoDXT)
[2017.02.06-10.36.23:090][  0]LogTexture:Display: Building textures: HQ_Lightmap0_7 (AutoDXT)
[2017.02.06-10.36.23:121][  0]LogTexture:Display: Building textures: HQ_Lightmap1_3 (AutoDXT)
[2017.02.06-10.36.23:145][  0]LogTexture:Display: Building textures: HQ_Lightmap1_4 (AutoDXT)
[2017.02.06-10.36.23:170][  0]LogTexture:Display: Building textures: HQ_Lightmap1_6 (AutoDXT)
[2017.02.06-10.36.23:238][  0]LogTexture:Display: Building textures: LQ_Lightmap_0_1 (DXT1)
[2017.02.06-10.36.23:382][  0]LogTexture:Display: Building textures: LQ_Lightmap_0_2 (DXT1)
[2017.02.06-10.36.23:522][  0]LogTexture:Display: Building textures: LQ_Lightmap_0_5 (DXT1)
[2017.02.06-10.36.23:543][  0]LogTexture:Display: Building textures: LQ_Lightmap_0_7 (DXT1)
[2017.02.06-10.36.23:564][  0]LogTexture:Display: Building textures: LQ_Lightmap_1_3 (DXT1)
[2017.02.06-10.36.23:588][  0]LogTexture:Display: Building textures: LQ_Lightmap_1_4 (DXT1)
[2017.02.06-10.36.23:625][  0]LogTexture:Display: Building textures: LQ_Lightmap_1_6 (DXT1)
[2017.02.06-10.36.23:671][  0]LogTexture:Display: Building textures: SkyOcclusion0_1 (AutoDXT)
[2017.02.06-10.36.23:764][  0]LogTexture:Display: Building textures: SkyOcclusion0_2 (AutoDXT)
[2017.02.06-10.36.23:825][  0]LogTexture:Display: Building textures: SkyOcclusion0_5 (AutoDXT)
[2017.02.06-10.36.23:845][  0]LogTexture:Display: Building textures: SkyOcclusion0_7 (AutoDXT)
[2017.02.06-10.36.23:862][  0]LogTexture:Display: Building textures: SkyOcclusion1_3 (AutoDXT)
[2017.02.06-10.36.23:886][  0]LogTexture:Display: Building textures: SkyOcclusion1_4 (AutoDXT)
[2017.02.06-10.36.23:901][  0]LogTexture:Display: Building textures: SkyOcclusion1_6 (AutoDXT)
[2017.02.06-10.36.23:925][  0]LogTexture:Display: Building textures: T_Smoke_Tiled_D (AutoDXT)
[2017.02.06-10.36.23:955][  0]LogTexture:Display: Building textures: smoketext (AutoDXT)
[2017.02.06-10.36.23:997][  0]LogMaterial: Missing cached shader map for material M_Fire, compiling. 
[2017.02.06-10.36.24:256][  0]LogTexture:Display: Building textures: T_Smoke_SubUV (AutoDXT)
[2017.02.06-10.36.25:773][  0]LogTexture:Display: Building textures: snowFlake_ (AutoDXT)
[2017.02.06-10.36.25:789][  0]LogMaterial: Missing cached shader map for material SnowFlake_matUnlit, compiling. 
[2017.02.06-10.36.25:805][  0]LogMaterial: Missing cached shader map for material SnowFlake_mat, compiling. 
[2017.02.06-10.36.25:847][  0]LogMaterial: Missing cached shader map for material Snow_ParticleMatUnlit, compiling. 
[2017.02.06-10.36.25:861][  0]LogMaterial: Missing cached shader map for material Snow_ParticleMat, compiling. 
[2017.02.06-10.36.25:897][  0]LogTexture:Display: Building textures: ShadowMapTexture2D_0 (G8)
[2017.02.06-10.36.25:915][  0]LogTexture:Display: Building textures: ShadowMapTexture2D_1 (G8)
[2017.02.06-10.36.25:919][  0]LogTexture:Display: Building textures: ShadowMapTexture2D_12 (G8)
[2017.02.06-10.36.25:920][  0]LogTexture:Display: Building textures: ShadowMapTexture2D_13 (G8)
[2017.02.06-10.36.25:922][  0]LogTexture:Display: Building textures: ShadowMapTexture2D_2 (G8)
[2017.02.06-10.36.25:924][  0]LogTexture:Display: Building textures: ShadowMapTexture2D_3 (G8)
[2017.02.06-10.36.25:924][  0]LogTexture:Display: Building textures: ShadowMapTexture2D_4 (G8)
[2017.02.06-10.36.25:925][  0]LogTexture:Display: Building textures: ShadowMapTexture2D_5 (G8)
[2017.02.06-10.36.25:942][  0]LogStaticMesh: Building static mesh candy_cane...
[2017.02.06-10.36.25:952][  0]LogStaticMesh: Built static mesh [0.01s] /Game/FirstPerson/Props/candy_cane.candy_cane
[2017.02.06-10.36.25:981][  0]LogTexture:Display: Building textures: Texture2D_0 (BGRA8)
[2017.02.06-10.36.25:981][  0]LogTexture:Display: Building textures: Texture2D_1 (BGRA8)
[2017.02.06-10.36.26:152][  0]LogTexture:Display: Building textures: gingerbread_tileing_texture (AutoDXT)
[2017.02.06-10.36.28:189][  0]LogMaterial: Missing cached shader map for material gingerbread_tileing_texture_Mat, compiling. 
[2017.02.06-10.36.28:226][  0]LogTexture:Display: Building textures: FirstPersonCrosshair (AutoDXT)
[2017.02.06-10.36.28:479][  0]LogTexture:Display: Building textures: chocolate-texture (AutoDXT)
[2017.02.06-10.36.30:707][  0]LogMaterial: Missing cached shader map for material chocolate-texture_Mat, compiling. 
[2017.02.06-10.36.30:794][  0]LogTexture:Display: Building textures: T_Tech_Hex_Tile_N (BC5)
[2017.02.06-10.36.30:911][  0]LogTexture:Display: Building textures: T_Tech_Hex_Tile_M (AutoDXT)
[2017.02.06-10.36.31:124][  0]LogTexture:Display: Building textures: Palette (AutoDXT)
[2017.02.06-10.36.31:162][  0]LogMaterial: Missing cached shader map for material Palette_Mat, compiling. 
[2017.02.06-10.36.31:255][  0]LogTexture:Display: Building textures: woodFlooringTexture (BGRA8)
[2017.02.06-10.36.31:340][  0]LogMaterial: Missing cached shader map for material woodFlooringTexture_Mat, compiling. 
[2017.02.06-10.36.31:359][  0]LogMaterial: Missing cached shader map for material WhiteRedPaper_Mat, compiling. 
[2017.02.06-10.36.31:427][  0]LogTexture:Display: Building textures: candy_stripe_2_by_r2krw9 (AutoDXT)
[2017.02.06-10.36.32:077][  0]LogMaterial: Missing cached shader map for material candy_stripe_2_by_r2krw9_Mat, compiling. 
[2017.02.06-10.36.32:136][  0]LogTexture:Display: Building textures: -old-wood-flooring_texture (BGRA8)
[2017.02.06-10.36.32:177][  0]LogMaterial: Missing cached shader map for material -old-wood-flooring_texture_Mat, compiling. 
[2017.02.06-10.36.32:197][  0]LogTexture:Display: Building textures: gingerbread_texture (BGRA8)
[2017.02.06-10.36.32:204][  0]LogMaterial: Missing cached shader map for material gingerbread_texture_Mat, compiling. 
[2017.02.06-10.36.32:225][  0]LogTexture:Display: Building textures: RedText (AutoDXT)
[2017.02.06-10.36.32:273][  0]LogTexture:Display: Building textures: Green (BGRA8)
[2017.02.06-10.36.32:499][  0]LogMaterial: Missing cached shader map for material Green, compiling. 
[2017.02.06-10.36.32:520][  0]LogMaterial: Missing cached shader map for material Red, compiling. 
[2017.02.06-10.36.32:681][  0]LogTexture:Display: Building textures: T_TableRound_N (BC5)
[2017.02.06-10.36.33:108][  0]LogTexture:Display: Building textures: T_TableRound_M (DXT1)
[2017.02.06-10.36.33:657][  0]LogTexture:Display: Building textures: ThumbnailTexture (DXT1)
[2017.02.06-10.36.33:690][  0]LogAudioDerivedData:Display: Building compressed audio format OGG wave Wind_sound_effect_2_-_snow_storm...
[2017.02.06-10.36.37:340][  0]LogAudioDerivedData:Display: Building compressed audio format OGG wave 256345_jagadamba_robotic-droid-vocal-countdown-10...
[2017.02.06-10.36.38:075][  0]LogTexture:Display: Building textures: T_Wood_Pine_D (AutoDXT)
[2017.02.06-10.36.40:627][  0]LogTexture:Display: Building textures: T_Wood_Pine_N (BC5)
[2017.02.06-10.36.40:939][  0]LogMaterial: Missing cached shader map for material T_Wood_Pine_Mat, compiling. 
[2017.02.06-10.36.41:426][  0]LogTexture:Display: Building textures: T_Perlin_Noise_M (AutoDXT)
[2017.02.06-10.36.43:438][  0]LogMaterial: Missing cached shader map for material M_Wood_Pine, compiling. 
[2017.02.06-10.36.43:513][  0]LogAIModule: Creating AISystem for world FirstPersonExampleMap
[2017.02.06-10.36.43:640][  0]LogTexture:Display: Building textures: S_AudioComponent (BGRA8)
[2017.02.06-10.36.43:887][  0]LogEditorServer: Finished looking for orphan Actors (0.000 secs)
[2017.02.06-10.36.43:887][  0]Cmd: MAP CHECKDEP NOCLEARLOG
[2017.02.06-10.36.45:769][  0]MapCheck: Info Map check complete: 0 Error(s), 0 Warning(s), took 1,881.04ms to complete.
[2017.02.06-10.36.45:769][  0]LogFileHelpers: Loading map 'FirstPersonExampleMap' took 55.682
[2017.02.06-10.36.46:172][  0]LogCollectionManager: Loaded 0 collections in 0.002832 seconds
[2017.02.06-10.36.46:218][  0]LogFileCache: Scanning file cache for directory 'F:/Unreal 4/MyProject2/Saved/Collections/' took 0.01s
[2017.02.06-10.36.46:218][  0]LogFileCache: Scanning file cache for directory 'F:/Unreal 4/MyProject2/Content/Developers/mp2holmes/Collections/' took 0.01s
[2017.02.06-10.36.46:218][  0]LogFileCache: Scanning file cache for directory 'F:/Unreal 4/MyProject2/Content/Collections/' took 0.01s
[2017.02.06-10.36.46:218][  0]LogCollectionManager: Rebuilt the GUID cache for 0 collections in 0.000003 seconds
[2017.02.06-10.36.46:227][  0]LogContentBrowser: Native class hierarchy populated in 0.0095 seconds. Added 2047 classes and 369 folders.
[2017.02.06-10.36.46:233][  0]LogStats: UGameplayTagsManager::ConstructGameplayTagTree: Construct from data asset -  0.000 s
[2017.02.06-10.36.46:233][  0]LogStats: UGameplayTagsManager::ConstructGameplayTagTree: GameplayTagTreeChangedEvent.Broadcast -  0.000 s
[2017.02.06-10.36.46:234][  0]LogContentBrowser: Native class hierarchy updated for 'GameplayTags' in 0.0008 seconds. Added 12 classes and 0 folders.
[2017.02.06-10.36.46:242][  0]LogContentBrowser: Native class hierarchy updated for 'WidgetCarousel' in 0.0007 seconds. Added 0 classes and 0 folders.
[2017.02.06-10.36.46:284][  0]LogContentBrowser: Native class hierarchy updated for 'AddContentDialog' in 0.0009 seconds. Added 0 classes and 0 folders.
[2017.02.06-10.36.46:290][  0]LogContentBrowser: Native class hierarchy updated for 'SceneOutliner' in 0.0008 seconds. Added 1 classes and 2 folders.
[2017.02.06-10.36.46:313][  0]LogCrashTracker: Crashtracker disabled due to settings.
[2017.02.06-10.36.46:372][  0]LogContentBrowser: Native class hierarchy updated for 'HierarchicalLODOutliner' in 0.0009 seconds. Added 1 classes and 2 folders.
[2017.02.06-10.36.46:373][  0]LogLoad: Full Startup: 73.98 seconds (BP compile: 0.25 seconds)
[2017.02.06-10.36.46:373][  0]LogExternalProfiler: Found external profiler: VSPerf
[2017.02.06-10.36.46:373][  0]LogExternalProfiler: Using external profiler: VSPerf
[2017.02.06-10.36.46:712][  0]LogOcInput: OculusInput pre-init called
[2017.02.06-10.36.46:729][  0]LogContentStreaming: Texture pool size now 1000 MB
[2017.02.06-10.36.46:890][  0]LogRenderer: Reallocating scene render targets to support 1208x576 (Frame:2).
[2017.02.06-10.36.47:056][  1]Cmd: UpdateLandscapeEditorData -warnings
[2017.02.06-10.36.47:083][  1]LogAssetRegistry: Asset discovery search completed in 64.5566 seconds
[2017.02.06-10.36.47:083][  1]LogCollectionManager: Rebuilt the object cache for 0 collections in 0.000001 seconds (found 0 objects)
[2017.02.06-10.36.47:083][  1]LogCollectionManager: Fixed up redirectors for 0 collections in 0.000025 seconds (updated 0 objects)
[2017.02.06-10.38.13:711][731]LogBlueprintUserMessages: Early PlayInEditor Detection: Level '/Game/FirstPersonBP/Maps/FirstPersonExampleMap.FirstPersonExampleMap:PersistentLevel' has LevelScriptBlueprint '/Game/FirstPersonBP/Maps/FirstPersonExampleMap.FirstPersonExampleMap:PersistentLevel.FirstPersonExampleMap' with GeneratedClass '/Game/FirstPersonBP/Maps/FirstPersonExampleMap.FirstPersonExampleMap_C' with ClassGeneratedBy '/Game/FirstPersonBP/Maps/FirstPersonExampleMap.FirstPersonExampleMap:PersistentLevel.FirstPersonExampleMap'
[2017.02.06-10.38.13:711][731]LogPlayLevel: PlayLevel: No blueprints needed recompiling
[2017.02.06-10.38.13:716][731]PIE: New page: PIE session: FirstPersonExampleMap (6 Feb 2017 10:38:13)
[2017.02.06-10.38.13:716][731]LogPlayLevel: Creating play world package: /Game/FirstPersonBP/Maps/UEDPIE_0_FirstPersonExampleMap
[2017.02.06-10.38.13:802][731]LogPlayLevel: PIE: StaticDuplicateObject took: (0.085992s)
[2017.02.06-10.38.13:803][731]LogAIModule: Creating AISystem for world FirstPersonExampleMap
[2017.02.06-10.38.13:803][731]LogPlayLevel: PIE: World Init took: (0.000906s)
[2017.02.06-10.38.13:803][731]LogPlayLevel: PIE: Created PIE world by copying editor world from /Game/FirstPersonBP/Maps/FirstPersonExampleMap.FirstPersonExampleMap to /Game/FirstPersonBP/Maps/UEDPIE_0_FirstPersonExampleMap.FirstPersonExampleMap (0.087487s)
[2017.02.06-10.38.13:842][731]LogInit: XAudio2 using 'Speakers (Realtek High Definition Audio)' : 2 channels at 48 kHz using 32 bits per sample (channel mask 0x3)
[2017.02.06-10.38.13:850][731]LogInit: FAudioDevice initialized.
[2017.02.06-10.38.13:912][731]LogWorld: Game class is 'FirstPersonGameMode_C'
[2017.02.06-10.38.14:137][731]LogWorld: Bringing World /Game/FirstPersonBP/Maps/UEDPIE_0_FirstPersonExampleMap.FirstPersonExampleMap up for play (max tick rate 0) at 2017.02.06-10.38.14
[2017.02.06-10.38.14:147][731]LogWorld: Bringing up level for play took: 0.233187
[2017.02.06-10.38.14:153][731]LogContentBrowser: Native class hierarchy updated for 'MovieSceneCapture' in 0.0012 seconds. Added 11 classes and 0 folders.
[2017.02.06-10.38.14:192][731]PIE: Info Play in editor start time for /Game/FirstPersonBP/Maps/UEDPIE_0_FirstPersonExampleMap -0.381
[2017.02.06-10.38.14:192][731]LogBlueprintUserMessages: Late PlayInEditor Detection: Level '/Game/FirstPersonBP/Maps/FirstPersonExampleMap.FirstPersonExampleMap:PersistentLevel' has LevelScriptBlueprint '/Game/FirstPersonBP/Maps/FirstPersonExampleMap.FirstPersonExampleMap:PersistentLevel.FirstPersonExampleMap' with GeneratedClass '/Game/FirstPersonBP/Maps/FirstPersonExampleMap.FirstPersonExampleMap_C' with ClassGeneratedBy '/Game/FirstPersonBP/Maps/FirstPersonExampleMap.FirstPersonExampleMap:PersistentLevel.FirstPersonExampleMap'
[2017.02.06-10.38.14:257][731]LogRenderer: Reallocating scene render targets to support 1292x756 (Frame:225).
[2017.02.06-10.40.05:496][558]LogSpawn:Warning: SpawnActor failed because of collision at the spawn location [X=-1299.184 Y=2559.964 Z=-198.089] for [FirstPersonProjectile_C]
[2017.02.06-10.40.05:725][574]LogSpawn:Warning: SpawnActor failed because of collision at the spawn location [X=-1289.315 Y=2560.880 Z=-197.173] for [FirstPersonProjectile_C]
[2017.02.06-10.40.17:324][341]LogSpawn:Warning: SpawnActor failed because of collision at the spawn location [X=-1483.957 Y=2364.694 Z=-222.245] for [FirstPersonProjectile_C]
[2017.02.06-10.40.17:567][360]LogSpawn:Warning: SpawnActor failed because of collision at the spawn location [X=-1488.250 Y=2375.171 Z=-217.964] for [FirstPersonProjectile_C]
[2017.02.06-10.40.18:245][413]LogSpawn:Warning: SpawnActor failed because of collision at the spawn location [X=-1327.348 Y=2377.965 Z=-180.991] for [FirstPersonProjectile_C]
[2017.02.06-10.40.18:474][431]LogSpawn:Warning: SpawnActor failed because of collision at the spawn location [X=-1361.339 Y=2409.960 Z=-192.869] for [FirstPersonProjectile_C]
[2017.02.06-10.40.18:700][449]LogSpawn:Warning: SpawnActor failed because of collision at the spawn location [X=-1320.420 Y=2397.397 Z=-190.491] for [FirstPersonProjectile_C]
[2017.02.06-10.40.18:918][466]LogSpawn:Warning: SpawnActor failed because of collision at the spawn location [X=-1322.352 Y=2410.842 Z=-192.063] for [FirstPersonProjectile_C]
[2017.02.06-10.40.19:124][481]LogSpawn:Warning: SpawnActor failed because of collision at the spawn location [X=-1310.899 Y=2406.078 Z=-185.930] for [FirstPersonProjectile_C]
[2017.02.06-10.40.19:574][514]LogCharacterMovement: FirstPersonCharacter_C_1 is stuck and failed to move! Velocity: X=-8.552 Y=-27.236 Z=0.000 Location: X=-1409.574 Y=2311.732 Z=-169.464 Normal: X=-0.905 Y=-0.425 Z=0.014 PenetrationDepth:0.103 Actor:SM_TableRound_41 Component:StaticMeshComponent0 BoneName:None
[2017.02.06-10.40.19:588][515]LogCharacterMovement: FirstPersonCharacter_C_1 is stuck and failed to move! Velocity: X=-16.255 Y=-53.479 Z=0.000 Location: X=-1409.574 Y=2311.732 Z=-169.464 Normal: X=-0.908 Y=-0.419 Z=0.015 PenetrationDepth:0.162 Actor:SM_TableRound_41 Component:StaticMeshComponent0 BoneName:None
[2017.02.06-10.40.19:601][516]LogCharacterMovement: FirstPersonCharacter_C_1 is stuck and failed to move! Velocity: X=-23.194 Y=-80.356 Z=0.000 Location: X=-1409.574 Y=2311.732 Z=-169.464 Normal: X=-0.911 Y=-0.412 Z=0.016 PenetrationDepth:0.253 Actor:SM_TableRound_41 Component:StaticMeshComponent0 BoneName:None
[2017.02.06-10.40.19:615][517]LogCharacterMovement: FirstPersonCharacter_C_1 is stuck and failed to move! Velocity: X=-29.232 Y=-108.179 Z=0.000 Location: X=-1409.574 Y=2311.732 Z=-169.464 Normal: X=-0.902 Y=-0.432 Z=0.018 PenetrationDepth:0.266 Actor:SM_TableRound_41 Component:StaticMeshComponent0 BoneName:None
[2017.02.06-10.40.19:629][518]LogCharacterMovement: FirstPersonCharacter_C_1 is stuck and failed to move! Velocity: X=-33.777 Y=-136.292 Z=0.000 Location: X=-1409.574 Y=2311.732 Z=-169.464 Normal: X=-0.888 Y=-0.460 Z=0.020 PenetrationDepth:0.275 Actor:SM_TableRound_41 Component:StaticMeshComponent0 BoneName:None
[2017.02.06-10.40.19:730][525]LogSpawn:Warning: SpawnActor failed because of collision at the spawn location [X=-1379.187 Y=2410.427 Z=-234.830] for [FirstPersonProjectile_C]
[2017.02.06-10.40.20:021][546]LogSpawn:Warning: SpawnActor failed because of collision at the spawn location [X=-1354.354 Y=2386.485 Z=-202.937] for [FirstPersonProjectile_C]
[2017.02.06-10.40.20:526][582]LogSpawn:Warning: SpawnActor failed because of collision at the spawn location [X=-1358.642 Y=2398.520 Z=-201.157] for [FirstPersonProjectile_C]
[2017.02.06-10.40.20:764][598]LogSpawn:Warning: SpawnActor failed because of collision at the spawn location [X=-1330.324 Y=2357.353 Z=-202.936] for [FirstPersonProjectile_C]
[2017.02.06-10.42.00:779][741]LogGameMode: ProcessServerTravel: ?Restart
[2017.02.06-10.42.00:793][742]LogEngine: Server switch level: ?Restart
[2017.02.06-10.42.00:793][742]LogNet: Browse: /Game/FirstPersonBP/Maps/FirstPersonExampleMap?Restart
[2017.02.06-10.42.00:807][742]LogLoad: LoadMap: /Game/FirstPersonBP/Maps/FirstPersonExampleMap
[2017.02.06-10.42.00:832][742]Cmd: MEM
[2017.02.06-10.42.00:840][742]LogMemory: Platform Memory Stats for Windows
[2017.02.06-10.42.00:840][742]LogMemory: Process Physical Memory: 1317.27 MB used, 1474.86 MB peak
[2017.02.06-10.42.00:840][742]LogMemory: Process Virtual Memory: 2016.58 MB used, 2055.09 MB peak
[2017.02.06-10.42.00:840][742]LogMemory: Physical Memory: 8028.18 MB used, 32648.59 MB total
[2017.02.06-10.42.00:840][742]LogMemory: Virtual Memory: 2721.73 MB used, 134217728.00 MB total
[2017.02.06-10.42.00:840][742]LogMemory: 
[2017.02.06-10.42.00:840][742]Allocator Stats for TBB: (not implemented)
[2017.02.06-10.42.00:840][742]LogPlayLevel: Creating play world package: /Game/FirstPersonBP/Maps/UEDPIE_0_FirstPersonExampleMap
[2017.02.06-10.42.00:925][742]LogPlayLevel: PIE: StaticDuplicateObject took: (0.084065s)
[2017.02.06-10.42.00:926][742]LogAIModule: Creating AISystem for world FirstPersonExampleMap
[2017.02.06-10.42.00:926][742]LogPlayLevel: PIE: World Init took: (0.001152s)
[2017.02.06-10.42.00:926][742]LogPlayLevel: PIE: Created PIE world by copying editor world from /Game/FirstPersonBP/Maps/FirstPersonExampleMap.FirstPersonExampleMap to /Game/FirstPersonBP/Maps/UEDPIE_0_FirstPersonExampleMap.FirstPersonExampleMap (0.085652s)
[2017.02.06-10.42.00:926][742]LogWorld: Game class is 'FirstPersonGameMode_C'
[2017.02.06-10.42.01:143][742]LogWorld: Bringing World /Game/FirstPersonBP/Maps/UEDPIE_0_FirstPersonExampleMap.FirstPersonExampleMap up for play (max tick rate 0) at 2017.02.06-10.42.01
[2017.02.06-10.42.01:153][742]LogWorld: Bringing up level for play took: 0.224112
[2017.02.06-10.42.01:158][742]LogLoad: Took 0.350332 seconds to LoadMap(/Game/FirstPersonBP/Maps/UEDPIE_0_FirstPersonExampleMap)
[2017.02.06-10.42.05:085][185]LogBlueprintUserMessages: Early EndPlayMap Detection: Level '/Game/FirstPersonBP/Maps/FirstPersonExampleMap.FirstPersonExampleMap:PersistentLevel' has LevelScriptBlueprint '/Game/FirstPersonBP/Maps/FirstPersonExampleMap.FirstPersonExampleMap:PersistentLevel.FirstPersonExampleMap' with GeneratedClass '/Game/FirstPersonBP/Maps/FirstPersonExampleMap.FirstPersonExampleMap_C' with ClassGeneratedBy '/Game/FirstPersonBP/Maps/FirstPersonExampleMap.FirstPersonExampleMap:PersistentLevel.FirstPersonExampleMap'
[2017.02.06-10.42.05:280][185]LogBlueprintUserMessages: Late EndPlayMap Detection: Level '/Game/FirstPersonBP/Maps/FirstPersonExampleMap.FirstPersonExampleMap:PersistentLevel' has LevelScriptBlueprint '/Game/FirstPersonBP/Maps/FirstPersonExampleMap.FirstPersonExampleMap:PersistentLevel.FirstPersonExampleMap' with GeneratedClass '/Game/FirstPersonBP/Maps/FirstPersonExampleMap.FirstPersonExampleMap_C' with ClassGeneratedBy '/Game/FirstPersonBP/Maps/FirstPersonExampleMap.FirstPersonExampleMap:PersistentLevel.FirstPersonExampleMap'
[2017.02.06-12.19.41:248][710]LogWindowsTextInputMethodSystem:Display: IME system now deactivated.
[2017.02.06-12.19.41:443][711]Cmd: QUIT_EDITOR
[2017.02.06-12.19.42:484][711]LogExit: Preparing to exit.
[2017.02.06-12.19.43:633][711]LogExit: Editor shut down
[2017.02.06-12.19.43:633][711]LogExit: Transaction tracking system shut down
[2017.02.06-12.19.43:751][711]LogObj: Freed 0b from 0 cluster array pools.
[2017.02.06-12.19.43:751][711]LogExit: Object subsystem successfully closed.
[2017.02.06-12.19.43:761][711]LogD3D11RHI: Shutdown
[2017.02.06-12.19.43:761][711]LogD3D11RHI: CleanupD3DDevice
[2017.02.06-12.19.43:871][711]LogD3D11RHI: ~FD3D11DynamicRHI
[2017.02.06-12.19.43:881][711]LogModuleManager: Shutting down and abandoning module MovieSceneCapture (214)
[2017.02.06-12.19.43:881][711]LogModuleManager: Shutting down and abandoning module HierarchicalLODOutliner (213)
[2017.02.06-12.19.43:881][711]LogModuleManager: Shutting down and abandoning module CrashTracker (212)
[2017.02.06-12.19.43:881][711]LogModuleManager: Shutting down and abandoning module SceneOutliner (211)
[2017.02.06-12.19.43:881][711]LogModuleManager: Shutting down and abandoning module WidgetCarousel (210)
[2017.02.06-12.19.43:881][711]LogModuleManager: Shutting down and abandoning module AddContentDialog (209)
[2017.02.06-12.19.43:883][711]LogModuleManager: Shutting down and abandoning module GameplayTags (208)
[2017.02.06-12.19.43:883][711]LogModuleManager: Shutting down and abandoning module EditorWidgets (207)
[2017.02.06-12.19.43:883][711]LogModuleManager: Shutting down and abandoning module CollectionManager (206)
[2017.02.06-12.19.43:883][711]LogModuleManager: Shutting down and abandoning module StatsViewer (205)
[2017.02.06-12.19.43:883][711]LogModuleManager: Shutting down and abandoning module FoliageEdit (204)
[2017.02.06-12.19.43:883][711]LogModuleManager: Shutting down and abandoning module LandscapeEditor (203)
[2017.02.06-12.19.43:883][711]LogModuleManager: Shutting down and abandoning module SceneDepthPickerMode (202)
[2017.02.06-12.19.43:883][711]LogModuleManager: Shutting down and abandoning module ActorPickerMode (201)
[2017.02.06-12.19.43:883][711]LogModuleManager: Shutting down and abandoning module GeometryMode (200)
[2017.02.06-12.19.43:883][711]LogModuleManager: Shutting down and abandoning module TextureAlignMode (199)
[2017.02.06-12.19.43:883][711]LogModuleManager: Shutting down and abandoning module BspMode (198)
[2017.02.06-12.19.43:883][711]LogModuleManager: Shutting down and abandoning module HardwareSurvey (197)
[2017.02.06-12.19.43:883][711]LogModuleManager: Shutting down and abandoning module SequenceRecorderSections (196)
[2017.02.06-12.19.43:883][711]LogModuleManager: Shutting down and abandoning module SequenceRecorder (195)
[2017.02.06-12.19.43:883][711]LogModuleManager: Shutting down and abandoning module AutomationWorker (194)
[2017.02.06-12.19.43:883][711]LogModuleManager: Shutting down and abandoning module MatineeToLevelSequence (193)
[2017.02.06-12.19.43:883][711]LogModuleManager: Shutting down and abandoning module PlacementMode (192)
[2017.02.06-12.19.43:883][711]LogModuleManager: Shutting down and abandoning module LevelSequenceEditor (191)
[2017.02.06-12.19.43:883][711]LogModuleManager: Shutting down and abandoning module CharacterAI (190)
[2017.02.06-12.19.43:883][711]LogModuleManager: Shutting down and abandoning module SmartSnapping (189)
[2017.02.06-12.19.43:883][711]LogModuleManager: Shutting down and abandoning module SessionServices (188)
[2017.02.06-12.19.43:883][711]LogModuleManager: Shutting down and abandoning module ViewportSnapping (187)
[2017.02.06-12.19.43:883][711]LogModuleManager: Shutting down and abandoning module LogVisualizer (186)
[2017.02.06-12.19.43:883][711]LogModuleManager: Shutting down and abandoning module GameProjectGeneration (185)
[2017.02.06-12.19.43:883][711]LogModuleManager: Shutting down and abandoning module IntroTutorials (184)
[2017.02.06-12.19.43:883][711]LogModuleManager: Shutting down and abandoning module EditorLiveStreaming (183)
[2017.02.06-12.19.43:883][711]LogModuleManager: Shutting down and abandoning module IOSPlatformEditor (182)
[2017.02.06-12.19.43:883][711]LogModuleManager: Shutting down and abandoning module HTML5PlatformEditor (181)
[2017.02.06-12.19.43:883][711]LogModuleManager: Shutting down and abandoning module AndroidDeviceDetection (180)
[2017.02.06-12.19.43:931][711]LogModuleManager: Shutting down and abandoning module AndroidPlatformEditor (179)
[2017.02.06-12.19.43:931][711]LogModuleManager: Shutting down and abandoning module IOSRuntimeSettings (178)
[2017.02.06-12.19.43:931][711]LogModuleManager: Shutting down and abandoning module AndroidRuntimeSettings (177)
[2017.02.06-12.19.43:931][711]LogModuleManager: Shutting down and abandoning module MergeActors (176)
[2017.02.06-12.19.43:931][711]LogModuleManager: Shutting down and abandoning module SizeMap (175)
[2017.02.06-12.19.43:931][711]LogModuleManager: Shutting down and abandoning module TreeMap (174)
[2017.02.06-12.19.43:931][711]LogModuleManager: Shutting down and abandoning module ReferenceViewer (173)
[2017.02.06-12.19.43:931][711]LogModuleManager: Shutting down and abandoning module LocalizationService (172)
[2017.02.06-12.19.43:931][711]LogModuleManager: Shutting down and abandoning module LocalizationDashboard (171)
[2017.02.06-12.19.43:931][711]LogModuleManager: Shutting down and abandoning module HardwareTargeting (170)
[2017.02.06-12.19.43:931][711]LogModuleManager: Shutting down and abandoning module DeviceProfileEditor (169)
[2017.02.06-12.19.43:931][711]LogModuleManager: Shutting down and abandoning module UndoHistory (168)
[2017.02.06-12.19.43:931][711]LogModuleManager: Shutting down and abandoning module UserFeedback (167)
[2017.02.06-12.19.43:931][711]LogModuleManager: Shutting down and abandoning module XmlParser (166)
[2017.02.06-12.19.43:931][711]LogModuleManager: Shutting down and abandoning module Blutility (165)
[2017.02.06-12.19.43:931][711]LogModuleManager: Shutting down and abandoning module ProjectTargetPlatformEditor (164)
[2017.02.06-12.19.43:931][711]LogModuleManager: Shutting down and abandoning module ProjectSettingsViewer (163)
[2017.02.06-12.19.43:931][711]LogModuleManager: Shutting down and abandoning module InputBindingEditor (162)
[2017.02.06-12.19.43:932][711]LogModuleManager: Shutting down and abandoning module EditorSettingsViewer (161)
[2017.02.06-12.19.43:932][711]LogModuleManager: Shutting down and abandoning module SettingsEditor (160)
[2017.02.06-12.19.43:932][711]LogModuleManager: Shutting down and abandoning module ProjectLauncher (159)
[2017.02.06-12.19.43:932][711]LogModuleManager: Shutting down and abandoning module SessionFrontend (158)
[2017.02.06-12.19.43:932][711]LogModuleManager: Shutting down and abandoning module ProfilerClient (157)
[2017.02.06-12.19.43:932][711]LogModuleManager: Shutting down and abandoning module TargetDeviceServices (156)
[2017.02.06-12.19.43:932][711]LogModuleManager: Shutting down and abandoning module DeviceManager (155)
[2017.02.06-12.19.43:984][711]LogModuleManager: Shutting down and abandoning module AutomationController (154)
[2017.02.06-12.19.43:984][711]LogModuleManager: Shutting down and abandoning module AutomationWindow (153)
[2017.02.06-12.19.43:984][711]LogModuleManager: Shutting down and abandoning module Layers (152)
[2017.02.06-12.19.43:984][711]LogModuleManager: Shutting down and abandoning module ComponentVisualizers (151)
[2017.02.06-12.19.43:984][711]LogModuleManager: Shutting down and abandoning module DetailCustomizations (150)
[2017.02.06-12.19.43:984][711]LogModuleManager: Shutting down and abandoning module PackagesDialog (149)
[2017.02.06-12.19.43:984][711]LogModuleManager: Shutting down and abandoning module Persona (148)
[2017.02.06-12.19.43:984][711]LogModuleManager: Shutting down and abandoning module Kismet (147)
[2017.02.06-12.19.43:984][711]LogModuleManager: Shutting down and abandoning module GraphEditor (146)
[2017.02.06-12.19.43:984][711]LogModuleManager: Shutting down and abandoning module ClassViewer (145)
[2017.02.06-12.19.43:984][711]LogModuleManager: Shutting down and abandoning module Toolbox (144)
[2017.02.06-12.19.43:984][711]LogModuleManager: Shutting down and abandoning module ModuleUI (143)
[2017.02.06-12.19.43:984][711]LogModuleManager: Shutting down and abandoning module MovieSceneTools (142)
[2017.02.06-12.19.43:984][711]LogModuleManager: Shutting down and abandoning module OutputLog (141)
[2017.02.06-12.19.43:984][711]LogModuleManager: Shutting down and abandoning module GammaUI (140)
[2017.02.06-12.19.43:984][711]LogModuleManager: Shutting down and abandoning module Documentation (139)
[2017.02.06-12.19.43:984][711]LogModuleManager: Shutting down and abandoning module StreamingPauseRendering (138)
[2017.02.06-12.19.43:984][711]LogModuleManager: Shutting down and abandoning module AnalyticsET (137)
[2017.02.06-12.19.43:984][711]LogModuleManager: Shutting down and abandoning module Analytics (136)
[2017.02.06-12.19.43:984][711]LogModuleManager: Shutting down and abandoning module PortalServices (135)
[2017.02.06-12.19.43:984][711]LogModuleManager: Shutting down and abandoning module PortalRpc (134)
[2017.02.06-12.19.43:984][711]LogModuleManager: Shutting down and abandoning module MessagingRpc (133)
[2017.02.06-12.19.43:984][711]LogModuleManager: Shutting down and abandoning module GameplayDebugger (132)
[2017.02.06-12.19.43:984][711]LogModuleManager: Shutting down and abandoning module AITestSuite (131)
[2017.02.06-12.19.43:984][711]LogModuleManager: Shutting down and abandoning module AIModule (130)
[2017.02.06-12.19.43:984][711]LogModuleManager: Shutting down and abandoning module ProfilerService (129)
[2017.02.06-12.19.44:032][711]LogModuleManager: Shutting down and abandoning module TaskGraph (128)
[2017.02.06-12.19.44:032][711]LogModuleManager: Shutting down and abandoning module SlateRemote (127)
[2017.02.06-12.19.44:032][711]LogModuleManager: Shutting down and abandoning module SteamVRController (126)
[2017.02.06-12.19.44:032][711]LogModuleManager: Shutting down and abandoning module SteamVR (125)
[2017.02.06-12.19.44:032][711]LogModuleManager: Shutting down and abandoning module ProceduralMeshComponent (124)
[2017.02.06-12.19.44:032][711]LogModuleManager: Shutting down and abandoning module OculusLibrary (123)
[2017.02.06-12.19.44:032][711]LogModuleManager: Shutting down and abandoning module OculusInput (122)
[2017.02.06-12.19.44:032][711]LogModuleManager: Shutting down and abandoning module CustomMeshComponent (121)
[2017.02.06-12.19.44:032][711]LogModuleManager: Shutting down and abandoning module CableComponent (120)
[2017.02.06-12.19.44:032][711]LogModuleManager: Shutting down and abandoning module ArchVisCharacter (119)
[2017.02.06-12.19.44:032][711]LogModuleManager: Shutting down and abandoning module MediaPlayerEditor (118)
[2017.02.06-12.19.44:032][711]LogModuleManager: Shutting down and abandoning module HTML5Networking (117)
[2017.02.06-12.19.44:033][711]LogModuleManager: Shutting down and abandoning module SuperSearch (116)
[2017.02.06-12.19.44:033][711]LogModuleManager: Shutting down and abandoning module SuperSearchEditor (115)
[2017.02.06-12.19.44:033][711]LogModuleManager: Shutting down and abandoning module SpeedTreeImporter (114)
[2017.02.06-12.19.44:033][711]LogModuleManager: Shutting down and abandoning module PluginBrowser (113)
[2017.02.06-12.19.44:033][711]LogModuleManager: Shutting down and abandoning module EpicSurvey (112)
[2017.02.06-12.19.44:033][711]LogModuleManager: Shutting down and abandoning module DesktopPlatform (111)
[2017.02.06-12.19.44:033][711]LogModuleManager: Shutting down and abandoning module VisualStudioSourceCodeAccess (110)
[2017.02.06-12.19.44:033][711]LogModuleManager: Shutting down and abandoning module UObjectPlugin (109)
[2017.02.06-12.19.44:033][711]LogModuleManager: Shutting down and abandoning module SubversionSourceControl (108)
[2017.02.06-12.19.44:033][711]LogModuleManager: Shutting down and abandoning module PerforceSourceControl (107)
[2017.02.06-12.19.44:033][711]LogModuleManager: Shutting down and abandoning module SourceControl (106)
[2017.02.06-12.19.44:033][711]LogModuleManager: Shutting down and abandoning module GitSourceControl (105)
[2017.02.06-12.19.44:033][711]LogModuleManager: Shutting down and abandoning module LightPropagationVolumeEditor (104)
[2017.02.06-12.19.44:033][711]LogModuleManager: Shutting down and abandoning module PaperTiledImporter (103)
[2017.02.06-12.19.44:033][711]LogModuleManager: Shutting down and abandoning module PaperSpriteSheetImporter (102)
[2017.02.06-12.19.44:033][711]LogModuleManager: Shutting down and abandoning module MeshPaint (101)
[2017.02.06-12.19.44:033][711]LogModuleManager: Shutting down and abandoning module PixelInspectorModule (100)
[2017.02.06-12.19.44:033][711]LogModuleManager: Shutting down and abandoning module HotReload (99)
[2017.02.06-12.19.44:033][711]LogModuleManager: Shutting down and abandoning module MainFrame (98)
[2017.02.06-12.19.44:033][711]LogModuleManager: Shutting down and abandoning module LevelEditor (97)
[2017.02.06-12.19.44:033][711]LogModuleManager: Shutting down and abandoning module ContentBrowser (96)
[2017.02.06-12.19.44:034][711]LogModuleManager: Shutting down and abandoning module Paper2DEditor (95)
[2017.02.06-12.19.44:034][711]LogModuleManager: Shutting down and abandoning module UdpMessaging (94)
[2017.02.06-12.19.44:135][711]LogModuleManager: Shutting down and abandoning module LightPropagationVolumeRuntime (93)
[2017.02.06-12.19.44:135][711]LogModuleManager: Shutting down and abandoning module Paper2D (92)
[2017.02.06-12.19.44:135][711]LogModuleManager: Shutting down and abandoning module WindowsMoviePlayer (91)
[2017.02.06-12.19.44:135][711]LogModuleManager: Shutting down and abandoning module Media (90)
[2017.02.06-12.19.44:135][711]LogModuleManager: Shutting down and abandoning module WmfMedia (89)
[2017.02.06-12.19.44:135][711]LogModuleManager: Shutting down and abandoning module MediaAssets (88)
[2017.02.06-12.19.44:135][711]LogModuleManager: Shutting down and abandoning module GameLiveStreaming (87)
[2017.02.06-12.19.44:135][711]LogModuleManager: Shutting down and abandoning module GameplayTagsEditor (86)
[2017.02.06-12.19.44:135][711]LogModuleManager: Shutting down and abandoning module OnlineBlueprintSupport (85)
[2017.02.06-12.19.44:135][711]LogModuleManager: Shutting down and abandoning module VREditor (84)
[2017.02.06-12.19.44:135][711]LogModuleManager: Shutting down and abandoning module GameplayTasksEditor (83)
[2017.02.06-12.19.44:135][711]LogModuleManager: Shutting down and abandoning module PropertyEditor (82)
[2017.02.06-12.19.44:135][711]LogModuleManager: Shutting down and abandoning module BehaviorTreeEditor (81)
[2017.02.06-12.19.44:135][711]LogModuleManager: Shutting down and abandoning module FunctionalTesting (80)
[2017.02.06-12.19.44:135][711]LogModuleManager: Shutting down and abandoning module CollisionAnalyzer (79)
[2017.02.06-12.19.44:135][711]LogModuleManager: Shutting down and abandoning module Sequencer (78)
[2017.02.06-12.19.44:135][711]LogModuleManager: Shutting down and abandoning module WorkspaceMenuStructure (77)
[2017.02.06-12.19.44:135][711]LogModuleManager: Shutting down and abandoning module MessageLog (76)
[2017.02.06-12.19.44:135][711]LogModuleManager: Shutting down and abandoning module AssetTools (75)
[2017.02.06-12.19.44:135][711]LogModuleManager: Shutting down and abandoning module UMGEditor (74)
[2017.02.06-12.19.44:135][711]LogModuleManager: Shutting down and abandoning module UMG (73)
[2017.02.06-12.19.44:135][711]LogModuleManager: Shutting down and abandoning module SlateReflector (72)
[2017.02.06-12.19.44:135][711]LogModuleManager: Shutting down and abandoning module Slate (71)
[2017.02.06-12.19.44:135][711]LogModuleManager: Shutting down and abandoning module EditorStyle (70)
[2017.02.06-12.19.44:137][711]LogModuleManager: Shutting down and abandoning module SourceCodeAccess (69)
[2017.02.06-12.19.44:137][711]LogModuleManager: Shutting down and abandoning module HeadMountedDisplay (68)
[2017.02.06-12.19.44:137][711]LogModuleManager: Shutting down and abandoning module XAudio2 (67)
[2017.02.06-12.19.44:137][711]LogModuleManager: Shutting down and abandoning module Networking (65)
[2017.02.06-12.19.44:137][711]LogModuleManager: Shutting down and abandoning module Core (64)
[2017.02.06-12.19.44:137][711]LogModuleManager: Shutting down and abandoning module DirectoryWatcher (63)
[2017.02.06-12.19.44:137][711]LogModuleManager: Shutting down and abandoning module AssetRegistry (62)
[2017.02.06-12.19.53:658][711]LogModuleManager: Shutting down and abandoning module KismetCompiler (61)
[2017.02.06-12.19.53:658][711]LogModuleManager: Shutting down and abandoning module PhysXFormats (60)
[2017.02.06-12.19.53:658][711]LogModuleManager: Shutting down and abandoning module MeshUtilities (59)
[2017.02.06-12.19.53:658][711]LogModuleManager: Shutting down and abandoning module DerivedDataCache (58)
[2017.02.06-12.19.53:750][711]LogDerivedDataCache: Shutdown
[2017.02.06-12.19.53:750][711]LogModuleManager: Shutting down and abandoning module VulkanShaderFormat (57)
[2017.02.06-12.19.53:751][711]LogModuleManager: Shutting down and abandoning module ShaderFormatOpenGL (56)
[2017.02.06-12.19.53:751][711]LogModuleManager: Shutting down and abandoning module ShaderFormatD3D (55)
[2017.02.06-12.19.53:751][711]LogModuleManager: Shutting down and abandoning module MetalShaderFormat (54)
[2017.02.06-12.19.53:751][711]LogModuleManager: Shutting down and abandoning module TextureFormatUncompressed (53)
[2017.02.06-12.19.53:751][711]LogModuleManager: Shutting down and abandoning module TextureFormatPVR (52)
[2017.02.06-12.19.53:751][711]LogModuleManager: Shutting down and abandoning module TextureFormatIntelISPCTexComp (51)
[2017.02.06-12.19.53:751][711]LogModuleManager: Shutting down and abandoning module TextureFormatDXT (50)
[2017.02.06-12.19.53:751][711]LogModuleManager: Shutting down and abandoning module ImageWrapper (49)
[2017.02.06-12.19.53:751][711]LogModuleManager: Shutting down and abandoning module TextureFormatASTC (48)
[2017.02.06-12.19.53:751][711]LogModuleManager: Shutting down and abandoning module TextureFormatAndroid (47)
[2017.02.06-12.19.53:751][711]LogModuleManager: Shutting down and abandoning module AudioFormatOpus (46)
[2017.02.06-12.19.53:751][711]LogModuleManager: Shutting down and abandoning module AudioFormatOgg (45)
[2017.02.06-12.19.53:751][711]LogModuleManager: Shutting down and abandoning module AudioFormatADPCM (44)
[2017.02.06-12.19.53:751][711]LogModuleManager: Shutting down and abandoning module LinuxTargetPlatform (43)
[2017.02.06-12.19.53:751][711]LogModuleManager: Shutting down and abandoning module LinuxServerTargetPlatform (42)
[2017.02.06-12.19.53:751][711]LogModuleManager: Shutting down and abandoning module LinuxNoEditorTargetPlatform (41)
[2017.02.06-12.19.53:751][711]LogModuleManager: Shutting down and abandoning module TVOSTargetPlatform (40)
[2017.02.06-12.19.53:751][711]LogModuleManager: Shutting down and abandoning module Messaging (39)
[2017.02.06-12.19.53:751][711]LogModuleManager: Shutting down and abandoning module IOSTargetPlatform (38)
[2017.02.06-12.19.53:751][711]LogModuleManager: Shutting down and abandoning module HTML5TargetPlatform (37)
[2017.02.06-12.19.53:751][711]LogModuleManager: Shutting down and abandoning module Android_PVRTCTargetPlatform (36)
[2017.02.06-12.19.53:751][711]LogModuleManager: Shutting down and abandoning module Android_MultiTargetPlatform (35)
[2017.02.06-12.19.53:751][711]LogModuleManager: Shutting down and abandoning module Android_ETC2TargetPlatform (34)
[2017.02.06-12.19.53:751][711]LogModuleManager: Shutting down and abandoning module Android_ETC1TargetPlatform (33)
[2017.02.06-12.19.53:751][711]LogModuleManager: Shutting down and abandoning module Android_DXTTargetPlatform (32)
[2017.02.06-12.19.53:751][711]LogModuleManager: Shutting down and abandoning module Android_ATCTargetPlatform (31)
[2017.02.06-12.19.53:751][711]LogModuleManager: Shutting down and abandoning module Android_ASTCTargetPlatform (30)
[2017.02.06-12.19.53:751][711]LogModuleManager: Shutting down and abandoning module AndroidTargetPlatform (29)
[2017.02.06-12.19.53:751][711]LogModuleManager: Shutting down and abandoning module WindowsTargetPlatform (28)
[2017.02.06-12.19.53:751][711]LogModuleManager: Shutting down and abandoning module WindowsServerTargetPlatform (27)
[2017.02.06-12.19.53:751][711]LogModuleManager: Shutting down and abandoning module WindowsNoEditorTargetPlatform (26)
[2017.02.06-12.19.53:751][711]LogModuleManager: Shutting down and abandoning module WindowsClientTargetPlatform (25)
[2017.02.06-12.19.53:751][711]LogModuleManager: Shutting down and abandoning module AllDesktopTargetPlatform (24)
[2017.02.06-12.19.53:751][711]LogModuleManager: Shutting down and abandoning module TargetPlatform (23)
[2017.02.06-12.19.53:751][711]LogModuleManager: Shutting down and abandoning module InputCore (22)
[2017.02.06-12.19.53:751][711]LogModuleManager: Shutting down and abandoning module Settings (21)
[2017.02.06-12.19.53:751][711]LogModuleManager: Shutting down and abandoning module OnlineSubsystem (19)
[2017.02.06-12.19.53:751][711]LogModuleManager: Shutting down and abandoning module HTTP (18)
[2017.02.06-12.19.57:764][711]LogModuleManager: Shutting down and abandoning module XMPP (17)
[2017.02.06-12.19.57:764][711]LogModuleManager: Shutting down and abandoning module OculusRift (16)
[2017.02.06-12.19.57:764][711]LogModuleManager: Shutting down and abandoning module ExampleDeviceProfileSelector (15)
[2017.02.06-12.19.57:764][711]LogModuleManager: Shutting down and abandoning module TextureCompressor (14)
[2017.02.06-12.19.57:764][711]LogModuleManager: Shutting down and abandoning module ShaderCore (13)
[2017.02.06-12.19.57:764][711]LogModuleManager: Shutting down and abandoning module Landscape (12)
[2017.02.06-12.19.57:764][711]LogModuleManager: Shutting down and abandoning module SlateRHIRenderer (11)
[2017.02.06-12.19.57:764][711]LogModuleManager: Shutting down and abandoning module OpenGLDrv (10)
[2017.02.06-12.19.57:764][711]LogModuleManager: Shutting down and abandoning module D3D11RHI (9)
[2017.02.06-12.19.57:764][711]LogModuleManager: Shutting down and abandoning module AnimGraphRuntime (8)
[2017.02.06-12.19.57:764][711]LogModuleManager: Shutting down and abandoning module Renderer (7)
[2017.02.06-12.19.57:764][711]LogModuleManager: Shutting down and abandoning module Engine (6)
[2017.02.06-12.19.57:764][711]LogModuleManager: Shutting down and abandoning module CoreUObject (5)
[2017.02.06-12.19.57:764][711]LogModuleManager: Shutting down and abandoning module NetworkFile (4)
[2017.02.06-12.19.57:764][711]LogModuleManager: Shutting down and abandoning module StreamingFile (3)
[2017.02.06-12.19.57:764][711]LogModuleManager: Shutting down and abandoning module SandboxFile (2)
[2017.02.06-12.19.57:764][711]LogModuleManager: Shutting down and abandoning module PakFile (1)
[2017.02.06-12.19.57:766][711]LogExit: Exiting.
[2017.02.06-12.19.57:767][711]Log file closed, 02/06/17 12:19:57
