Log file open, 12/01/16 09:28:54
LogInit:Display: Running engine for game: MyProject2
LogPlatformFile: Not using cached read wrapper
LogInit:Display: RandInit(-1242295291) SRandInit(-1242295289).
LogTaskGraph: Started task graph with 4 named threads and 7 total threads with 1 sets of task threads.
LogStats: Stats thread started at 0.092474
LogInit: Version: 4.12.5-3039270+++UE4+Release-4.12
LogInit: API Version: 2992821
LogInit: Net Version: 3039270
LogDevObjectVersion: Number of dev versions registered: 13
LogDevObjectVersion:   Dev-Blueprints (B0D832E4-1F89-4F0D-ACCF-7EB736FD4AA2): 3
LogDevObjectVersion:   Dev-Build (E1C64328-A22C-4D53-A36C-8E866417BD8C): 0
LogDevObjectVersion:   Dev-Core (375EC13C-06E4-48FB-B500-84F0262A717E): 1
LogDevObjectVersion:   Dev-Editor (E4B068ED-F494-42E9-A231-DA0B2E46BB41): 2
LogDevObjectVersion:   Dev-Framework (CFFC743F-43B0-4480-9391-14DF171D2073): 6
LogDevObjectVersion:   Dev-Mobile (B02B49B5-BB20-44E9-A304-32B752E40360): 0
LogDevObjectVersion:   Dev-Networking (A4E4105C-59A1-49B5-A7C5-40C4547EDFEE): 0
LogDevObjectVersion:   Dev-Online (39C831C9-5AE6-47DC-9A44-9C173E1C8E7C): 0
LogDevObjectVersion:   Dev-Physics (78F01B33-EBEA-4F98-B9B4-84EACCB95AA2): 0
LogDevObjectVersion:   Dev-Platform (6631380F-2D4D-43E0-8009-CF276956A95A): 0
LogDevObjectVersion:   Dev-Rendering (12F88B9F-8875-4AFC-A67C-D90C383ABD29): 2
LogDevObjectVersion:   Dev-Sequencer (7B5AE74C-D270-4C10-A958-57980B212A5A): 0
LogDevObjectVersion:   Dev-VR (D7296918-1DD6-4BDD-9DE2-64A83CC13884): 0
LogInit: Compiled (64-bit): Jul  6 2016 09:09:46
LogInit: Compiled with Visual C++: 19.00.23026.00
LogInit: Build Configuration: Development
LogInit: Branch Name: ++UE4+Release-4.12
LogInit: Command line:  
LogInit: Base directory: C:/Program Files (x86)/Epic Games/4.12/Engine/Binaries/Win64/
LogInit: Installed Engine Build: 1
LogInit: Using libcurl 7.41.0
LogInit:  - built for x86_64-pc-win32
LogInit:  - supports SSL with WinSSL
LogInit:  - other features:
LogInit:      CURL_VERSION_SSL
LogInit:      CURL_VERSION_IPV6
LogInit:      CURL_VERSION_ASYNCHDNS
LogInit:      CURL_VERSION_LARGEFILE
LogInit:      CURL_VERSION_IDN
LogInit:  CurlRequestOptions (configurable via config and command line):
LogInit:  - bVerifyPeer = true  - Libcurl will verify peer certificate
LogInit:  - bUseHttpProxy = false  - Libcurl will NOT use HTTP proxy
LogInit:  - bDontReuseConnections = false  - Libcurl will reuse connections
LogInit:  - CertBundlePath = nullptr  - Libcurl will use whatever was configured at build time.
LogInit: Presizing for max 8388607 objects, including 0 objects not considered by GC, pre-allocating 0 bytes for permanent pool.
LogInit: Object subsystem initialized
[2016.12.01-09.29.02:387][  0]LogInit: Selected Device Profile: [Windows]
[2016.12.01-09.29.02:387][  0]LogInit: Applying CVar settings loaded from the selected device profile: [Windows]
[2016.12.01-09.29.14:823][  0]LogInit: Computer: STU-CZC625C1MP
[2016.12.01-09.29.14:823][  0]LogInit: User: mp2holmes
[2016.12.01-09.29.14:823][  0]LogInit: CPU Page size=65536, Cores=4
[2016.12.01-09.29.14:823][  0]LogInit: High frequency timer resolution =3.328122 MHz
[2016.12.01-09.29.14:823][  0]LogMemory: Memory total: Physical=31.9GB (32GB approx)
[2016.12.01-09.29.14:823][  0]LogMemory: Platform Memory Stats for Windows
[2016.12.01-09.29.14:823][  0]LogMemory: Process Physical Memory: 190.26 MB used, 190.26 MB peak
[2016.12.01-09.29.14:823][  0]LogMemory: Process Virtual Memory: 196.17 MB used, 196.17 MB peak
[2016.12.01-09.29.14:823][  0]LogMemory: Physical Memory: 5485.16 MB used, 32648.59 MB total
[2016.12.01-09.29.14:823][  0]LogMemory: Virtual Memory: 549.36 MB used, 134217728.00 MB total
[2016.12.01-09.29.17:122][  0]LogTextLocalizationManager: No specific translations for ('en-GB') exist, so ('en') translations will be used.
[2016.12.01-09.29.21:779][  0]LogD3D11RHI: D3D11 adapters:
[2016.12.01-09.29.21:816][  0]LogD3D11RHI:    0. 'NVIDIA GeForce GTX 1060 6GB' (Feature Level 11_0)
[2016.12.01-09.29.21:816][  0]LogD3D11RHI:       5981/0/16324 MB DedicatedVideo/DedicatedSystem/SharedSystem, Outputs:1, VendorId:0x10de
[2016.12.01-09.29.21:838][  0]LogD3D11RHI:    1. 'Intel(R) HD Graphics 530' (Feature Level 11_0)
[2016.12.01-09.29.21:838][  0]LogD3D11RHI:       128/0/3840 MB DedicatedVideo/DedicatedSystem/SharedSystem, Outputs:1, VendorId:0x8086
[2016.12.01-09.29.21:840][  0]LogD3D11RHI:    2. 'Microsoft Basic Render Driver' (Feature Level 11_0)
[2016.12.01-09.29.21:840][  0]LogD3D11RHI:       0/0/256 MB DedicatedVideo/DedicatedSystem/SharedSystem, Outputs:0, VendorId:0x1414
[2016.12.01-09.29.21:841][  0]LogD3D11RHI: Chosen D3D11 Adapter: 0
[2016.12.01-09.29.21:846][  0]LogD3D11RHI: Creating new Direct3DDevice
[2016.12.01-09.29.21:846][  0]LogD3D11RHI:     GPU DeviceId: 0x1c03 (for the marketing name, search the web for "GPU Device Id")
[2016.12.01-09.29.21:846][  0]LogWindows: EnumDisplayDevices:
[2016.12.01-09.29.21:846][  0]LogWindows:    0. 'NVIDIA GeForce GTX 1060 6GB' (P:1 D:1)
[2016.12.01-09.29.21:846][  0]LogWindows:    1. 'NVIDIA GeForce GTX 1060 6GB' (P:0 D:0)
[2016.12.01-09.29.21:846][  0]LogWindows:    2. 'NVIDIA GeForce GTX 1060 6GB' (P:0 D:0)
[2016.12.01-09.29.21:846][  0]LogWindows:    3. 'NVIDIA GeForce GTX 1060 6GB' (P:0 D:0)
[2016.12.01-09.29.21:846][  0]LogWindows:    4. 'Intel(R) HD Graphics 530' (P:0 D:1)
[2016.12.01-09.29.21:846][  0]LogWindows:    5. 'Intel(R) HD Graphics 530' (P:0 D:0)
[2016.12.01-09.29.21:846][  0]LogWindows:    6. 'Intel(R) HD Graphics 530' (P:0 D:0)
[2016.12.01-09.29.21:847][  0]LogWindows: DebugString: PrimaryIsNotTheChoosenAdapter PrimaryIsNotTheChoosenAdapter PrimaryIsNotTheChoosenAdapter FoundDriverCount:4 
[2016.12.01-09.29.21:847][  0]LogD3D11RHI:     Adapter Name: NVIDIA GeForce GTX 1060 6GB
[2016.12.01-09.29.21:847][  0]LogD3D11RHI:   Driver Version: 373.06 (internal:21.21.13.7306, unified:373.06)
[2016.12.01-09.29.21:847][  0]LogD3D11RHI:      Driver Date: 10-1-2016
[2016.12.01-09.29.21:847][  0]LogRHI: Texture pool is 1361 MB (70% of 1945 MB)
[2016.12.01-09.29.21:862][  0]LogD3D11RHI: Async texture creation enabled
[2016.12.01-09.29.21:881][  0]LogD3D11RHI: GPU Timing Frequency: 1000.000000 (Debug: 2 2)
[2016.12.01-09.29.21:881][  0]LogShaderCompilers: Guid format shader working directory is 26 characters bigger than the processId version (F:/Unreal 4/MyProject2/Intermediate/Shaders/WorkingDirectory/13208/).
[2016.12.01-09.29.21:881][  0]LogShaderCompilers: Cleaned the shader compiler working directory 'C:/Users/MP2-HO~1/AppData/Local/Temp/UnrealShaderWorkingDir/2647A030466C95889EE9EE9BA720F8FE/'.
[2016.12.01-09.29.21:881][  0]LogShaderCompilers:Display: Using Local Shader Compiler.
[2016.12.01-09.29.22:585][  0]LogTemp:Display: Loaded TP AllDesktopTargetPlatform
[2016.12.01-09.29.22:598][  0]LogTemp:Display: Loaded TP WindowsClientTargetPlatform
[2016.12.01-09.29.22:612][  0]LogTemp:Display: Loaded TP WindowsNoEditorTargetPlatform
[2016.12.01-09.29.22:626][  0]LogTemp:Display: Loaded TP WindowsServerTargetPlatform
[2016.12.01-09.29.22:638][  0]LogTemp:Display: Loaded TP WindowsTargetPlatform
[2016.12.01-09.29.22:646][  0]LogTemp:Display: Loaded TP AndroidTargetPlatform
[2016.12.01-09.29.22:655][  0]LogTemp:Display: Loaded TP Android_ASTCTargetPlatform
[2016.12.01-09.29.22:663][  0]LogTemp:Display: Loaded TP Android_ATCTargetPlatform
[2016.12.01-09.29.22:673][  0]LogTemp:Display: Loaded TP Android_DXTTargetPlatform
[2016.12.01-09.29.22:682][  0]LogTemp:Display: Loaded TP Android_ETC1TargetPlatform
[2016.12.01-09.29.22:692][  0]LogTemp:Display: Loaded TP Android_ETC2TargetPlatform
[2016.12.01-09.29.22:716][  0]LogTemp:Display: Loaded TP Android_MultiTargetPlatform
[2016.12.01-09.29.22:716][  0]LogTemp:Display: Loaded TP Android_PVRTCTargetPlatform
[2016.12.01-09.29.22:717][  0]LogTemp:Display: Loaded TP HTML5TargetPlatform
[2016.12.01-09.29.22:740][  0]LogTemp:Display: Loaded TP IOSTargetPlatform
[2016.12.01-09.29.22:748][  0]LogTemp:Display: Loaded TP TVOSTargetPlatform
[2016.12.01-09.29.22:756][  0]LogTemp:Display: Loaded TP LinuxNoEditorTargetPlatform
[2016.12.01-09.29.22:774][  0]LogTemp:Display: Loaded TP LinuxServerTargetPlatform
[2016.12.01-09.29.22:783][  0]LogTemp:Display: Loaded TP LinuxTargetPlatform
[2016.12.01-09.29.22:783][  0]LogTargetPlatformManager:Display: Building Assets For Windows
[2016.12.01-09.29.22:870][  0]LogDerivedDataCache:Display: Max Cache Size: 512 MB
[2016.12.01-09.29.22:870][  0]LogDerivedDataCache:Display: Starting with empty Boot cache
[2016.12.01-09.29.22:872][  0]LogDerivedDataCache: FDerivedDataBackendGraph:  Pak pak cache file F:/Unreal 4/MyProject2/DerivedDataCache/DDC.ddp not found, will not use a pak cache.
[2016.12.01-09.29.22:872][  0]LogDerivedDataCache: Unable to find inner node Pak for hierarchical cache Hierarchy.
[2016.12.01-09.29.22:873][  0]LogDerivedDataCache: FDerivedDataBackendGraph:  CompressedPak pak cache file F:/Unreal 4/MyProject2/DerivedDataCache/Compressed.ddp not found, will not use a pak cache.
[2016.12.01-09.29.22:873][  0]LogDerivedDataCache: Unable to find inner node CompressedPak for hierarchical cache Hierarchy.
[2016.12.01-09.29.22:891][  0]LogDerivedDataCache:Display: Pak cache opened for reading ../../../Engine/DerivedDataCache/Compressed.ddp.
[2016.12.01-09.29.22:903][  0]LogDerivedDataCache: Using Local data cache path C:/Users/mp2-holmes/AppData/Local/UnrealEngine/Common/DerivedDataCache: Writable
[2016.12.01-09.29.23:098][  0]LogInit: Selected Device Profile: [Windows]
[2016.12.01-09.29.23:098][  0]LogTexture:Display: Building textures: S_Actor (BGRA8)
[2016.12.01-09.29.23:101][  0]LogContentStreaming: Texture pool size is 0.00 MB
[2016.12.01-09.29.23:103][  0]LogTexture:Display: Building textures: S_Emitter (BGRA8)
[2016.12.01-09.29.23:170][  0]LogTexture:Display: Building textures: AICON-Red (AutoDXT)
[2016.12.01-09.29.23:178][  0]LogTexture:Display: Building textures: AICON-Green (AutoDXT)
[2016.12.01-09.29.23:229][  0]LogTexture:Display: Building textures: DefaultTexture (DXT1)
[2016.12.01-09.29.23:251][  0]LogTexture:Display: Building textures: T_Default_Material_Grid_M (AutoDXT)
[2016.12.01-09.29.23:423][  0]LogTexture:Display: Building textures: T_Default_Material_Grid_N (BC5)
[2016.12.01-09.29.23:544][  0]LogTexture:Display: Building textures: DefaultDiffuse (AutoDXT)
[2016.12.01-09.29.24:315][  0]LogTexture:Display: Building textures: WhiteSquareTexture (AutoDXT)
[2016.12.01-09.29.24:360][  0]LogTexture:Display: Building textures: S_LevelSequence (BGRA8)
[2016.12.01-09.29.24:369][  0]LogTexture:Display: Building textures: Bad (BGRA8)
[2016.12.01-09.29.24:396][  0]LogMeshUtilities: No automatic mesh reduction module available
[2016.12.01-09.29.24:396][  0]LogMeshUtilities: No automatic mesh merging module available
[2016.12.01-09.29.24:396][  0]LogMeshUtilities: No distributed automatic mesh merging module available
[2016.12.01-09.29.24:432][  0]LogTexture:Display: Building textures: Default (BGRA8)
[2016.12.01-09.29.24:440][  0]LogTexture:Display: Building textures: VR-Basic (BGRA8)
[2016.12.01-09.29.24:463][  0]LogTexture:Display: Building textures: Grid (AutoDXT)
[2016.12.01-09.29.24:516][  0]LogTexture:Display: Building textures: DaylightAmbientCubemap (RGBA16F)
[2016.12.01-09.29.38:960][  0]LogTexture:Display: Building textures: PSysThumbnail_NoImage (AutoDXT)
[2016.12.01-09.29.38:973][  0]LogTexture:Display: Building textures: PSysThumbnail_OOD (AutoDXT)
[2016.12.01-09.29.38:979][  0]LogTexture:Display: Building textures: S_DecalActorIcon (AutoDXT)
[2016.12.01-09.29.39:041][  0]LogTexture:Display: Building textures: S_Terrain (BGRA8)
[2016.12.01-09.29.39:064][  0]LogTexture:Display: Building textures: MatineeCam_D (AutoDXT)
[2016.12.01-09.29.39:130][  0]LogTexture:Display: Building textures: T_EditorHelp (AutoDXT)
[2016.12.01-09.29.39:935][  0]LogTexture:Display: Building textures: flipbook (AutoDXT)
[2016.12.01-09.29.39:944][  0]LogTexture:Display: Building textures: S_ExpoHeightFog (BGRA8)
[2016.12.01-09.29.39:952][  0]LogTexture:Display: Building textures: S_NavP (BGRA8)
[2016.12.01-09.29.39:960][  0]LogTexture:Display: Building textures: S_Player (BGRA8)
[2016.12.01-09.29.39:974][  0]LogTexture:Display: Building textures: SkyLight (BGRA8)
[2016.12.01-09.29.40:002][  0]LogTexture:Display: Building textures: S_WindDirectional (AutoDXT)
[2016.12.01-09.29.40:053][  0]LogTexture:Display: Building textures: S_LightDirectional (BGRA8)
[2016.12.01-09.29.40:060][  0]LogTexture:Display: Building textures: S_LightDirectionalMove (BGRA8)
[2016.12.01-09.29.40:072][  0]LogTexture:Display: Building textures: S_LightPoint (BGRA8)
[2016.12.01-09.29.40:082][  0]LogTexture:Display: Building textures: S_LightPointMove (BGRA8)
[2016.12.01-09.29.40:091][  0]LogTexture:Display: Building textures: S_LightSpot (BGRA8)
[2016.12.01-09.29.40:112][  0]LogTexture:Display: Building textures: S_LightSpotMove (BGRA8)
[2016.12.01-09.29.40:120][  0]LogTexture:Display: Building textures: S_PortalActorIcon2 (AutoDXT)
[2016.12.01-09.29.40:153][  0]LogTexture:Display: Building textures: MatInstActSprite (BGRA8)
[2016.12.01-09.29.40:158][  0]LogTexture:Display: Building textures: SceneManager (BGRA8)
[2016.12.01-09.29.40:169][  0]LogDerivedDataCache: FFileSystemDerivedDataBackend: Move collision, attempt at redundant update, OK C:/Users/mp2-holmes/AppData/Local/UnrealEngine/Common/DerivedDataCache/5/0/7/TEXTURE_814DCC3DC72143F49509781513CB9855_BGRA8_0BEE78D24077FF0FBAC543A128A078D__CA9ECF46D42B6CD357EC3D720687ABD5A5974863.udd.
[2016.12.01-09.29.40:169][  0]LogTexture:Display: Building textures: S_NavLink (AutoDXT)
[2016.12.01-09.29.40:212][  0]LogTexture:Display: Building textures: S_Note (BGRA8)
[2016.12.01-09.29.40:223][  0]LogTexture:Display: Building textures: S_ReflActorIcon (AutoDXT)
[2016.12.01-09.29.40:261][  0]LogTexture:Display: Building textures: S_Thruster (BGRA8)
[2016.12.01-09.29.40:269][  0]LogTexture:Display: Building textures: S_RadForce (BGRA8)
[2016.12.01-09.29.40:278][  0]LogTexture:Display: Building textures: TargetIcon (BGRA8)
[2016.12.01-09.29.40:289][  0]LogTexture:Display: Building textures: RobotoDistanceField_PageA (G8)
[2016.12.01-09.29.40:301][  0]LogTexture:Display: Building textures: S_TextRenderActorIcon (AutoDXT)
[2016.12.01-09.29.40:326][  0]LogTexture:Display: Building textures: S_Trigger (BGRA8)
[2016.12.01-09.29.40:339][  0]LogTexture:Display: Building textures: S_VectorFieldVol (BGRA8)
[2016.12.01-09.29.40:343][  0]LogTexture:Display: Building textures: GradientTexture0 (BGRA8)
[2016.12.01-09.29.40:348][  0]LogTexture:Display: Building textures: Black (AutoDXT)
[2016.12.01-09.29.40:355][  0]LogTexture:Display: Building textures: MAT_Groups_Float (AutoDXT)
[2016.12.01-09.29.40:358][  0]LogTexture:Display: Building textures: MAT_Groups_Director (AutoDXT)
[2016.12.01-09.29.40:359][  0]LogTexture:Display: Building textures: MAT_Groups_Event (AutoDXT)
[2016.12.01-09.29.40:360][  0]LogTexture:Display: Building textures: MAT_Groups_Anim (AutoDXT)
[2016.12.01-09.29.40:361][  0]LogTexture:Display: Building textures: MAT_Groups_Fade (AutoDXT)
[2016.12.01-09.29.40:362][  0]LogTexture:Display: Building textures: MAT_Groups_Move (AutoDXT)
[2016.12.01-09.29.40:364][  0]LogTexture:Display: Building textures: MAT_Groups_Slomo (AutoDXT)
[2016.12.01-09.29.40:365][  0]LogTexture:Display: Building textures: MAT_ColorTrack (AutoDXT)
[2016.12.01-09.29.40:367][  0]LogTexture:Display: Building textures: MAT_Groups_Toggle (AutoDXT)
[2016.12.01-09.29.40:368][  0]LogTexture:Display: Building textures: MAT_Groups_AudioMaster (AutoDXT)
[2016.12.01-09.29.40:370][  0]LogTexture:Display: Building textures: MAT_Groups_Sound (AutoDXT)
[2016.12.01-09.29.40:371][  0]LogTexture:Display: Building textures: MAT_Groups_Vector (AutoDXT)
[2016.12.01-09.29.40:372][  0]LogTexture:Display: Building textures: MAT_Groups_Visibility (AutoDXT)
[2016.12.01-09.29.40:376][  0]LogTexture:Display: Building textures: DefaultTextureCube (DXT1)
[2016.12.01-09.29.41:361][  0]LogAssetRegistry: FAssetRegistry took 0.0222 seconds to start up
[2016.12.01-09.29.45:504][  0]LogAssetRegistry:Error: Failed to open file for write F:/Unreal 4/MyProject2/Intermediate/CachedAssetRegistry.bin
[2016.12.01-09.29.45:504][  0]LogPackageLocalizationCache: Processed 3 localized package path(s) for 2 prioritized culture(s) in 4.100269 seconds
[2016.12.01-09.29.45:508][  0]LogUObjectArray: 28739 objects as part of root set at end of initial load.
[2016.12.01-09.29.45:509][  0]LogUObjectAllocator: 5855624 out of 0 bytes used by permanent object pool.
[2016.12.01-09.29.45:509][  0]LogUObjectArray: CloseDisregardForGC: 0/0 objects in disregard for GC pool
[2016.12.01-09.29.45:515][  0]LogInit: WinSock: version 1.1 (2.2), MaxSocks=32767, MaxUdp=65467
[2016.12.01-09.29.45:654][  0]LogTexture:Display: Building textures: VR_LaserPower_01 (AutoDXT)
[2016.12.01-09.29.45:788][  0]LogTexture:Display: Building textures: UE4_Logo (AutoDXT)
[2016.12.01-09.29.45:884][  0]LogSlate: SlateFontCache - WITH_FREETYPE: 1, WITH_HARFBUZZ: 1
[2016.12.01-09.29.45:884][  0]LogSlate: SlateFontCache - WITH_FREETYPE: 1, WITH_HARFBUZZ: 1
[2016.12.01-09.29.47:743][  0]LogTexture:Display: Building textures: DummySpriteTexture (AutoDXT)
[2016.12.01-09.29.47:776][  0]LogUdpMessaging: Initializing bridge on interface 0.0.0.0:0 to multicast group 230.0.0.1:6666.
[2016.12.01-09.29.48:376][  0]LogTexture:Display: Building textures: MiniFont (AutoDXT)
[2016.12.01-09.29.48:721][  0]SourceControl: Info Source control is disabled
[2016.12.01-09.29.48:995][  0]SourceControl: Info Source control is disabled
[2016.12.01-09.29.49:003][  0]SourceControl: Info Source control is disabled
[2016.12.01-09.29.49:011][  0]SourceControl: Info Source control is disabled
[2016.12.01-09.29.49:202][  0]LogEngine: Initializing Engine...
[2016.12.01-09.29.49:203][  0]LogHMD: SteamVR failed to initialize.  Err: 110
[2016.12.01-09.29.49:203][  0]LogHMD: SteamVR failed to initialize.  Err: 110
[2016.12.01-09.29.49:244][  0]LogTexture:Display: Building textures: DefaultWhiteGrid (AutoDXT)
[2016.12.01-09.29.49:322][  0]LogTexture:Display: Building textures: InvalidLightmapSettings (AutoDXT)
[2016.12.01-09.29.49:358][  0]LogTexture:Display: Building textures: HeatmapGradient (BGRA8)
[2016.12.01-09.29.49:368][  0]LogTexture:Display: Building textures: PreviewShadowIndicator (BGRA8)
[2016.12.01-09.29.49:388][  0]LogTexture:Display: Building textures: BSPVertex (AutoDXT)
[2016.12.01-09.29.49:389][  0]LogTexture:Display: Building textures: Good64x64TilingNoiseHighFreq (G8)
[2016.12.01-09.29.49:390][  0]LogTexture:Display: Building textures: DefaultBokeh (BGRA8)
[2016.12.01-09.29.49:392][  0]LogTexture:Display: Building textures: PreintegratedSkinBRDF (BGRA8)
[2016.12.01-09.29.49:396][  0]LogTexture:Display: Building textures: WeightMapPlaceholderTexture (BGRA8)
[2016.12.01-09.29.49:407][  0]LogAIModule: Creating AISystem for world NewWorld
[2016.12.01-09.29.49:411][  0]LogInit: XAudio2 using 'Speakers (Realtek High Definition Audio)' : 2 channels at 48 kHz using 32 bits per sample (channel mask 0x3)
[2016.12.01-09.29.49:419][  0]LogInit: FAudioDevice initialized.
[2016.12.01-09.29.49:441][  0]LogDerivedDataCache: Saved boot cache 0.02s 61MB C:/Users/mp2-holmes/AppData/Local/UnrealEngine/4.12/DerivedDataCache/Boot.ddc.
[2016.12.01-09.29.49:447][  0]LogInit: Texture streaming: Enabled
[2016.12.01-09.29.49:471][  0]LogInit: Transaction tracking system initialized
[2016.12.01-09.29.49:497][  0]BlueprintLog: New page: Editor Load
[2016.12.01-09.29.49:670][  0]LocalizationService: Info Localization service is disabled
[2016.12.01-09.29.49:734][  0]LogConsoleResponse:Display: 
[2016.12.01-09.29.49:757][  0]LogTexture:Display: Building textures: WidgetGridVertexColorMaterial (AutoDXT)
[2016.12.01-09.29.49:792][  0]LogTexture:Display: Building textures: CASC_Cross (AutoDXT)
[2016.12.01-09.29.49:793][  0]LogTexture:Display: Building textures: CASC_None (AutoDXT)
[2016.12.01-09.29.49:799][  0]LogTexture:Display: Building textures: Texture2D_28 (AutoDXT)
[2016.12.01-09.29.49:806][  0]LogTexture:Display: Building textures: S_KBSJoint (BGRA8)
[2016.12.01-09.29.49:809][  0]LogTexture:Display: Building textures: S_KHinge (BGRA8)
[2016.12.01-09.29.49:813][  0]LogDerivedDataCache: FFileSystemDerivedDataBackend: Move collision, attempt at redundant update, OK C:/Users/mp2-holmes/AppData/Local/UnrealEngine/Common/DerivedDataCache/9/1/5/TEXTURE_814DCC3DC72143F49509781513CB9855_BGRA8_85FC7F37403CE73D131A07B7948FB00__32482B4631A71CF4A237EB0E091DEEB0565091FB.udd.
[2016.12.01-09.29.49:813][  0]LogDerivedDataCache: FFileSystemDerivedDataBackend: Move collision, attempt at redundant update, OK C:/Users/mp2-holmes/AppData/Local/UnrealEngine/Common/DerivedDataCache/7/8/2/TEXTURE_814DCC3DC72143F49509781513CB9855_BGRA8_85FC7F37403CE73D131A07B7948FB00__01326702C5EFC3FBDFBD415A05FB2A8E7CC4ED94.udd.
[2016.12.01-09.29.49:813][  0]LogTexture:Display: Building textures: S_KPrismatic (BGRA8)
[2016.12.01-09.29.49:818][  0]LogDerivedDataCache: FFileSystemDerivedDataBackend: Move collision, attempt at redundant update, OK C:/Users/mp2-holmes/AppData/Local/UnrealEngine/Common/DerivedDataCache/6/0/7/TEXTURE_814DCC3DC72143F49509781513CB9855_BGRA8_0DDBB0A4478D1C3B495F6DAAC809F66__BFAB86C1B4BAFE6A7FB38C4C7D58A5CE2E094DFC.udd.
[2016.12.01-09.29.49:818][  0]LogDerivedDataCache: FFileSystemDerivedDataBackend: Move collision, attempt at redundant update, OK C:/Users/mp2-holmes/AppData/Local/UnrealEngine/Common/DerivedDataCache/5/4/6/TEXTURE_814DCC3DC72143F49509781513CB9855_BGRA8_0DDBB0A4478D1C3B495F6DAAC809F66__21B21A9EC9D11E8A0E43CF77D750D5842E110B10.udd.
[2016.12.01-09.29.49:818][  0]LogTexture:Display: Building textures: S_LightError (BGRA8)
[2016.12.01-09.29.49:824][  0]LogTexture:Display: Building textures: T_Loft_Spline (AutoDXT)
[2016.12.01-09.29.49:867][  0]LogDerivedDataCache: FFileSystemDerivedDataBackend: Move collision, attempt at redundant update, OK C:/Users/mp2-holmes/AppData/Local/UnrealEngine/Common/DerivedDataCache/7/1/9/TEXTURE_814DCC3DC72143F49509781513CB9855_AUTODXT_FA8393994E4663BDC7A871A870214__FF19969BE0EFA51B3CD01A0C9CB28C7F26301BDD.udd.
[2016.12.01-09.29.49:867][  0]LogTexture:Display: Building textures: DefaultNormal (BC5)
[2016.12.01-09.29.49:969][  0]LogTexture:Display: Building textures: Grid_N (BC5)
[2016.12.01-09.29.49:992][  0]LogTexture:Display: Building textures: PaperDiffuse (AutoDXT)
[2016.12.01-09.29.50:131][  0]LogTexture:Display: Building textures: PaperNormal (BC5)
[2016.12.01-09.29.50:152][  0]LogTexture:Display: Building textures: Texture2D_29 (AutoDXT)
[2016.12.01-09.29.50:172][  0]LogCook:Display: Max memory allowance for cook 8192mb
[2016.12.01-09.29.50:172][  0]LogCook:Display: Mobile HDR setting 1
[2016.12.01-09.29.50:229][  0]LogFileCache: Scanning file cache for directory 'F:/Unreal 4/MyProject2/Content/' took 0.02s
[2016.12.01-09.29.50:229][  0]LogTexture:Display: Building textures: Countdown (AutoDXT)
[2016.12.01-09.29.50:234][  0]LogTexture:Display: Building textures: RecordingIndicator (AutoDXT)
[2016.12.01-09.29.50:268][  0]LogTexture:Display: Building textures: DefaultAlphaTexture (BGRA8)
[2016.12.01-09.29.50:273][  0]SourceControl: Info Source control is disabled
[2016.12.01-09.29.50:273][  0]Cmd: MAP LOAD FILE="F:/Unreal 4/MyProject2/Content/FirstPersonBP/Maps/FirstPersonExampleMap.umap" TEMPLATE=0 SHOWPROGRESS=1 FEATURELEVEL=3
[2016.12.01-09.29.50:297][  0]LightingResults: New page: Lighting Build
[2016.12.01-09.29.50:300][  0]MapCheck: New page: Map Check
[2016.12.01-09.29.50:300][  0]LightingResults: New page: Lighting Build
[2016.12.01-09.29.53:356][  0]LogTexture:Display: Building textures: sapphire (AutoDXT)
[2016.12.01-09.29.53:423][  0]LogMaterial: Missing cached shader map for material sapphire_Mat, compiling. 
[2016.12.01-09.29.53:456][  0]LogMaterial: Missing cached shader map for material CubeMaterial, compiling. 
[2016.12.01-09.29.53:641][  0]LogTexture:Display: Building textures: WhiteRedPaper (BGRA8)
[2016.12.01-09.29.53:731][  0]LogMaterial: Missing cached shader map for material WhiteRedPaperMAT, compiling. 
[2016.12.01-09.29.53:773][  0]LogTexture:Display: Building textures: RedPaper (AutoDXT)
[2016.12.01-09.29.53:996][  0]LogMaterial: Missing cached shader map for material RedPaperMat, compiling. 
[2016.12.01-09.29.54:161][  0]LogTexture:Display: Building textures: Jade (AutoDXT)
[2016.12.01-09.29.55:054][  0]LogMaterial: Missing cached shader map for material Jade_Mat, compiling. 
[2016.12.01-09.29.55:946][  0]LogTexture:Display: Building textures: GreenPaper (BGRA8)
[2016.12.01-09.29.56:675][  0]LogMaterial: Missing cached shader map for material GreenPaperMat, compiling. 
[2016.12.01-09.29.56:751][  0]LogTexture:Display: Building textures: T_Sky_Stars (AutoDXT)
[2016.12.01-09.29.56:876][  0]LogTexture:Display: Building textures: T_Sky_Clouds_M (BGRA8)
[2016.12.01-09.29.57:555][  0]LogTexture:Display: Building textures: T_Sky_Blue (AutoDXT)
[2016.12.01-09.29.58:758][  0]LogTexture:Display: Building textures: FirstPersonCrosshair (AutoDXT)
[2016.12.01-09.29.58:790][  0]LogTexture:Display: Building textures: arrow_wrapping_paper (BGRA8)
[2016.12.01-09.29.58:798][  0]LogMaterial: Missing cached shader map for material ArrowMat, compiling. 
[2016.12.01-09.29.58:850][  0]LogTexture:Display: Building textures: candy_stripe_2_by_r2krw9 (AutoDXT)
[2016.12.01-09.29.59:622][  0]LogMaterial: Missing cached shader map for material candy_stripe_2_by_r2krw9_Mat, compiling. 
[2016.12.01-09.29.59:866][  0]LogTexture:Display: Building textures: T_ML_Aluminum01_N (BC5)
[2016.12.01-09.30.00:705][  0]LogTexture:Display: Building textures: T_ML_Aluminum01 (AutoDXT)
[2016.12.01-09.30.04:808][  0]LogTexture:Display: Building textures: Palette (AutoDXT)
[2016.12.01-09.30.04:873][  0]LogMaterial: Missing cached shader map for material Palette_Mat, compiling. 
[2016.12.01-09.30.05:042][  0]LogTexture:Display: Building textures: woodFlooringTexture (BGRA8)
[2016.12.01-09.30.05:145][  0]LogMaterial: Missing cached shader map for material woodFlooringTexture_Mat, compiling. 
[2016.12.01-09.30.05:183][  0]LogTexture:Display: Building textures: Snow (AutoDXT)
[2016.12.01-09.30.05:294][  0]LogMaterial: Missing cached shader map for material SnowMat, compiling. 
[2016.12.01-09.30.05:564][  0]LogTexture:Display: Building textures: gingerbread_tileing_texture (AutoDXT)
[2016.12.01-09.30.10:171][  0]LogMaterial: Missing cached shader map for material gingerbread_tileing_texture_Mat, compiling. 
[2016.12.01-09.30.10:190][  0]LogTexture:Display: Building textures: gingerbread_texture (BGRA8)
[2016.12.01-09.30.10:217][  0]LogMaterial: Missing cached shader map for material gingerbread_texture_Mat, compiling. 
[2016.12.01-09.30.10:664][  0]LogTexture:Display: Building textures: chocolate-texture (AutoDXT)
[2016.12.01-09.30.15:012][  0]LogMaterial: Missing cached shader map for material chocolate-texture_Mat, compiling. 
[2016.12.01-09.30.15:116][  0]LogTexture:Display: Building textures: -old-wood-flooring_texture (BGRA8)
[2016.12.01-09.30.15:226][  0]LogMaterial: Missing cached shader map for material -old-wood-flooring_texture_Mat, compiling. 
[2016.12.01-09.30.15:244][  0]LogTexture:Display: Building textures: RedText (AutoDXT)
[2016.12.01-09.30.15:259][  0]LogMaterial: Missing cached shader map for material Red, compiling. 
[2016.12.01-09.30.15:355][  0]LogTexture:Display: Building textures: Green (BGRA8)
[2016.12.01-09.30.15:809][  0]LogMaterial: Missing cached shader map for material Green, compiling. 
[2016.12.01-09.30.16:045][  0]LogTexture:Display: Building textures: T_TableRound_N (BC5)
[2016.12.01-09.30.16:743][  0]LogTexture:Display: Building textures: T_TableRound_M (DXT1)
[2016.12.01-09.30.18:003][  0]LogTexture:Display: Building textures: T_Chair_N (BC5)
[2016.12.01-09.30.19:022][  0]LogTexture:Display: Building textures: T_Chair_M (AutoDXT)
[2016.12.01-09.30.20:856][  0]LogTexture:Display: Building textures: T_Metal_Gold_N (BC5)
[2016.12.01-09.30.21:700][  0]LogTexture:Display: Building textures: T_Metal_Gold_D (AutoDXT)
[2016.12.01-09.30.26:343][  0]LogTexture:Display: Building textures: T_MacroVariation (AutoDXT)
[2016.12.01-09.30.32:143][  0]LogTexture:Display: Building textures: UE4_Mannequin_MAT_MASKA (AutoDXT)
[2016.12.01-09.30.32:668][  0]LogTexture:Display: Building textures: UE4_Mannequin__normals (BC5)
[2016.12.01-09.30.33:494][  0]LogTexture:Display: Building textures: T_ML_Aluminum01_N (BC5)
[2016.12.01-09.30.34:356][  0]LogTexture:Display: Building textures: T_ML_Aluminum01 (AutoDXT)
[2016.12.01-09.30.38:382][  0]LogTexture:Display: Building textures: UE4_LOGO_CARD (AutoDXT)
[2016.12.01-09.30.38:895][  0]LogTexture:Display: Building textures: T_ML_Rubber_Blue_01_N (BC5)
[2016.12.01-09.30.39:882][  0]LogTexture:Display: Building textures: T_ML_Rubber_Blue_01_D (AutoDXT)
[2016.12.01-09.30.43:738][  0]LogTexture:Display: Building textures: T_FPGun_N (BC5)
[2016.12.01-09.30.44:258][  0]LogTexture:Display: Building textures: T_FPGun_M (AutoDXT)
[2016.12.01-09.30.45:298][  0]LogTexture:Display: Building textures: T_ML_Rubber_Blue_01_N (BC5)
[2016.12.01-09.30.46:106][  0]LogTexture:Display: Building textures: T_ML_Rubber_Blue_01_D (AutoDXT)
[2016.12.01-09.30.51:592][  0]LogTexture:Display: Building textures: Texture2D_193 (BGRA8)
[2016.12.01-09.30.51:716][  0]LogTexture:Display: Building textures: HQ_Lightmap0_2 (AutoDXT)
[2016.12.01-09.30.52:327][  0]LogTexture:Display: Building textures: HQ_Lightmap0_5 (AutoDXT)
[2016.12.01-09.30.52:400][  0]LogTexture:Display: Building textures: HQ_Lightmap0_7 (AutoDXT)
[2016.12.01-09.30.52:443][  0]LogTexture:Display: Building textures: HQ_Lightmap0_8 (AutoDXT)
[2016.12.01-09.30.52:468][  0]LogTexture:Display: Building textures: HQ_Lightmap0_9 (AutoDXT)
[2016.12.01-09.30.52:469][  0]LogTexture:Display: Building textures: HQ_Lightmap1_3 (AutoDXT)
[2016.12.01-09.30.52:495][  0]LogTexture:Display: Building textures: HQ_Lightmap1_4 (AutoDXT)
[2016.12.01-09.30.52:561][  0]LogTexture:Display: Building textures: HQ_Lightmap1_6 (AutoDXT)
[2016.12.01-09.30.52:625][  0]LogTexture:Display: Building textures: LQ_Lightmap_0_2 (DXT1)
[2016.12.01-09.30.52:993][  0]LogTexture:Display: Building textures: LQ_Lightmap_0_5 (DXT1)
[2016.12.01-09.30.53:071][  0]LogTexture:Display: Building textures: LQ_Lightmap_0_7 (DXT1)
[2016.12.01-09.30.53:102][  0]LogTexture:Display: Building textures: LQ_Lightmap_0_8 (DXT1)
[2016.12.01-09.30.53:127][  0]LogTexture:Display: Building textures: LQ_Lightmap_0_9 (DXT1)
[2016.12.01-09.30.53:132][  0]LogTexture:Display: Building textures: LQ_Lightmap_1_3 (DXT1)
[2016.12.01-09.30.53:187][  0]LogTexture:Display: Building textures: LQ_Lightmap_1_4 (DXT1)
[2016.12.01-09.30.53:258][  0]LogTexture:Display: Building textures: LQ_Lightmap_1_6 (DXT1)
[2016.12.01-09.30.53:304][  0]LogTexture:Display: Building textures: SkyOcclusion0_2 (AutoDXT)
[2016.12.01-09.30.53:446][  0]LogTexture:Display: Building textures: SkyOcclusion0_5 (AutoDXT)
[2016.12.01-09.30.53:497][  0]LogTexture:Display: Building textures: SkyOcclusion0_7 (AutoDXT)
[2016.12.01-09.30.53:512][  0]LogTexture:Display: Building textures: SkyOcclusion0_8 (AutoDXT)
[2016.12.01-09.30.53:561][  0]LogTexture:Display: Building textures: SkyOcclusion0_9 (AutoDXT)
[2016.12.01-09.30.53:564][  0]LogTexture:Display: Building textures: SkyOcclusion1_3 (AutoDXT)
[2016.12.01-09.30.53:587][  0]LogTexture:Display: Building textures: SkyOcclusion1_4 (AutoDXT)
[2016.12.01-09.30.53:624][  0]LogTexture:Display: Building textures: SkyOcclusion1_6 (AutoDXT)
[2016.12.01-09.30.53:660][  0]LogTexture:Display: Building textures: T_Smoke_Tiled_D (AutoDXT)
[2016.12.01-09.30.53:715][  0]LogTexture:Display: Building textures: smoketext (AutoDXT)
[2016.12.01-09.30.53:777][  0]LogMaterial: Missing cached shader map for material M_Fire, compiling. 
[2016.12.01-09.30.53:802][  0]LogTexture:Display: Building textures: T_Spark_Core (AutoDXT)
[2016.12.01-09.30.54:043][  0]LogTexture:Display: Building textures: T_Smoke_SubUV (AutoDXT)
[2016.12.01-09.30.58:504][  0]LogTexture:Display: Building textures: snowFlake_ (AutoDXT)
[2016.12.01-09.30.58:568][  0]LogMaterial: Missing cached shader map for material SnowFlake_matUnlit, compiling. 
[2016.12.01-09.30.58:583][  0]LogMaterial: Missing cached shader map for material SnowFlake_mat, compiling. 
[2016.12.01-09.30.58:675][  0]LogMaterial: Missing cached shader map for material Snow_ParticleMatUnlit, compiling. 
[2016.12.01-09.30.58:758][  0]LogMaterial: Missing cached shader map for material Snow_ParticleMat, compiling. 
[2016.12.01-09.30.58:845][  0]LogTexture:Display: Building textures: ShadowMapTexture2D_1 (G8)
[2016.12.01-09.30.58:899][  0]LogTexture:Display: Building textures: ShadowMapTexture2D_12 (G8)
[2016.12.01-09.30.58:899][  0]LogTexture:Display: Building textures: ShadowMapTexture2D_13 (G8)
[2016.12.01-09.30.58:900][  0]LogTexture:Display: Building textures: ShadowMapTexture2D_2 (G8)
[2016.12.01-09.30.58:901][  0]LogTexture:Display: Building textures: ShadowMapTexture2D_3 (G8)
[2016.12.01-09.30.58:901][  0]LogTexture:Display: Building textures: ShadowMapTexture2D_4 (G8)
[2016.12.01-09.30.58:902][  0]LogTexture:Display: Building textures: ShadowMapTexture2D_5 (G8)
[2016.12.01-09.30.58:908][  0]LogTexture:Display: Building textures: Texture2D_0 (BGRA8)
[2016.12.01-09.30.58:908][  0]LogTexture:Display: Building textures: Texture2D_1 (BGRA8)
[2016.12.01-09.30.58:916][  0]LogTexture:Display: Building textures: ThumbnailTexture (DXT1)
[2016.12.01-09.30.59:416][  0]LogTexture:Display: Building textures: T_Wood_Pine_D (AutoDXT)
[2016.12.01-09.31.02:836][  0]LogTexture:Display: Building textures: T_Wood_Pine_N (BC5)
[2016.12.01-09.31.03:204][  0]LogMaterial: Missing cached shader map for material T_Wood_Pine_Mat, compiling. 
[2016.12.01-09.31.03:404][  0]LogTexture:Display: Building textures: T_Perlin_Noise_M (AutoDXT)
[2016.12.01-09.31.06:293][  0]LogMaterial: Missing cached shader map for material M_Wood_Pine, compiling. 
[2016.12.01-09.31.06:383][  0]LogAIModule: Creating AISystem for world FirstPersonExampleMap
[2016.12.01-09.31.06:389][  0]LogTexture:Display: Building textures: EmptyActor (BGRA8)
[2016.12.01-09.31.06:503][  0]LogTexture:Display: Building textures: S_AudioComponent_AutoActivate (BGRA8)
[2016.12.01-09.31.06:514][  0]LogTexture:Display: Building textures: S_AudioComponent (BGRA8)
[2016.12.01-09.31.06:771][  0]LogDerivedDataCache: FFileSystemDerivedDataBackend: Move collision, attempt at redundant update, OK C:/Users/mp2-holmes/AppData/Local/UnrealEngine/Common/DerivedDataCache/7/3/0/PHYSXPC_VIS_5DF9E1AAB7CC4DCCB2965BA1A78DFE8_48BE45224843A72CAE66278161BCC5A6.udd.
[2016.12.01-09.31.06:771][  0]LogDerivedDataCache: FFileSystemDerivedDataBackend: Move collision, attempt at redundant update, OK C:/Users/mp2-holmes/AppData/Local/UnrealEngine/Common/DerivedDataCache/7/6/8/PHYSXPC_FULL_5DF9E1AAB7CC4DCCB2965BA1A78DFE8_32E9CBCD0F02B750AFC8186EF9C965A9.udd.
[2016.12.01-09.31.06:771][  0]LogDerivedDataCache: FFileSystemDerivedDataBackend: Move collision, attempt at redundant update, OK C:/Users/mp2-holmes/AppData/Local/UnrealEngine/Common/DerivedDataCache/5/2/0/PHYSXPC_VIS_5DF9E1AAB7CC4DCCB2965BA1A78DFE8_1F2A345D49D0C940EE5EB39D3F0BA9BA.udd.
[2016.12.01-09.31.06:772][  0]LogDerivedDataCache: FFileSystemDerivedDataBackend: Move collision, attempt at redundant update, OK C:/Users/mp2-holmes/AppData/Local/UnrealEngine/Common/DerivedDataCache/0/6/5/PHYSXPC_VIS_5DF9E1AAB7CC4DCCB2965BA1A78DFE8_BB2861B043F31A204A4D48BB0515B2D2.udd.
[2016.12.01-09.31.06:772][  0]LogDerivedDataCache: FFileSystemDerivedDataBackend: Move collision, attempt at redundant update, OK C:/Users/mp2-holmes/AppData/Local/UnrealEngine/Common/DerivedDataCache/9/8/9/PHYSXPC_FULL_5DF9E1AAB7CC4DCCB2965BA1A78DFE8_2F97065CC8393FE7D2BA91C3A98721B3.udd.
[2016.12.01-09.31.06:772][  0]LogEditorServer: Finished looking for orphan Actors (0.001 secs)
[2016.12.01-09.31.06:772][  0]Cmd: MAP CHECKDEP NOCLEARLOG
[2016.12.01-09.31.07:016][  0]LogDerivedDataCache: FFileSystemDerivedDataBackend: Move collision, attempt at redundant update, OK C:/Users/mp2-holmes/AppData/Local/UnrealEngine/Common/DerivedDataCache/0/8/7/PHYSXPC_VIS_5DF9E1AAB7CC4DCCB2965BA1A78DFE8_2B14190E4FA76E869E58368CD2F967DC.udd.
[2016.12.01-09.31.07:016][  0]MapCheck: Info Map check complete: 0 Error(s), 0 Warning(s), took 244.394ms to complete.
[2016.12.01-09.31.07:017][  0]LogFileHelpers: Loading map 'FirstPersonExampleMap' took 76.744
[2016.12.01-09.31.07:797][  0]LogDerivedDataCache: FFileSystemDerivedDataBackend: Move collision, attempt at redundant update, OK C:/Users/mp2-holmes/AppData/Local/UnrealEngine/Common/DerivedDataCache/4/6/4/PHYSXPC_FULL_5DF9E1AAB7CC4DCCB2965BA1A78DFE8_52AFC07A6AB0D6EC74794C4B33CF1617.udd.
[2016.12.01-09.31.07:797][  0]LogDerivedDataCache: FFileSystemDerivedDataBackend: Move collision, attempt at redundant update, OK C:/Users/mp2-holmes/AppData/Local/UnrealEngine/Common/DerivedDataCache/7/5/2/PHYSXPC_FULL_5DF9E1AAB7CC4DCCB2965BA1A78DFE8_A253DE1237AED115E27F7BA8D0D8AE19.udd.
[2016.12.01-09.31.07:797][  0]LogDerivedDataCache: FFileSystemDerivedDataBackend: Move collision, attempt at redundant update, OK C:/Users/mp2-holmes/AppData/Local/UnrealEngine/Common/DerivedDataCache/1/8/6/PHYSXPC_FULL_5DF9E1AAB7CC4DCCB2965BA1A78DFE8_910A91FD20BDC9F27D1A13763A05C9A2.udd.
[2016.12.01-09.31.07:797][  0]LogDerivedDataCache: FFileSystemDerivedDataBackend: Move collision, attempt at redundant update, OK C:/Users/mp2-holmes/AppData/Local/UnrealEngine/Common/DerivedDataCache/4/9/9/TEXTURE_814DCC3DC72143F49509781513CB9855_BGRA8_12762C0B40C78F752CC5BC8E4626276__8F6247A24416651184C7C63411459BBA0E8D4F27.udd.
[2016.12.01-09.31.07:797][  0]LogDerivedDataCache: FFileSystemDerivedDataBackend: Move collision, attempt at redundant update, OK C:/Users/mp2-holmes/AppData/Local/UnrealEngine/Common/DerivedDataCache/8/8/3/TEXTURE_814DCC3DC72143F49509781513CB9855_BGRA8_12762C0B40C78F752CC5BC8E4626276__98212DC87135CD8CC9FB0A541EDC802D7AD724DF.udd.
[2016.12.01-09.31.07:797][  0]LogCollectionManager: Loaded 0 collections in 0.003076 seconds
[2016.12.01-09.31.07:881][  0]LogFileCache: Scanning file cache for directory 'F:/Unreal 4/MyProject2/Saved/Collections/' took 0.02s
[2016.12.01-09.31.07:881][  0]LogFileCache: Scanning file cache for directory 'F:/Unreal 4/MyProject2/Content/Developers/mp2holmes/Collections/' took 0.02s
[2016.12.01-09.31.07:881][  0]LogFileCache: Scanning file cache for directory 'F:/Unreal 4/MyProject2/Content/Collections/' took 0.04s
[2016.12.01-09.31.07:881][  0]LogCollectionManager: Rebuilt the GUID cache for 0 collections in 0.000003 seconds
[2016.12.01-09.31.07:897][  0]LogContentBrowser: Native class hierarchy populated in 0.0152 seconds. Added 2047 classes and 369 folders.
[2016.12.01-09.31.07:908][  0]LogStats: UGameplayTagsManager::ConstructGameplayTagTree: Construct from data asset -  0.000 s
[2016.12.01-09.31.07:908][  0]LogStats: UGameplayTagsManager::ConstructGameplayTagTree: GameplayTagTreeChangedEvent.Broadcast -  0.000 s
[2016.12.01-09.31.07:909][  0]LogContentBrowser: Native class hierarchy updated for 'GameplayTags' in 0.0008 seconds. Added 12 classes and 0 folders.
[2016.12.01-09.31.07:932][  0]LogContentBrowser: Native class hierarchy updated for 'WidgetCarousel' in 0.0041 seconds. Added 0 classes and 0 folders.
[2016.12.01-09.31.08:077][  0]LogContentBrowser: Native class hierarchy updated for 'AddContentDialog' in 0.0669 seconds. Added 0 classes and 0 folders.
[2016.12.01-09.31.08:086][  0]LogContentBrowser: Native class hierarchy updated for 'SceneOutliner' in 0.0031 seconds. Added 1 classes and 2 folders.
[2016.12.01-09.31.08:121][  0]LogCrashTracker: Crashtracker disabled due to settings.
[2016.12.01-09.31.08:252][  0]LogContentBrowser: Native class hierarchy updated for 'HierarchicalLODOutliner' in 0.0010 seconds. Added 1 classes and 2 folders.
[2016.12.01-09.31.08:252][  0]LogLoad: Full Startup: 220.54 seconds (BP compile: 0.26 seconds)
[2016.12.01-09.31.08:252][  0]LogExternalProfiler: Found external profiler: VSPerf
[2016.12.01-09.31.08:252][  0]LogExternalProfiler: Using external profiler: VSPerf
[2016.12.01-09.31.08:603][  0]LogOcInput: OculusInput pre-init called
[2016.12.01-09.31.08:647][  0]LogContentStreaming: Texture pool size now 1000 MB
[2016.12.01-09.31.09:283][  0]LogRenderer: Reallocating scene render targets to support 1208x576 (Frame:2).
[2016.12.01-09.31.09:662][  1]Cmd: UpdateLandscapeEditorData -warnings
[2016.12.01-09.31.11:505][  6]LogAssetRegistry: Asset discovery search completed in 90.1663 seconds
[2016.12.01-09.31.11:505][  6]LogCollectionManager: Rebuilt the object cache for 0 collections in 0.000001 seconds (found 0 objects)
[2016.12.01-09.31.11:505][  6]LogCollectionManager: Fixed up redirectors for 0 collections in 0.000028 seconds (updated 0 objects)
[2016.12.01-09.31.55:902][128]LogSynthBenchmark:Display: FSynthBenchmark (V0.95):  requested WorkScale=1.00
[2016.12.01-09.31.55:902][128]LogSynthBenchmark:Display: ===============
[2016.12.01-09.31.55:902][128]LogSynthBenchmark:Display: Main Processor:
[2016.12.01-09.31.55:951][128]LogSynthBenchmark:Display:          ... 0.027197 s/Run 'RayIntersect'
[2016.12.01-09.31.55:951][128]LogSynthBenchmark:Display:          ... 0.021877 s/Run 'Fractal'
[2016.12.01-09.31.55:951][128]LogSynthBenchmark:Display: 
[2016.12.01-09.31.55:951][128]LogSynthBenchmark:Display:   CompiledTarget_x_Bits: 64
[2016.12.01-09.31.55:951][128]LogSynthBenchmark:Display:   UE_BUILD_SHIPPING: 0
[2016.12.01-09.31.55:951][128]LogSynthBenchmark:Display:   UE_BUILD_TEST: 0
[2016.12.01-09.31.55:951][128]LogSynthBenchmark:Display:   UE_BUILD_DEBUG: 0
[2016.12.01-09.31.55:951][128]LogSynthBenchmark:Display:   TotalPhysicalGBRam: 32
[2016.12.01-09.31.55:951][128]LogSynthBenchmark:Display:   NumberOfCores (physical): 4
[2016.12.01-09.31.55:951][128]LogSynthBenchmark:Display:   NumberOfCores (logical): 8
[2016.12.01-09.31.55:951][128]LogSynthBenchmark:Display:   CPU Perf Index 0: 94.2 (weight 1.00)
[2016.12.01-09.31.55:951][128]LogSynthBenchmark:Display:   CPU Perf Index 1: 130.7 (weight 1.50)
[2016.12.01-09.31.55:951][128]LogSynthBenchmark:Display:  
[2016.12.01-09.31.55:951][128]LogSynthBenchmark:Display: Graphics:
[2016.12.01-09.31.55:951][128]LogSynthBenchmark:Display:   Adapter Name: 'NVIDIA GeForce GTX 1060 6GB'
[2016.12.01-09.31.55:951][128]LogSynthBenchmark:Display:   (On Optimus the name might be wrong, memory should be ok)
[2016.12.01-09.31.55:951][128]LogSynthBenchmark:Display:   Vendor Id: 0x10de
[2016.12.01-09.31.55:951][128]LogSynthBenchmark:Display:   Device Id: 0x1c03
[2016.12.01-09.31.55:951][128]LogSynthBenchmark:Display:   GPU Memory: 5982/0/16325 MB
[2016.12.01-09.32.00:833][128]LogSynthBenchmark:Display:   GPU first test: 0.00s
[2016.12.01-09.32.00:833][128]LogSynthBenchmark:Display:          ... 4.803 GigaPix/s, Confidence=100% 'ALUHeavyNoise' (likely to be very inaccurate)
[2016.12.01-09.32.00:833][128]LogSynthBenchmark:Display:          ... 4.135 GigaPix/s, Confidence=100% 'TexHeavy' (likely to be very inaccurate)
[2016.12.01-09.32.00:833][128]LogSynthBenchmark:Display:          ... 3.159 GigaPix/s, Confidence=100% 'DepTexHeavy' (likely to be very inaccurate)
[2016.12.01-09.32.00:833][128]LogSynthBenchmark:Display:          ... 9.927 GigaPix/s, Confidence=70% 'FillOnly' (likely to be very inaccurate)
[2016.12.01-09.32.00:833][128]LogSynthBenchmark:Display:          ... 0.902 GigaPix/s, Confidence=100% 'Bandwidth' (likely to be very inaccurate)
[2016.12.01-09.32.00:861][128]LogSynthBenchmark:Display:   GPU second test: 0.01s
[2016.12.01-09.32.00:861][128]LogSynthBenchmark:Display:          ... 8.682 GigaPix/s, Confidence=100% 'ALUHeavyNoise' (likely to be inaccurate)
[2016.12.01-09.32.00:861][128]LogSynthBenchmark:Display:          ... 6.835 GigaPix/s, Confidence=100% 'TexHeavy' (likely to be inaccurate)
[2016.12.01-09.32.00:861][128]LogSynthBenchmark:Display:          ... 5.963 GigaPix/s, Confidence=100% 'DepTexHeavy' (likely to be inaccurate)
[2016.12.01-09.32.00:861][128]LogSynthBenchmark:Display:          ... 31.615 GigaPix/s, Confidence=100% 'FillOnly' (likely to be inaccurate)
[2016.12.01-09.32.00:861][128]LogSynthBenchmark:Display:          ... 1.046 GigaPix/s, Confidence=100% 'Bandwidth' (likely to be inaccurate)
[2016.12.01-09.32.01:062][128]LogSynthBenchmark:Display:   GPU third test: 0.10s
[2016.12.01-09.32.01:062][128]LogSynthBenchmark:Display:          ... 10.540 GigaPix/s, Confidence=89% 'ALUHeavyNoise'
[2016.12.01-09.32.01:062][128]LogSynthBenchmark:Display:          ... 8.068 GigaPix/s, Confidence=100% 'TexHeavy'
[2016.12.01-09.32.01:062][128]LogSynthBenchmark:Display:          ... 7.552 GigaPix/s, Confidence=100% 'DepTexHeavy'
[2016.12.01-09.32.01:062][128]LogSynthBenchmark:Display:          ... 47.089 GigaPix/s, Confidence=100% 'FillOnly'
[2016.12.01-09.32.01:063][128]LogSynthBenchmark:Display:          ... 1.220 GigaPix/s, Confidence=100% 'Bandwidth'
[2016.12.01-09.32.01:063][128]LogSynthBenchmark:Display: 
[2016.12.01-09.32.01:063][128]LogSynthBenchmark:Display:   GPU Perf Index 0: 229.1 (weight 1.00)
[2016.12.01-09.32.01:063][128]LogSynthBenchmark:Display:   GPU Perf Index 1: 108.3 (weight 0.10)
[2016.12.01-09.32.01:063][128]LogSynthBenchmark:Display:   GPU Perf Index 2: 196.3 (weight 0.10)
[2016.12.01-09.32.01:063][128]LogSynthBenchmark:Display:   GPU Perf Index 3: 184.9 (weight 3.00)
[2016.12.01-09.32.01:063][128]LogSynthBenchmark:Display:   GPU Perf Index 4: 113.8 (weight 1.00)
[2016.12.01-09.32.01:063][128]LogSynthBenchmark:Display:   CPUIndex: 116.1
[2016.12.01-09.32.01:063][128]LogSynthBenchmark:Display:   GPUIndex: 178.5
[2016.12.01-09.32.01:063][128]LogSynthBenchmark:Display: 
[2016.12.01-09.32.01:063][128]LogSynthBenchmark:Display:          ... Total Time: 5.160654 sec
[2016.12.01-09.32.01:431][129]LogWindowsTextInputMethodSystem:Display: IME system now deactivated.
[2016.12.01-09.32.01:664][130]Cmd: QUIT_EDITOR
[2016.12.01-09.32.01:758][130]LogExit: Preparing to exit.
[2016.12.01-09.32.03:038][130]LogExit: Editor shut down
[2016.12.01-09.32.03:039][130]LogExit: Transaction tracking system shut down
[2016.12.01-09.32.03:228][130]LogObj: Freed 0b from 0 cluster array pools.
[2016.12.01-09.32.03:228][130]LogExit: Object subsystem successfully closed.
[2016.12.01-09.32.03:243][130]LogD3D11RHI: Shutdown
[2016.12.01-09.32.03:243][130]LogD3D11RHI: CleanupD3DDevice
[2016.12.01-09.32.03:355][130]LogD3D11RHI: ~FD3D11DynamicRHI
[2016.12.01-09.32.03:371][130]LogModuleManager: Shutting down and abandoning module SynthBenchmark (214)
[2016.12.01-09.32.03:371][130]LogModuleManager: Shutting down and abandoning module HierarchicalLODOutliner (213)
[2016.12.01-09.32.03:371][130]LogModuleManager: Shutting down and abandoning module CrashTracker (212)
[2016.12.01-09.32.03:371][130]LogModuleManager: Shutting down and abandoning module SceneOutliner (211)
[2016.12.01-09.32.03:371][130]LogModuleManager: Shutting down and abandoning module WidgetCarousel (210)
[2016.12.01-09.32.03:371][130]LogModuleManager: Shutting down and abandoning module AddContentDialog (209)
[2016.12.01-09.32.03:372][130]LogModuleManager: Shutting down and abandoning module GameplayTags (208)
[2016.12.01-09.32.03:372][130]LogModuleManager: Shutting down and abandoning module EditorWidgets (207)
[2016.12.01-09.32.03:372][130]LogModuleManager: Shutting down and abandoning module CollectionManager (206)
[2016.12.01-09.32.03:372][130]LogModuleManager: Shutting down and abandoning module StatsViewer (205)
[2016.12.01-09.32.03:372][130]LogModuleManager: Shutting down and abandoning module FoliageEdit (204)
[2016.12.01-09.32.03:372][130]LogModuleManager: Shutting down and abandoning module LandscapeEditor (203)
[2016.12.01-09.32.03:373][130]LogModuleManager: Shutting down and abandoning module SceneDepthPickerMode (202)
[2016.12.01-09.32.03:373][130]LogModuleManager: Shutting down and abandoning module ActorPickerMode (201)
[2016.12.01-09.32.03:373][130]LogModuleManager: Shutting down and abandoning module GeometryMode (200)
[2016.12.01-09.32.03:373][130]LogModuleManager: Shutting down and abandoning module TextureAlignMode (199)
[2016.12.01-09.32.03:373][130]LogModuleManager: Shutting down and abandoning module BspMode (198)
[2016.12.01-09.32.03:373][130]LogModuleManager: Shutting down and abandoning module HardwareSurvey (197)
[2016.12.01-09.32.03:373][130]LogModuleManager: Shutting down and abandoning module SequenceRecorderSections (196)
[2016.12.01-09.32.03:373][130]LogModuleManager: Shutting down and abandoning module SequenceRecorder (195)
[2016.12.01-09.32.03:373][130]LogModuleManager: Shutting down and abandoning module AutomationWorker (194)
[2016.12.01-09.32.03:373][130]LogModuleManager: Shutting down and abandoning module MatineeToLevelSequence (193)
[2016.12.01-09.32.03:373][130]LogModuleManager: Shutting down and abandoning module PlacementMode (192)
[2016.12.01-09.32.03:373][130]LogModuleManager: Shutting down and abandoning module LevelSequenceEditor (191)
[2016.12.01-09.32.03:373][130]LogModuleManager: Shutting down and abandoning module CharacterAI (190)
[2016.12.01-09.32.03:373][130]LogModuleManager: Shutting down and abandoning module SmartSnapping (189)
[2016.12.01-09.32.03:373][130]LogModuleManager: Shutting down and abandoning module SessionServices (188)
[2016.12.01-09.32.03:373][130]LogModuleManager: Shutting down and abandoning module ViewportSnapping (187)
[2016.12.01-09.32.03:373][130]LogModuleManager: Shutting down and abandoning module LogVisualizer (186)
[2016.12.01-09.32.03:373][130]LogModuleManager: Shutting down and abandoning module GameProjectGeneration (185)
[2016.12.01-09.32.03:373][130]LogModuleManager: Shutting down and abandoning module IntroTutorials (184)
[2016.12.01-09.32.03:373][130]LogModuleManager: Shutting down and abandoning module EditorLiveStreaming (183)
[2016.12.01-09.32.03:373][130]LogModuleManager: Shutting down and abandoning module IOSPlatformEditor (182)
[2016.12.01-09.32.03:373][130]LogModuleManager: Shutting down and abandoning module HTML5PlatformEditor (181)
[2016.12.01-09.32.03:373][130]LogModuleManager: Shutting down and abandoning module AndroidDeviceDetection (180)
[2016.12.01-09.32.03:760][130]LogModuleManager: Shutting down and abandoning module AndroidPlatformEditor (179)
[2016.12.01-09.32.03:760][130]LogModuleManager: Shutting down and abandoning module IOSRuntimeSettings (178)
[2016.12.01-09.32.03:760][130]LogModuleManager: Shutting down and abandoning module AndroidRuntimeSettings (177)
[2016.12.01-09.32.03:760][130]LogModuleManager: Shutting down and abandoning module MergeActors (176)
[2016.12.01-09.32.03:760][130]LogModuleManager: Shutting down and abandoning module SizeMap (175)
[2016.12.01-09.32.03:760][130]LogModuleManager: Shutting down and abandoning module TreeMap (174)
[2016.12.01-09.32.03:760][130]LogModuleManager: Shutting down and abandoning module ReferenceViewer (173)
[2016.12.01-09.32.03:760][130]LogModuleManager: Shutting down and abandoning module LocalizationService (172)
[2016.12.01-09.32.03:760][130]LogModuleManager: Shutting down and abandoning module LocalizationDashboard (171)
[2016.12.01-09.32.03:760][130]LogModuleManager: Shutting down and abandoning module HardwareTargeting (170)
[2016.12.01-09.32.03:760][130]LogModuleManager: Shutting down and abandoning module DeviceProfileEditor (169)
[2016.12.01-09.32.03:760][130]LogModuleManager: Shutting down and abandoning module UndoHistory (168)
[2016.12.01-09.32.03:760][130]LogModuleManager: Shutting down and abandoning module UserFeedback (167)
[2016.12.01-09.32.03:760][130]LogModuleManager: Shutting down and abandoning module XmlParser (166)
[2016.12.01-09.32.03:760][130]LogModuleManager: Shutting down and abandoning module Blutility (165)
[2016.12.01-09.32.03:760][130]LogModuleManager: Shutting down and abandoning module ProjectTargetPlatformEditor (164)
[2016.12.01-09.32.03:760][130]LogModuleManager: Shutting down and abandoning module ProjectSettingsViewer (163)
[2016.12.01-09.32.03:760][130]LogModuleManager: Shutting down and abandoning module InputBindingEditor (162)
[2016.12.01-09.32.03:761][130]LogModuleManager: Shutting down and abandoning module EditorSettingsViewer (161)
[2016.12.01-09.32.03:761][130]LogModuleManager: Shutting down and abandoning module SettingsEditor (160)
[2016.12.01-09.32.03:761][130]LogModuleManager: Shutting down and abandoning module ProjectLauncher (159)
[2016.12.01-09.32.03:761][130]LogModuleManager: Shutting down and abandoning module SessionFrontend (158)
[2016.12.01-09.32.03:761][130]LogModuleManager: Shutting down and abandoning module ProfilerClient (157)
[2016.12.01-09.32.03:761][130]LogModuleManager: Shutting down and abandoning module TargetDeviceServices (156)
[2016.12.01-09.32.03:761][130]LogModuleManager: Shutting down and abandoning module DeviceManager (155)
[2016.12.01-09.32.03:816][130]LogModuleManager: Shutting down and abandoning module AutomationController (154)
[2016.12.01-09.32.03:816][130]LogModuleManager: Shutting down and abandoning module AutomationWindow (153)
[2016.12.01-09.32.03:816][130]LogModuleManager: Shutting down and abandoning module Layers (152)
[2016.12.01-09.32.03:816][130]LogModuleManager: Shutting down and abandoning module ComponentVisualizers (151)
[2016.12.01-09.32.03:816][130]LogModuleManager: Shutting down and abandoning module DetailCustomizations (150)
[2016.12.01-09.32.03:816][130]LogModuleManager: Shutting down and abandoning module PackagesDialog (149)
[2016.12.01-09.32.03:816][130]LogModuleManager: Shutting down and abandoning module Persona (148)
[2016.12.01-09.32.03:816][130]LogModuleManager: Shutting down and abandoning module Kismet (147)
[2016.12.01-09.32.03:816][130]LogModuleManager: Shutting down and abandoning module GraphEditor (146)
[2016.12.01-09.32.03:816][130]LogModuleManager: Shutting down and abandoning module ClassViewer (145)
[2016.12.01-09.32.03:816][130]LogModuleManager: Shutting down and abandoning module Toolbox (144)
[2016.12.01-09.32.03:816][130]LogModuleManager: Shutting down and abandoning module ModuleUI (143)
[2016.12.01-09.32.03:816][130]LogModuleManager: Shutting down and abandoning module MovieSceneTools (142)
[2016.12.01-09.32.03:816][130]LogModuleManager: Shutting down and abandoning module OutputLog (141)
[2016.12.01-09.32.03:816][130]LogModuleManager: Shutting down and abandoning module GammaUI (140)
[2016.12.01-09.32.03:816][130]LogModuleManager: Shutting down and abandoning module Documentation (139)
[2016.12.01-09.32.03:817][130]LogModuleManager: Shutting down and abandoning module StreamingPauseRendering (138)
[2016.12.01-09.32.03:817][130]LogModuleManager: Shutting down and abandoning module AnalyticsET (137)
[2016.12.01-09.32.03:817][130]LogModuleManager: Shutting down and abandoning module Analytics (136)
[2016.12.01-09.32.03:817][130]LogModuleManager: Shutting down and abandoning module PortalServices (135)
[2016.12.01-09.32.03:817][130]LogModuleManager: Shutting down and abandoning module PortalRpc (134)
[2016.12.01-09.32.03:817][130]LogModuleManager: Shutting down and abandoning module MessagingRpc (133)
[2016.12.01-09.32.03:817][130]LogModuleManager: Shutting down and abandoning module GameplayDebugger (132)
[2016.12.01-09.32.03:817][130]LogModuleManager: Shutting down and abandoning module AITestSuite (131)
[2016.12.01-09.32.03:817][130]LogModuleManager: Shutting down and abandoning module AIModule (130)
[2016.12.01-09.32.03:817][130]LogModuleManager: Shutting down and abandoning module ProfilerService (129)
[2016.12.01-09.32.04:020][130]LogModuleManager: Shutting down and abandoning module TaskGraph (128)
[2016.12.01-09.32.04:020][130]LogModuleManager: Shutting down and abandoning module SlateRemote (127)
[2016.12.01-09.32.04:020][130]LogModuleManager: Shutting down and abandoning module SteamVRController (126)
[2016.12.01-09.32.04:020][130]LogModuleManager: Shutting down and abandoning module SteamVR (125)
[2016.12.01-09.32.04:020][130]LogModuleManager: Shutting down and abandoning module ProceduralMeshComponent (124)
[2016.12.01-09.32.04:020][130]LogModuleManager: Shutting down and abandoning module OculusLibrary (123)
[2016.12.01-09.32.04:020][130]LogModuleManager: Shutting down and abandoning module OculusInput (122)
[2016.12.01-09.32.04:020][130]LogModuleManager: Shutting down and abandoning module CustomMeshComponent (121)
[2016.12.01-09.32.04:020][130]LogModuleManager: Shutting down and abandoning module CableComponent (120)
[2016.12.01-09.32.04:020][130]LogModuleManager: Shutting down and abandoning module ArchVisCharacter (119)
[2016.12.01-09.32.04:020][130]LogModuleManager: Shutting down and abandoning module MediaPlayerEditor (118)
[2016.12.01-09.32.04:020][130]LogModuleManager: Shutting down and abandoning module HTML5Networking (117)
[2016.12.01-09.32.04:020][130]LogModuleManager: Shutting down and abandoning module SuperSearch (116)
[2016.12.01-09.32.04:020][130]LogModuleManager: Shutting down and abandoning module SuperSearchEditor (115)
[2016.12.01-09.32.04:020][130]LogModuleManager: Shutting down and abandoning module SpeedTreeImporter (114)
[2016.12.01-09.32.04:020][130]LogModuleManager: Shutting down and abandoning module PluginBrowser (113)
[2016.12.01-09.32.04:020][130]LogModuleManager: Shutting down and abandoning module EpicSurvey (112)
[2016.12.01-09.32.04:020][130]LogModuleManager: Shutting down and abandoning module DesktopPlatform (111)
[2016.12.01-09.32.04:020][130]LogModuleManager: Shutting down and abandoning module VisualStudioSourceCodeAccess (110)
[2016.12.01-09.32.04:020][130]LogModuleManager: Shutting down and abandoning module UObjectPlugin (109)
[2016.12.01-09.32.04:020][130]LogModuleManager: Shutting down and abandoning module SubversionSourceControl (108)
[2016.12.01-09.32.04:020][130]LogModuleManager: Shutting down and abandoning module PerforceSourceControl (107)
[2016.12.01-09.32.04:020][130]LogModuleManager: Shutting down and abandoning module SourceControl (106)
[2016.12.01-09.32.04:021][130]LogModuleManager: Shutting down and abandoning module GitSourceControl (105)
[2016.12.01-09.32.04:021][130]LogModuleManager: Shutting down and abandoning module LightPropagationVolumeEditor (104)
[2016.12.01-09.32.04:021][130]LogModuleManager: Shutting down and abandoning module PaperTiledImporter (103)
[2016.12.01-09.32.04:021][130]LogModuleManager: Shutting down and abandoning module PaperSpriteSheetImporter (102)
[2016.12.01-09.32.04:021][130]LogModuleManager: Shutting down and abandoning module MeshPaint (101)
[2016.12.01-09.32.04:021][130]LogModuleManager: Shutting down and abandoning module PixelInspectorModule (100)
[2016.12.01-09.32.04:021][130]LogModuleManager: Shutting down and abandoning module HotReload (99)
[2016.12.01-09.32.04:021][130]LogModuleManager: Shutting down and abandoning module MainFrame (98)
[2016.12.01-09.32.04:021][130]LogModuleManager: Shutting down and abandoning module LevelEditor (97)
[2016.12.01-09.32.04:022][130]LogModuleManager: Shutting down and abandoning module ContentBrowser (96)
[2016.12.01-09.32.04:023][130]LogModuleManager: Shutting down and abandoning module Paper2DEditor (95)
[2016.12.01-09.32.04:023][130]LogModuleManager: Shutting down and abandoning module UdpMessaging (94)
[2016.12.01-09.32.04:124][130]LogModuleManager: Shutting down and abandoning module LightPropagationVolumeRuntime (93)
[2016.12.01-09.32.04:124][130]LogModuleManager: Shutting down and abandoning module Paper2D (92)
[2016.12.01-09.32.04:124][130]LogModuleManager: Shutting down and abandoning module WindowsMoviePlayer (91)
[2016.12.01-09.32.04:124][130]LogModuleManager: Shutting down and abandoning module Media (90)
[2016.12.01-09.32.04:124][130]LogModuleManager: Shutting down and abandoning module WmfMedia (89)
[2016.12.01-09.32.04:124][130]LogModuleManager: Shutting down and abandoning module MediaAssets (88)
[2016.12.01-09.32.04:124][130]LogModuleManager: Shutting down and abandoning module GameLiveStreaming (87)
[2016.12.01-09.32.04:124][130]LogModuleManager: Shutting down and abandoning module GameplayTagsEditor (86)
[2016.12.01-09.32.04:124][130]LogModuleManager: Shutting down and abandoning module OnlineBlueprintSupport (85)
[2016.12.01-09.32.04:124][130]LogModuleManager: Shutting down and abandoning module VREditor (84)
[2016.12.01-09.32.04:124][130]LogModuleManager: Shutting down and abandoning module GameplayTasksEditor (83)
[2016.12.01-09.32.04:124][130]LogModuleManager: Shutting down and abandoning module PropertyEditor (82)
[2016.12.01-09.32.04:124][130]LogModuleManager: Shutting down and abandoning module BehaviorTreeEditor (81)
[2016.12.01-09.32.04:124][130]LogModuleManager: Shutting down and abandoning module FunctionalTesting (80)
[2016.12.01-09.32.04:124][130]LogModuleManager: Shutting down and abandoning module CollisionAnalyzer (79)
[2016.12.01-09.32.04:124][130]LogModuleManager: Shutting down and abandoning module Sequencer (78)
[2016.12.01-09.32.04:124][130]LogModuleManager: Shutting down and abandoning module WorkspaceMenuStructure (77)
[2016.12.01-09.32.04:124][130]LogModuleManager: Shutting down and abandoning module MessageLog (76)
[2016.12.01-09.32.04:124][130]LogModuleManager: Shutting down and abandoning module AssetTools (75)
[2016.12.01-09.32.04:124][130]LogModuleManager: Shutting down and abandoning module UMGEditor (74)
[2016.12.01-09.32.04:124][130]LogModuleManager: Shutting down and abandoning module UMG (73)
[2016.12.01-09.32.04:124][130]LogModuleManager: Shutting down and abandoning module SlateReflector (72)
[2016.12.01-09.32.04:124][130]LogModuleManager: Shutting down and abandoning module Slate (71)
[2016.12.01-09.32.04:124][130]LogModuleManager: Shutting down and abandoning module EditorStyle (70)
[2016.12.01-09.32.04:127][130]LogModuleManager: Shutting down and abandoning module SourceCodeAccess (69)
[2016.12.01-09.32.04:127][130]LogModuleManager: Shutting down and abandoning module HeadMountedDisplay (68)
[2016.12.01-09.32.04:127][130]LogModuleManager: Shutting down and abandoning module XAudio2 (67)
[2016.12.01-09.32.04:127][130]LogModuleManager: Shutting down and abandoning module Networking (65)
[2016.12.01-09.32.04:127][130]LogModuleManager: Shutting down and abandoning module Core (64)
[2016.12.01-09.32.04:127][130]LogModuleManager: Shutting down and abandoning module DirectoryWatcher (63)
[2016.12.01-09.32.04:128][130]LogModuleManager: Shutting down and abandoning module AssetRegistry (62)
[2016.12.01-09.32.05:677][130]LogAssetRegistry:Error: Failed to open file for write F:/Unreal 4/MyProject2/Intermediate/CachedAssetRegistry.bin
[2016.12.01-09.32.05:677][130]LogModuleManager: Shutting down and abandoning module KismetCompiler (61)
[2016.12.01-09.32.05:677][130]LogModuleManager: Shutting down and abandoning module PhysXFormats (60)
[2016.12.01-09.32.05:677][130]LogModuleManager: Shutting down and abandoning module MeshUtilities (59)
[2016.12.01-09.32.05:677][130]LogModuleManager: Shutting down and abandoning module DerivedDataCache (58)
[2016.12.01-09.32.05:700][130]LogDerivedDataCache: Shutdown
[2016.12.01-09.32.05:700][130]LogModuleManager: Shutting down and abandoning module VulkanShaderFormat (57)
[2016.12.01-09.32.05:700][130]LogModuleManager: Shutting down and abandoning module ShaderFormatOpenGL (56)
[2016.12.01-09.32.05:700][130]LogModuleManager: Shutting down and abandoning module ShaderFormatD3D (55)
[2016.12.01-09.32.05:700][130]LogModuleManager: Shutting down and abandoning module MetalShaderFormat (54)
[2016.12.01-09.32.05:700][130]LogModuleManager: Shutting down and abandoning module TextureFormatUncompressed (53)
[2016.12.01-09.32.05:700][130]LogModuleManager: Shutting down and abandoning module TextureFormatPVR (52)
[2016.12.01-09.32.05:700][130]LogModuleManager: Shutting down and abandoning module TextureFormatIntelISPCTexComp (51)
[2016.12.01-09.32.05:700][130]LogModuleManager: Shutting down and abandoning module TextureFormatDXT (50)
[2016.12.01-09.32.05:700][130]LogModuleManager: Shutting down and abandoning module ImageWrapper (49)
[2016.12.01-09.32.05:700][130]LogModuleManager: Shutting down and abandoning module TextureFormatASTC (48)
[2016.12.01-09.32.05:700][130]LogModuleManager: Shutting down and abandoning module TextureFormatAndroid (47)
[2016.12.01-09.32.05:700][130]LogModuleManager: Shutting down and abandoning module AudioFormatOpus (46)
[2016.12.01-09.32.05:700][130]LogModuleManager: Shutting down and abandoning module AudioFormatOgg (45)
[2016.12.01-09.32.05:700][130]LogModuleManager: Shutting down and abandoning module AudioFormatADPCM (44)
[2016.12.01-09.32.05:700][130]LogModuleManager: Shutting down and abandoning module LinuxTargetPlatform (43)
[2016.12.01-09.32.05:700][130]LogModuleManager: Shutting down and abandoning module LinuxServerTargetPlatform (42)
[2016.12.01-09.32.05:700][130]LogModuleManager: Shutting down and abandoning module LinuxNoEditorTargetPlatform (41)
[2016.12.01-09.32.05:700][130]LogModuleManager: Shutting down and abandoning module TVOSTargetPlatform (40)
[2016.12.01-09.32.05:700][130]LogModuleManager: Shutting down and abandoning module Messaging (39)
[2016.12.01-09.32.05:700][130]LogModuleManager: Shutting down and abandoning module IOSTargetPlatform (38)
[2016.12.01-09.32.05:700][130]LogModuleManager: Shutting down and abandoning module HTML5TargetPlatform (37)
[2016.12.01-09.32.05:700][130]LogModuleManager: Shutting down and abandoning module Android_PVRTCTargetPlatform (36)
[2016.12.01-09.32.05:701][130]LogModuleManager: Shutting down and abandoning module Android_MultiTargetPlatform (35)
[2016.12.01-09.32.05:701][130]LogModuleManager: Shutting down and abandoning module Android_ETC2TargetPlatform (34)
[2016.12.01-09.32.05:701][130]LogModuleManager: Shutting down and abandoning module Android_ETC1TargetPlatform (33)
[2016.12.01-09.32.05:701][130]LogModuleManager: Shutting down and abandoning module Android_DXTTargetPlatform (32)
[2016.12.01-09.32.05:701][130]LogModuleManager: Shutting down and abandoning module Android_ATCTargetPlatform (31)
[2016.12.01-09.32.05:701][130]LogModuleManager: Shutting down and abandoning module Android_ASTCTargetPlatform (30)
[2016.12.01-09.32.05:701][130]LogModuleManager: Shutting down and abandoning module AndroidTargetPlatform (29)
[2016.12.01-09.32.05:701][130]LogModuleManager: Shutting down and abandoning module WindowsTargetPlatform (28)
[2016.12.01-09.32.05:701][130]LogModuleManager: Shutting down and abandoning module WindowsServerTargetPlatform (27)
[2016.12.01-09.32.05:701][130]LogModuleManager: Shutting down and abandoning module WindowsNoEditorTargetPlatform (26)
[2016.12.01-09.32.05:701][130]LogModuleManager: Shutting down and abandoning module WindowsClientTargetPlatform (25)
[2016.12.01-09.32.05:701][130]LogModuleManager: Shutting down and abandoning module AllDesktopTargetPlatform (24)
[2016.12.01-09.32.05:701][130]LogModuleManager: Shutting down and abandoning module TargetPlatform (23)
[2016.12.01-09.32.05:701][130]LogModuleManager: Shutting down and abandoning module InputCore (22)
[2016.12.01-09.32.05:701][130]LogModuleManager: Shutting down and abandoning module Settings (21)
[2016.12.01-09.32.05:701][130]LogModuleManager: Shutting down and abandoning module OnlineSubsystem (19)
[2016.12.01-09.32.05:701][130]LogModuleManager: Shutting down and abandoning module HTTP (18)
[2016.12.01-09.32.10:255][130]LogModuleManager: Shutting down and abandoning module XMPP (17)
[2016.12.01-09.32.10:255][130]LogModuleManager: Shutting down and abandoning module OculusRift (16)
[2016.12.01-09.32.10:255][130]LogModuleManager: Shutting down and abandoning module ExampleDeviceProfileSelector (15)
[2016.12.01-09.32.10:255][130]LogModuleManager: Shutting down and abandoning module TextureCompressor (14)
[2016.12.01-09.32.10:255][130]LogModuleManager: Shutting down and abandoning module ShaderCore (13)
[2016.12.01-09.32.10:255][130]LogModuleManager: Shutting down and abandoning module Landscape (12)
[2016.12.01-09.32.10:255][130]LogModuleManager: Shutting down and abandoning module SlateRHIRenderer (11)
[2016.12.01-09.32.10:256][130]LogModuleManager: Shutting down and abandoning module OpenGLDrv (10)
[2016.12.01-09.32.10:256][130]LogModuleManager: Shutting down and abandoning module D3D11RHI (9)
[2016.12.01-09.32.10:256][130]LogModuleManager: Shutting down and abandoning module AnimGraphRuntime (8)
[2016.12.01-09.32.10:256][130]LogModuleManager: Shutting down and abandoning module Renderer (7)
[2016.12.01-09.32.10:256][130]LogModuleManager: Shutting down and abandoning module Engine (6)
[2016.12.01-09.32.10:256][130]LogModuleManager: Shutting down and abandoning module CoreUObject (5)
[2016.12.01-09.32.10:256][130]LogModuleManager: Shutting down and abandoning module NetworkFile (4)
[2016.12.01-09.32.10:256][130]LogModuleManager: Shutting down and abandoning module StreamingFile (3)
[2016.12.01-09.32.10:256][130]LogModuleManager: Shutting down and abandoning module SandboxFile (2)
[2016.12.01-09.32.10:256][130]LogModuleManager: Shutting down and abandoning module PakFile (1)
[2016.12.01-09.32.10:257][130]LogExit: Exiting.
[2016.12.01-09.32.10:259][130]Log file closed, 12/01/16 09:32:10
