Log file open, 12/01/16 09:31:08
LogInit:Display: Running engine for game: MyProject2
LogPlatformFile: Not using cached read wrapper
LogInit:Display: RandInit(-555891629) SRandInit(-555891626).
LogTaskGraph: Started task graph with 4 named threads and 7 total threads with 1 sets of task threads.
LogStats: Stats thread started at 0.134263
LogInit: Version: 4.12.5-3039270+++UE4+Release-4.12
LogInit: API Version: 2992821
LogInit: Net Version: 3039270
LogDevObjectVersion: Number of dev versions registered: 13
LogDevObjectVersion:   Dev-Blueprints (B0D832E4-1F89-4F0D-ACCF-7EB736FD4AA2): 3
LogDevObjectVersion:   Dev-Build (E1C64328-A22C-4D53-A36C-8E866417BD8C): 0
LogDevObjectVersion:   Dev-Core (375EC13C-06E4-48FB-B500-84F0262A717E): 1
LogDevObjectVersion:   Dev-Editor (E4B068ED-F494-42E9-A231-DA0B2E46BB41): 2
LogDevObjectVersion:   Dev-Framework (CFFC743F-43B0-4480-9391-14DF171D2073): 6
LogDevObjectVersion:   Dev-Mobile (B02B49B5-BB20-44E9-A304-32B752E40360): 0
LogDevObjectVersion:   Dev-Networking (A4E4105C-59A1-49B5-A7C5-40C4547EDFEE): 0
LogDevObjectVersion:   Dev-Online (39C831C9-5AE6-47DC-9A44-9C173E1C8E7C): 0
LogDevObjectVersion:   Dev-Physics (78F01B33-EBEA-4F98-B9B4-84EACCB95AA2): 0
LogDevObjectVersion:   Dev-Platform (6631380F-2D4D-43E0-8009-CF276956A95A): 0
LogDevObjectVersion:   Dev-Rendering (12F88B9F-8875-4AFC-A67C-D90C383ABD29): 2
LogDevObjectVersion:   Dev-Sequencer (7B5AE74C-D270-4C10-A958-57980B212A5A): 0
LogDevObjectVersion:   Dev-VR (D7296918-1DD6-4BDD-9DE2-64A83CC13884): 0
LogInit: Compiled (64-bit): Jul  6 2016 09:09:46
LogInit: Compiled with Visual C++: 19.00.23026.00
LogInit: Build Configuration: Development
LogInit: Branch Name: ++UE4+Release-4.12
LogInit: Command line:  
LogInit: Base directory: C:/Program Files (x86)/Epic Games/4.12/Engine/Binaries/Win64/
LogInit: Installed Engine Build: 1
LogInit: Using libcurl 7.41.0
LogInit:  - built for x86_64-pc-win32
LogInit:  - supports SSL with WinSSL
LogInit:  - other features:
LogInit:      CURL_VERSION_SSL
LogInit:      CURL_VERSION_IPV6
LogInit:      CURL_VERSION_ASYNCHDNS
LogInit:      CURL_VERSION_LARGEFILE
LogInit:      CURL_VERSION_IDN
LogInit:  CurlRequestOptions (configurable via config and command line):
LogInit:  - bVerifyPeer = true  - Libcurl will verify peer certificate
LogInit:  - bUseHttpProxy = false  - Libcurl will NOT use HTTP proxy
LogInit:  - bDontReuseConnections = false  - Libcurl will reuse connections
LogInit:  - CertBundlePath = nullptr  - Libcurl will use whatever was configured at build time.
LogInit: Presizing for max 8388607 objects, including 0 objects not considered by GC, pre-allocating 0 bytes for permanent pool.
LogInit: Object subsystem initialized
[2016.12.01-09.31.08:418][  0]LogInit: Selected Device Profile: [Windows]
[2016.12.01-09.31.08:418][  0]LogInit: Applying CVar settings loaded from the selected device profile: [Windows]
[2016.12.01-09.31.08:486][  0]LogInit: Computer: STU-CZC625C1MP
[2016.12.01-09.31.08:486][  0]LogInit: User: mp2holmes
[2016.12.01-09.31.08:486][  0]LogInit: CPU Page size=65536, Cores=4
[2016.12.01-09.31.08:486][  0]LogInit: High frequency timer resolution =3.328122 MHz
[2016.12.01-09.31.08:486][  0]LogMemory: Memory total: Physical=31.9GB (32GB approx)
[2016.12.01-09.31.08:486][  0]LogMemory: Platform Memory Stats for Windows
[2016.12.01-09.31.08:486][  0]LogMemory: Process Physical Memory: 189.89 MB used, 189.89 MB peak
[2016.12.01-09.31.08:486][  0]LogMemory: Process Virtual Memory: 196.19 MB used, 196.19 MB peak
[2016.12.01-09.31.08:486][  0]LogMemory: Physical Memory: 11730.37 MB used, 32648.59 MB total
[2016.12.01-09.31.08:486][  0]LogMemory: Virtual Memory: 549.36 MB used, 134217728.00 MB total
[2016.12.01-09.31.08:527][  0]LogTextLocalizationManager: No specific translations for ('en-GB') exist, so ('en') translations will be used.
[2016.12.01-09.31.09:030][  0]LogD3D11RHI: D3D11 adapters:
[2016.12.01-09.31.09:058][  0]LogD3D11RHI:    0. 'NVIDIA GeForce GTX 1060 6GB' (Feature Level 11_0)
[2016.12.01-09.31.09:058][  0]LogD3D11RHI:       5981/0/16324 MB DedicatedVideo/DedicatedSystem/SharedSystem, Outputs:1, VendorId:0x10de
[2016.12.01-09.31.09:084][  0]LogD3D11RHI:    1. 'Intel(R) HD Graphics 530' (Feature Level 11_0)
[2016.12.01-09.31.09:084][  0]LogD3D11RHI:       128/0/3840 MB DedicatedVideo/DedicatedSystem/SharedSystem, Outputs:1, VendorId:0x8086
[2016.12.01-09.31.09:090][  0]LogD3D11RHI:    2. 'Microsoft Basic Render Driver' (Feature Level 11_0)
[2016.12.01-09.31.09:090][  0]LogD3D11RHI:       0/0/256 MB DedicatedVideo/DedicatedSystem/SharedSystem, Outputs:0, VendorId:0x1414
[2016.12.01-09.31.09:090][  0]LogD3D11RHI: Chosen D3D11 Adapter: 0
[2016.12.01-09.31.09:096][  0]LogD3D11RHI: Creating new Direct3DDevice
[2016.12.01-09.31.09:096][  0]LogD3D11RHI:     GPU DeviceId: 0x1c03 (for the marketing name, search the web for "GPU Device Id")
[2016.12.01-09.31.09:096][  0]LogWindows: EnumDisplayDevices:
[2016.12.01-09.31.09:096][  0]LogWindows:    0. 'NVIDIA GeForce GTX 1060 6GB' (P:1 D:1)
[2016.12.01-09.31.09:096][  0]LogWindows:    1. 'NVIDIA GeForce GTX 1060 6GB' (P:0 D:0)
[2016.12.01-09.31.09:096][  0]LogWindows:    2. 'NVIDIA GeForce GTX 1060 6GB' (P:0 D:0)
[2016.12.01-09.31.09:097][  0]LogWindows:    3. 'NVIDIA GeForce GTX 1060 6GB' (P:0 D:0)
[2016.12.01-09.31.09:097][  0]LogWindows:    4. 'Intel(R) HD Graphics 530' (P:0 D:1)
[2016.12.01-09.31.09:097][  0]LogWindows:    5. 'Intel(R) HD Graphics 530' (P:0 D:0)
[2016.12.01-09.31.09:097][  0]LogWindows:    6. 'Intel(R) HD Graphics 530' (P:0 D:0)
[2016.12.01-09.31.09:097][  0]LogWindows: DebugString: PrimaryIsNotTheChoosenAdapter PrimaryIsNotTheChoosenAdapter PrimaryIsNotTheChoosenAdapter FoundDriverCount:4 
[2016.12.01-09.31.09:097][  0]LogD3D11RHI:     Adapter Name: NVIDIA GeForce GTX 1060 6GB
[2016.12.01-09.31.09:097][  0]LogD3D11RHI:   Driver Version: 373.06 (internal:21.21.13.7306, unified:373.06)
[2016.12.01-09.31.09:097][  0]LogD3D11RHI:      Driver Date: 10-1-2016
[2016.12.01-09.31.09:097][  0]LogRHI: Texture pool is 1361 MB (70% of 1945 MB)
[2016.12.01-09.31.09:116][  0]LogD3D11RHI: Async texture creation enabled
[2016.12.01-09.31.09:135][  0]LogD3D11RHI: GPU Timing Frequency: 1000.000000 (Debug: 2 2)
[2016.12.01-09.31.09:135][  0]LogShaderCompilers: Guid format shader working directory is 27 characters bigger than the processId version (F:/Unreal 4/MyProject2/Intermediate/Shaders/WorkingDirectory/7664/).
[2016.12.01-09.31.09:136][  0]LogShaderCompilers: Cleaned the shader compiler working directory 'C:/Users/MP2-HO~1/AppData/Local/Temp/UnrealShaderWorkingDir/665A87DD482272FD12B91BA5A08069A0/'.
[2016.12.01-09.31.09:136][  0]LogShaderCompilers:Display: Using Local Shader Compiler.
[2016.12.01-09.31.10:245][  0]LogTemp:Display: Loaded TP AllDesktopTargetPlatform
[2016.12.01-09.31.10:261][  0]LogTemp:Display: Loaded TP WindowsClientTargetPlatform
[2016.12.01-09.31.10:277][  0]LogTemp:Display: Loaded TP WindowsNoEditorTargetPlatform
[2016.12.01-09.31.10:291][  0]LogTemp:Display: Loaded TP WindowsServerTargetPlatform
[2016.12.01-09.31.10:306][  0]LogTemp:Display: Loaded TP WindowsTargetPlatform
[2016.12.01-09.31.10:319][  0]LogTemp:Display: Loaded TP AndroidTargetPlatform
[2016.12.01-09.31.10:332][  0]LogTemp:Display: Loaded TP Android_ASTCTargetPlatform
[2016.12.01-09.31.10:345][  0]LogTemp:Display: Loaded TP Android_ATCTargetPlatform
[2016.12.01-09.31.10:357][  0]LogTemp:Display: Loaded TP Android_DXTTargetPlatform
[2016.12.01-09.31.10:369][  0]LogTemp:Display: Loaded TP Android_ETC1TargetPlatform
[2016.12.01-09.31.10:382][  0]LogTemp:Display: Loaded TP Android_ETC2TargetPlatform
[2016.12.01-09.31.10:410][  0]LogTemp:Display: Loaded TP Android_MultiTargetPlatform
[2016.12.01-09.31.10:410][  0]LogTemp:Display: Loaded TP Android_PVRTCTargetPlatform
[2016.12.01-09.31.10:411][  0]LogTemp:Display: Loaded TP HTML5TargetPlatform
[2016.12.01-09.31.10:445][  0]LogTemp:Display: Loaded TP IOSTargetPlatform
[2016.12.01-09.31.10:469][  0]LogTemp:Display: Loaded TP TVOSTargetPlatform
[2016.12.01-09.31.10:500][  0]LogTemp:Display: Loaded TP LinuxNoEditorTargetPlatform
[2016.12.01-09.31.10:523][  0]LogTemp:Display: Loaded TP LinuxServerTargetPlatform
[2016.12.01-09.31.10:537][  0]LogTemp:Display: Loaded TP LinuxTargetPlatform
[2016.12.01-09.31.10:537][  0]LogTargetPlatformManager:Display: Building Assets For Windows
[2016.12.01-09.31.10:701][  0]LogDerivedDataCache:Display: Max Cache Size: 512 MB
[2016.12.01-09.31.10:765][  0]LogDerivedDataCache: Loaded boot cache 0.06s 48MB C:/Users/mp2-holmes/AppData/Local/UnrealEngine/4.12/DerivedDataCache/Boot.ddc.
[2016.12.01-09.31.10:765][  0]LogDerivedDataCache:Display: Loaded Boot cache: C:/Users/mp2-holmes/AppData/Local/UnrealEngine/4.12/DerivedDataCache/Boot.ddc
[2016.12.01-09.31.10:766][  0]LogDerivedDataCache: FDerivedDataBackendGraph:  Pak pak cache file F:/Unreal 4/MyProject2/DerivedDataCache/DDC.ddp not found, will not use a pak cache.
[2016.12.01-09.31.10:766][  0]LogDerivedDataCache: Unable to find inner node Pak for hierarchical cache Hierarchy.
[2016.12.01-09.31.10:766][  0]LogDerivedDataCache: FDerivedDataBackendGraph:  CompressedPak pak cache file F:/Unreal 4/MyProject2/DerivedDataCache/Compressed.ddp not found, will not use a pak cache.
[2016.12.01-09.31.10:766][  0]LogDerivedDataCache: Unable to find inner node CompressedPak for hierarchical cache Hierarchy.
[2016.12.01-09.31.10:798][  0]LogDerivedDataCache:Display: Pak cache opened for reading ../../../Engine/DerivedDataCache/Compressed.ddp.
[2016.12.01-09.31.10:811][  0]LogDerivedDataCache: Using Local data cache path C:/Users/mp2-holmes/AppData/Local/UnrealEngine/Common/DerivedDataCache: Writable
[2016.12.01-09.31.11:109][  0]LogInit: Selected Device Profile: [Windows]
[2016.12.01-09.31.11:110][  0]LogContentStreaming: Texture pool size is 0.00 MB
[2016.12.01-09.31.11:419][  0]LogMeshUtilities: No automatic mesh reduction module available
[2016.12.01-09.31.11:419][  0]LogMeshUtilities: No automatic mesh merging module available
[2016.12.01-09.31.11:419][  0]LogMeshUtilities: No distributed automatic mesh merging module available
[2016.12.01-09.31.11:706][  0]LogAssetRegistry: FAssetRegistry took 0.0224 seconds to start up
[2016.12.01-09.31.11:976][  0]LogPackageLocalizationCache: Processed 3 localized package path(s) for 2 prioritized culture(s) in 0.265400 seconds
[2016.12.01-09.31.11:981][  0]LogUObjectArray: 28739 objects as part of root set at end of initial load.
[2016.12.01-09.31.11:981][  0]LogUObjectAllocator: 5855632 out of 0 bytes used by permanent object pool.
[2016.12.01-09.31.11:981][  0]LogUObjectArray: CloseDisregardForGC: 0/0 objects in disregard for GC pool
[2016.12.01-09.31.12:002][  0]LogInit: WinSock: version 1.1 (2.2), MaxSocks=32767, MaxUdp=65467
[2016.12.01-09.31.12:292][  0]LogSlate: SlateFontCache - WITH_FREETYPE: 1, WITH_HARFBUZZ: 1
[2016.12.01-09.31.12:292][  0]LogSlate: SlateFontCache - WITH_FREETYPE: 1, WITH_HARFBUZZ: 1
[2016.12.01-09.31.13:198][  0]LogUdpMessaging: Initializing bridge on interface 0.0.0.0:0 to multicast group 230.0.0.1:6666.
[2016.12.01-09.31.13:501][  0]SourceControl: Info Source control is disabled
[2016.12.01-09.31.13:955][  0]SourceControl: Info Source control is disabled
[2016.12.01-09.31.13:966][  0]SourceControl: Info Source control is disabled
[2016.12.01-09.31.13:976][  0]SourceControl: Info Source control is disabled
[2016.12.01-09.31.14:340][  0]LogAssetRegistry:Error: Failed to open file for write F:/Unreal 4/MyProject2/Intermediate/CachedAssetRegistry.bin
[2016.12.01-09.31.18:417][  0]LogEngine: Initializing Engine...
[2016.12.01-09.31.18:419][  0]LogHMD: SteamVR failed to initialize.  Err: 110
[2016.12.01-09.31.18:420][  0]LogHMD: SteamVR failed to initialize.  Err: 110
[2016.12.01-09.31.18:592][  0]LogAIModule: Creating AISystem for world NewWorld
[2016.12.01-09.31.18:596][  0]LogInit: XAudio2 using 'Speakers (Realtek High Definition Audio)' : 2 channels at 48 kHz using 32 bits per sample (channel mask 0x3)
[2016.12.01-09.31.18:607][  0]LogInit: FAudioDevice initialized.
[2016.12.01-09.31.18:629][  0]LogDerivedDataCache: Saved boot cache 0.02s 48MB C:/Users/mp2-holmes/AppData/Local/UnrealEngine/4.12/DerivedDataCache/Boot.ddc.
[2016.12.01-09.31.18:722][  0]LogInit: Texture streaming: Enabled
[2016.12.01-09.31.18:782][  0]LogInit: Transaction tracking system initialized
[2016.12.01-09.31.18:867][  0]BlueprintLog: New page: Editor Load
[2016.12.01-09.31.19:250][  0]LocalizationService: Info Localization service is disabled
[2016.12.01-09.31.19:452][  0]LogConsoleResponse:Display: 
[2016.12.01-09.31.19:575][  0]LogCook:Display: Max memory allowance for cook 8192mb
[2016.12.01-09.31.19:575][  0]LogCook:Display: Mobile HDR setting 1
[2016.12.01-09.31.19:876][  0]LogFileCache: Scanning file cache for directory 'F:/Unreal 4/MyProject2/Content/' took 0.21s
[2016.12.01-09.31.19:876][  0]SourceControl: Info Source control is disabled
[2016.12.01-09.31.19:876][  0]Cmd: MAP LOAD FILE="F:/Unreal 4/MyProject2/Content/FirstPersonBP/Maps/FirstPersonExampleMap.umap" TEMPLATE=0 SHOWPROGRESS=1 FEATURELEVEL=3
[2016.12.01-09.31.19:884][  0]LightingResults: New page: Lighting Build
[2016.12.01-09.31.19:888][  0]MapCheck: New page: Map Check
[2016.12.01-09.31.19:889][  0]LightingResults: New page: Lighting Build
[2016.12.01-09.31.21:442][  0]LogMaterial: Missing cached shader map for material SnowMat, compiling. 
[2016.12.01-09.31.21:588][  0]LogMaterial: Missing cached shader map for material M_Fire, compiling. 
[2016.12.01-09.31.21:632][  0]LogMaterial: Missing cached shader map for material SnowFlake_matUnlit, compiling. 
[2016.12.01-09.31.21:655][  0]LogMaterial: Missing cached shader map for material SnowFlake_mat, compiling. 
[2016.12.01-09.31.21:724][  0]LogMaterial: Missing cached shader map for material Snow_ParticleMatUnlit, compiling. 
[2016.12.01-09.31.21:756][  0]LogMaterial: Missing cached shader map for material Snow_ParticleMat, compiling. 
[2016.12.01-09.31.21:859][  0]LogMaterial: Missing cached shader map for material CubeMaterial, compiling. 
[2016.12.01-09.31.21:914][  0]LogMaterial: Missing cached shader map for material WhiteRedPaperMAT, compiling. 
[2016.12.01-09.31.21:957][  0]LogMaterial: Missing cached shader map for material RedPaperMat, compiling. 
[2016.12.01-09.31.21:975][  0]LogMaterial: Missing cached shader map for material Jade_Mat, compiling. 
[2016.12.01-09.31.22:011][  0]LogMaterial: Missing cached shader map for material GreenPaperMat, compiling. 
[2016.12.01-09.31.22:234][  0]LogMaterial: Missing cached shader map for material ArrowMat, compiling. 
[2016.12.01-09.31.22:255][  0]LogMaterial: Missing cached shader map for material candy_stripe_2_by_r2krw9_Mat, compiling. 
[2016.12.01-09.31.22:273][  0]LogMaterial: Missing cached shader map for material gingerbread_tileing_texture_Mat, compiling. 
[2016.12.01-09.31.22:294][  0]LogMaterial: Missing cached shader map for material gingerbread_texture_Mat, compiling. 
[2016.12.01-09.31.22:322][  0]LogMaterial: Missing cached shader map for material chocolate-texture_Mat, compiling. 
[2016.12.01-09.31.22:342][  0]LogMaterial: Missing cached shader map for material -old-wood-flooring_texture_Mat, compiling. 
[2016.12.01-09.31.22:365][  0]LogMaterial: Missing cached shader map for material Red, compiling. 
[2016.12.01-09.31.22:388][  0]LogMaterial: Missing cached shader map for material Green, compiling. 
[2016.12.01-09.31.22:463][  0]LogMaterial: Missing cached shader map for material T_Wood_Pine_Mat, compiling. 
[2016.12.01-09.31.22:493][  0]LogMaterial: Missing cached shader map for material M_Wood_Pine, compiling. 
[2016.12.01-09.31.22:585][  0]LogMaterial: Missing cached shader map for material Palette_Mat, compiling. 
[2016.12.01-09.31.22:605][  0]LogMaterial: Missing cached shader map for material woodFlooringTexture_Mat, compiling. 
[2016.12.01-09.31.22:647][  0]LogAIModule: Creating AISystem for world FirstPersonExampleMap
[2016.12.01-09.31.22:939][  0]LogEditorServer: Finished looking for orphan Actors (0.000 secs)
[2016.12.01-09.31.22:940][  0]Cmd: MAP CHECKDEP NOCLEARLOG
[2016.12.01-09.31.23:067][  0]MapCheck: Info Map check complete: 0 Error(s), 0 Warning(s), took 127.298ms to complete.
[2016.12.01-09.31.23:067][  0]LogFileHelpers: Loading map 'FirstPersonExampleMap' took 3.191
[2016.12.01-09.31.23:663][  0]LogCollectionManager: Loaded 0 collections in 0.003805 seconds
[2016.12.01-09.31.23:712][  0]LogFileCache: Scanning file cache for directory 'F:/Unreal 4/MyProject2/Saved/Collections/' took 0.01s
[2016.12.01-09.31.23:712][  0]LogFileCache: Scanning file cache for directory 'F:/Unreal 4/MyProject2/Content/Developers/mp2holmes/Collections/' took 0.01s
[2016.12.01-09.31.23:712][  0]LogFileCache: Scanning file cache for directory 'F:/Unreal 4/MyProject2/Content/Collections/' took 0.01s
[2016.12.01-09.31.23:712][  0]LogCollectionManager: Rebuilt the GUID cache for 0 collections in 0.000002 seconds
[2016.12.01-09.31.23:732][  0]LogContentBrowser: Native class hierarchy populated in 0.0192 seconds. Added 2047 classes and 369 folders.
[2016.12.01-09.31.23:743][  0]LogStats: UGameplayTagsManager::ConstructGameplayTagTree: Construct from data asset -  0.000 s
[2016.12.01-09.31.23:743][  0]LogStats: UGameplayTagsManager::ConstructGameplayTagTree: GameplayTagTreeChangedEvent.Broadcast -  0.000 s
[2016.12.01-09.31.23:744][  0]LogContentBrowser: Native class hierarchy updated for 'GameplayTags' in 0.0011 seconds. Added 12 classes and 0 folders.
[2016.12.01-09.31.23:754][  0]LogContentBrowser: Native class hierarchy updated for 'WidgetCarousel' in 0.0012 seconds. Added 0 classes and 0 folders.
[2016.12.01-09.31.23:816][  0]LogContentBrowser: Native class hierarchy updated for 'AddContentDialog' in 0.0009 seconds. Added 0 classes and 0 folders.
[2016.12.01-09.31.23:832][  0]LogContentBrowser: Native class hierarchy updated for 'SceneOutliner' in 0.0052 seconds. Added 1 classes and 2 folders.
[2016.12.01-09.31.23:866][  0]LogCrashTracker: Crashtracker disabled due to settings.
[2016.12.01-09.31.23:927][  0]LogContentBrowser: Native class hierarchy updated for 'HierarchicalLODOutliner' in 0.0011 seconds. Added 1 classes and 2 folders.
[2016.12.01-09.31.23:927][  0]LogLoad: Full Startup: 30.02 seconds (BP compile: 0.38 seconds)
[2016.12.01-09.31.23:927][  0]LogExternalProfiler: Found external profiler: VSPerf
[2016.12.01-09.31.23:927][  0]LogExternalProfiler: Using external profiler: VSPerf
[2016.12.01-09.31.24:273][  0]LogOcInput: OculusInput pre-init called
[2016.12.01-09.31.24:362][  0]LogContentStreaming: Texture pool size now 1000 MB
[2016.12.01-09.31.25:324][  0]LogRenderer: Reallocating scene render targets to support 1208x576 (Frame:2).
[2016.12.01-09.31.25:346][  1]Cmd: UpdateLandscapeEditorData -warnings
[2016.12.01-09.31.25:707][  2]LogAssetRegistry: Asset discovery search completed in 14.0238 seconds
[2016.12.01-09.31.25:707][  2]LogCollectionManager: Rebuilt the object cache for 0 collections in 0.000001 seconds (found 0 objects)
[2016.12.01-09.31.25:707][  2]LogCollectionManager: Fixed up redirectors for 0 collections in 0.000024 seconds (updated 0 objects)
[2016.12.01-09.32.08:759][129]LogSynthBenchmark:Display: FSynthBenchmark (V0.95):  requested WorkScale=1.00
[2016.12.01-09.32.08:759][129]LogSynthBenchmark:Display: ===============
[2016.12.01-09.32.08:759][129]LogSynthBenchmark:Display: Main Processor:
[2016.12.01-09.32.08:803][129]LogSynthBenchmark:Display:          ... 0.023978 s/Run 'RayIntersect'
[2016.12.01-09.32.08:803][129]LogSynthBenchmark:Display:          ... 0.020303 s/Run 'Fractal'
[2016.12.01-09.32.08:803][129]LogSynthBenchmark:Display: 
[2016.12.01-09.32.08:803][129]LogSynthBenchmark:Display:   CompiledTarget_x_Bits: 64
[2016.12.01-09.32.08:803][129]LogSynthBenchmark:Display:   UE_BUILD_SHIPPING: 0
[2016.12.01-09.32.08:803][129]LogSynthBenchmark:Display:   UE_BUILD_TEST: 0
[2016.12.01-09.32.08:803][129]LogSynthBenchmark:Display:   UE_BUILD_DEBUG: 0
[2016.12.01-09.32.08:803][129]LogSynthBenchmark:Display:   TotalPhysicalGBRam: 32
[2016.12.01-09.32.08:803][129]LogSynthBenchmark:Display:   NumberOfCores (physical): 4
[2016.12.01-09.32.08:803][129]LogSynthBenchmark:Display:   NumberOfCores (logical): 8
[2016.12.01-09.32.08:803][129]LogSynthBenchmark:Display:   CPU Perf Index 0: 106.8 (weight 1.00)
[2016.12.01-09.32.08:803][129]LogSynthBenchmark:Display:   CPU Perf Index 1: 140.9 (weight 1.50)
[2016.12.01-09.32.08:803][129]LogSynthBenchmark:Display:  
[2016.12.01-09.32.08:803][129]LogSynthBenchmark:Display: Graphics:
[2016.12.01-09.32.08:803][129]LogSynthBenchmark:Display:   Adapter Name: 'NVIDIA GeForce GTX 1060 6GB'
[2016.12.01-09.32.08:803][129]LogSynthBenchmark:Display:   (On Optimus the name might be wrong, memory should be ok)
[2016.12.01-09.32.08:803][129]LogSynthBenchmark:Display:   Vendor Id: 0x10de
[2016.12.01-09.32.08:803][129]LogSynthBenchmark:Display:   Device Id: 0x1c03
[2016.12.01-09.32.08:803][129]LogSynthBenchmark:Display:   GPU Memory: 5982/0/16325 MB
[2016.12.01-09.32.13:896][129]LogSynthBenchmark:Display:   GPU first test: 0.00s
[2016.12.01-09.32.13:896][129]LogSynthBenchmark:Display:          ... 6.053 GigaPix/s, Confidence=100% 'ALUHeavyNoise' (likely to be very inaccurate)
[2016.12.01-09.32.13:896][129]LogSynthBenchmark:Display:          ... 4.620 GigaPix/s, Confidence=100% 'TexHeavy' (likely to be very inaccurate)
[2016.12.01-09.32.13:896][129]LogSynthBenchmark:Display:          ... 4.040 GigaPix/s, Confidence=89% 'DepTexHeavy' (likely to be very inaccurate)
[2016.12.01-09.32.13:896][129]LogSynthBenchmark:Display:          ... 11.714 GigaPix/s, Confidence=70% 'FillOnly' (likely to be very inaccurate)
[2016.12.01-09.32.13:896][129]LogSynthBenchmark:Display:          ... 1.068 GigaPix/s, Confidence=100% 'Bandwidth' (likely to be very inaccurate)
[2016.12.01-09.32.13:911][129]LogSynthBenchmark:Display:   GPU second test: 0.01s
[2016.12.01-09.32.13:911][129]LogSynthBenchmark:Display:          ... 10.560 GigaPix/s, Confidence=100% 'ALUHeavyNoise' (likely to be inaccurate)
[2016.12.01-09.32.13:911][129]LogSynthBenchmark:Display:          ... 8.298 GigaPix/s, Confidence=100% 'TexHeavy' (likely to be inaccurate)
[2016.12.01-09.32.13:911][129]LogSynthBenchmark:Display:          ... 7.262 GigaPix/s, Confidence=100% 'DepTexHeavy' (likely to be inaccurate)
[2016.12.01-09.32.13:911][129]LogSynthBenchmark:Display:          ... 38.145 GigaPix/s, Confidence=100% 'FillOnly' (likely to be inaccurate)
[2016.12.01-09.32.13:911][129]LogSynthBenchmark:Display:          ... 1.226 GigaPix/s, Confidence=100% 'Bandwidth' (likely to be inaccurate)
[2016.12.01-09.32.14:017][129]LogSynthBenchmark:Display:   GPU third test: 0.09s
[2016.12.01-09.32.14:017][129]LogSynthBenchmark:Display:          ... 11.592 GigaPix/s, Confidence=89% 'ALUHeavyNoise'
[2016.12.01-09.32.14:017][129]LogSynthBenchmark:Display:          ... 8.903 GigaPix/s, Confidence=100% 'TexHeavy'
[2016.12.01-09.32.14:017][129]LogSynthBenchmark:Display:          ... 8.311 GigaPix/s, Confidence=100% 'DepTexHeavy'
[2016.12.01-09.32.14:017][129]LogSynthBenchmark:Display:          ... 51.772 GigaPix/s, Confidence=100% 'FillOnly'
[2016.12.01-09.32.14:017][129]LogSynthBenchmark:Display:          ... 1.256 GigaPix/s, Confidence=100% 'Bandwidth'
[2016.12.01-09.32.14:017][129]LogSynthBenchmark:Display: 
[2016.12.01-09.32.14:017][129]LogSynthBenchmark:Display:   GPU Perf Index 0: 251.9 (weight 1.00)
[2016.12.01-09.32.14:017][129]LogSynthBenchmark:Display:   GPU Perf Index 1: 119.6 (weight 0.10)
[2016.12.01-09.32.14:017][129]LogSynthBenchmark:Display:   GPU Perf Index 2: 216.0 (weight 0.10)
[2016.12.01-09.32.14:017][129]LogSynthBenchmark:Display:   GPU Perf Index 3: 203.3 (weight 3.00)
[2016.12.01-09.32.14:017][129]LogSynthBenchmark:Display:   GPU Perf Index 4: 117.1 (weight 1.00)
[2016.12.01-09.32.14:017][129]LogSynthBenchmark:Display:   CPUIndex: 127.2
[2016.12.01-09.32.14:017][129]LogSynthBenchmark:Display:   GPUIndex: 194.7
[2016.12.01-09.32.14:017][129]LogSynthBenchmark:Display: 
[2016.12.01-09.32.14:017][129]LogSynthBenchmark:Display:          ... Total Time: 5.258576 sec
[2016.12.01-09.32.19:246][130]LogWindowsTextInputMethodSystem:Display: IME system now deactivated.
[2016.12.01-09.32.19:577][131]Cmd: QUIT_EDITOR
[2016.12.01-09.32.19:721][131]LogExit: Preparing to exit.
[2016.12.01-09.32.20:548][131]LogExit: Editor shut down
[2016.12.01-09.32.20:549][131]LogExit: Transaction tracking system shut down
[2016.12.01-09.32.20:690][131]LogObj: Freed 0b from 0 cluster array pools.
[2016.12.01-09.32.20:690][131]LogExit: Object subsystem successfully closed.
[2016.12.01-09.32.20:703][131]LogD3D11RHI: Shutdown
[2016.12.01-09.32.20:703][131]LogD3D11RHI: CleanupD3DDevice
[2016.12.01-09.32.20:819][131]LogD3D11RHI: ~FD3D11DynamicRHI
[2016.12.01-09.32.20:833][131]LogModuleManager: Shutting down and abandoning module SynthBenchmark (214)
[2016.12.01-09.32.20:833][131]LogModuleManager: Shutting down and abandoning module HierarchicalLODOutliner (213)
[2016.12.01-09.32.20:833][131]LogModuleManager: Shutting down and abandoning module CrashTracker (212)
[2016.12.01-09.32.20:833][131]LogModuleManager: Shutting down and abandoning module SceneOutliner (211)
[2016.12.01-09.32.20:833][131]LogModuleManager: Shutting down and abandoning module WidgetCarousel (210)
[2016.12.01-09.32.20:833][131]LogModuleManager: Shutting down and abandoning module AddContentDialog (209)
[2016.12.01-09.32.20:834][131]LogModuleManager: Shutting down and abandoning module GameplayTags (208)
[2016.12.01-09.32.20:834][131]LogModuleManager: Shutting down and abandoning module EditorWidgets (207)
[2016.12.01-09.32.20:834][131]LogModuleManager: Shutting down and abandoning module CollectionManager (206)
[2016.12.01-09.32.20:835][131]LogModuleManager: Shutting down and abandoning module StatsViewer (205)
[2016.12.01-09.32.20:835][131]LogModuleManager: Shutting down and abandoning module FoliageEdit (204)
[2016.12.01-09.32.20:835][131]LogModuleManager: Shutting down and abandoning module LandscapeEditor (203)
[2016.12.01-09.32.20:835][131]LogModuleManager: Shutting down and abandoning module SceneDepthPickerMode (202)
[2016.12.01-09.32.20:835][131]LogModuleManager: Shutting down and abandoning module ActorPickerMode (201)
[2016.12.01-09.32.20:835][131]LogModuleManager: Shutting down and abandoning module GeometryMode (200)
[2016.12.01-09.32.20:835][131]LogModuleManager: Shutting down and abandoning module TextureAlignMode (199)
[2016.12.01-09.32.20:835][131]LogModuleManager: Shutting down and abandoning module BspMode (198)
[2016.12.01-09.32.20:835][131]LogModuleManager: Shutting down and abandoning module HardwareSurvey (197)
[2016.12.01-09.32.20:835][131]LogModuleManager: Shutting down and abandoning module SequenceRecorderSections (196)
[2016.12.01-09.32.20:835][131]LogModuleManager: Shutting down and abandoning module SequenceRecorder (195)
[2016.12.01-09.32.20:835][131]LogModuleManager: Shutting down and abandoning module AutomationWorker (194)
[2016.12.01-09.32.20:835][131]LogModuleManager: Shutting down and abandoning module MatineeToLevelSequence (193)
[2016.12.01-09.32.20:835][131]LogModuleManager: Shutting down and abandoning module PlacementMode (192)
[2016.12.01-09.32.20:835][131]LogModuleManager: Shutting down and abandoning module LevelSequenceEditor (191)
[2016.12.01-09.32.20:835][131]LogModuleManager: Shutting down and abandoning module CharacterAI (190)
[2016.12.01-09.32.20:835][131]LogModuleManager: Shutting down and abandoning module SmartSnapping (189)
[2016.12.01-09.32.20:835][131]LogModuleManager: Shutting down and abandoning module SessionServices (188)
[2016.12.01-09.32.20:835][131]LogModuleManager: Shutting down and abandoning module ViewportSnapping (187)
[2016.12.01-09.32.20:835][131]LogModuleManager: Shutting down and abandoning module LogVisualizer (186)
[2016.12.01-09.32.20:835][131]LogModuleManager: Shutting down and abandoning module GameProjectGeneration (185)
[2016.12.01-09.32.20:835][131]LogModuleManager: Shutting down and abandoning module IntroTutorials (184)
[2016.12.01-09.32.20:835][131]LogModuleManager: Shutting down and abandoning module EditorLiveStreaming (183)
[2016.12.01-09.32.20:835][131]LogModuleManager: Shutting down and abandoning module IOSPlatformEditor (182)
[2016.12.01-09.32.20:835][131]LogModuleManager: Shutting down and abandoning module HTML5PlatformEditor (181)
[2016.12.01-09.32.20:835][131]LogModuleManager: Shutting down and abandoning module AndroidDeviceDetection (180)
[2016.12.01-09.32.21:429][131]LogModuleManager: Shutting down and abandoning module AndroidPlatformEditor (179)
[2016.12.01-09.32.21:429][131]LogModuleManager: Shutting down and abandoning module IOSRuntimeSettings (178)
[2016.12.01-09.32.21:429][131]LogModuleManager: Shutting down and abandoning module AndroidRuntimeSettings (177)
[2016.12.01-09.32.21:429][131]LogModuleManager: Shutting down and abandoning module MergeActors (176)
[2016.12.01-09.32.21:429][131]LogModuleManager: Shutting down and abandoning module SizeMap (175)
[2016.12.01-09.32.21:429][131]LogModuleManager: Shutting down and abandoning module TreeMap (174)
[2016.12.01-09.32.21:429][131]LogModuleManager: Shutting down and abandoning module ReferenceViewer (173)
[2016.12.01-09.32.21:429][131]LogModuleManager: Shutting down and abandoning module LocalizationService (172)
[2016.12.01-09.32.21:429][131]LogModuleManager: Shutting down and abandoning module LocalizationDashboard (171)
[2016.12.01-09.32.21:429][131]LogModuleManager: Shutting down and abandoning module HardwareTargeting (170)
[2016.12.01-09.32.21:429][131]LogModuleManager: Shutting down and abandoning module DeviceProfileEditor (169)
[2016.12.01-09.32.21:429][131]LogModuleManager: Shutting down and abandoning module UndoHistory (168)
[2016.12.01-09.32.21:429][131]LogModuleManager: Shutting down and abandoning module UserFeedback (167)
[2016.12.01-09.32.21:429][131]LogModuleManager: Shutting down and abandoning module XmlParser (166)
[2016.12.01-09.32.21:429][131]LogModuleManager: Shutting down and abandoning module Blutility (165)
[2016.12.01-09.32.21:429][131]LogModuleManager: Shutting down and abandoning module ProjectTargetPlatformEditor (164)
[2016.12.01-09.32.21:430][131]LogModuleManager: Shutting down and abandoning module ProjectSettingsViewer (163)
[2016.12.01-09.32.21:430][131]LogModuleManager: Shutting down and abandoning module InputBindingEditor (162)
[2016.12.01-09.32.21:430][131]LogModuleManager: Shutting down and abandoning module EditorSettingsViewer (161)
[2016.12.01-09.32.21:430][131]LogModuleManager: Shutting down and abandoning module SettingsEditor (160)
[2016.12.01-09.32.21:430][131]LogModuleManager: Shutting down and abandoning module ProjectLauncher (159)
[2016.12.01-09.32.21:430][131]LogModuleManager: Shutting down and abandoning module SessionFrontend (158)
[2016.12.01-09.32.21:430][131]LogModuleManager: Shutting down and abandoning module ProfilerClient (157)
[2016.12.01-09.32.21:430][131]LogModuleManager: Shutting down and abandoning module TargetDeviceServices (156)
[2016.12.01-09.32.21:430][131]LogModuleManager: Shutting down and abandoning module DeviceManager (155)
[2016.12.01-09.32.21:485][131]LogModuleManager: Shutting down and abandoning module AutomationController (154)
[2016.12.01-09.32.21:485][131]LogModuleManager: Shutting down and abandoning module AutomationWindow (153)
[2016.12.01-09.32.21:485][131]LogModuleManager: Shutting down and abandoning module Layers (152)
[2016.12.01-09.32.21:485][131]LogModuleManager: Shutting down and abandoning module ComponentVisualizers (151)
[2016.12.01-09.32.21:485][131]LogModuleManager: Shutting down and abandoning module DetailCustomizations (150)
[2016.12.01-09.32.21:485][131]LogModuleManager: Shutting down and abandoning module PackagesDialog (149)
[2016.12.01-09.32.21:485][131]LogModuleManager: Shutting down and abandoning module Persona (148)
[2016.12.01-09.32.21:485][131]LogModuleManager: Shutting down and abandoning module Kismet (147)
[2016.12.01-09.32.21:485][131]LogModuleManager: Shutting down and abandoning module GraphEditor (146)
[2016.12.01-09.32.21:485][131]LogModuleManager: Shutting down and abandoning module ClassViewer (145)
[2016.12.01-09.32.21:485][131]LogModuleManager: Shutting down and abandoning module Toolbox (144)
[2016.12.01-09.32.21:485][131]LogModuleManager: Shutting down and abandoning module ModuleUI (143)
[2016.12.01-09.32.21:485][131]LogModuleManager: Shutting down and abandoning module MovieSceneTools (142)
[2016.12.01-09.32.21:485][131]LogModuleManager: Shutting down and abandoning module OutputLog (141)
[2016.12.01-09.32.21:485][131]LogModuleManager: Shutting down and abandoning module GammaUI (140)
[2016.12.01-09.32.21:485][131]LogModuleManager: Shutting down and abandoning module Documentation (139)
[2016.12.01-09.32.21:485][131]LogModuleManager: Shutting down and abandoning module StreamingPauseRendering (138)
[2016.12.01-09.32.21:485][131]LogModuleManager: Shutting down and abandoning module AnalyticsET (137)
[2016.12.01-09.32.21:485][131]LogModuleManager: Shutting down and abandoning module Analytics (136)
[2016.12.01-09.32.21:485][131]LogModuleManager: Shutting down and abandoning module PortalServices (135)
[2016.12.01-09.32.21:485][131]LogModuleManager: Shutting down and abandoning module PortalRpc (134)
[2016.12.01-09.32.21:485][131]LogModuleManager: Shutting down and abandoning module MessagingRpc (133)
[2016.12.01-09.32.21:485][131]LogModuleManager: Shutting down and abandoning module GameplayDebugger (132)
[2016.12.01-09.32.21:485][131]LogModuleManager: Shutting down and abandoning module AITestSuite (131)
[2016.12.01-09.32.21:485][131]LogModuleManager: Shutting down and abandoning module AIModule (130)
[2016.12.01-09.32.21:485][131]LogModuleManager: Shutting down and abandoning module ProfilerService (129)
[2016.12.01-09.32.21:616][131]LogModuleManager: Shutting down and abandoning module TaskGraph (128)
[2016.12.01-09.32.21:616][131]LogModuleManager: Shutting down and abandoning module SlateRemote (127)
[2016.12.01-09.32.21:616][131]LogModuleManager: Shutting down and abandoning module SteamVRController (126)
[2016.12.01-09.32.21:616][131]LogModuleManager: Shutting down and abandoning module SteamVR (125)
[2016.12.01-09.32.21:616][131]LogModuleManager: Shutting down and abandoning module ProceduralMeshComponent (124)
[2016.12.01-09.32.21:616][131]LogModuleManager: Shutting down and abandoning module OculusLibrary (123)
[2016.12.01-09.32.21:616][131]LogModuleManager: Shutting down and abandoning module OculusInput (122)
[2016.12.01-09.32.21:616][131]LogModuleManager: Shutting down and abandoning module CustomMeshComponent (121)
[2016.12.01-09.32.21:616][131]LogModuleManager: Shutting down and abandoning module CableComponent (120)
[2016.12.01-09.32.21:616][131]LogModuleManager: Shutting down and abandoning module ArchVisCharacter (119)
[2016.12.01-09.32.21:616][131]LogModuleManager: Shutting down and abandoning module MediaPlayerEditor (118)
[2016.12.01-09.32.21:616][131]LogModuleManager: Shutting down and abandoning module HTML5Networking (117)
[2016.12.01-09.32.21:616][131]LogModuleManager: Shutting down and abandoning module SuperSearch (116)
[2016.12.01-09.32.21:616][131]LogModuleManager: Shutting down and abandoning module SuperSearchEditor (115)
[2016.12.01-09.32.21:616][131]LogModuleManager: Shutting down and abandoning module SpeedTreeImporter (114)
[2016.12.01-09.32.21:616][131]LogModuleManager: Shutting down and abandoning module PluginBrowser (113)
[2016.12.01-09.32.21:616][131]LogModuleManager: Shutting down and abandoning module EpicSurvey (112)
[2016.12.01-09.32.21:616][131]LogModuleManager: Shutting down and abandoning module DesktopPlatform (111)
[2016.12.01-09.32.21:616][131]LogModuleManager: Shutting down and abandoning module VisualStudioSourceCodeAccess (110)
[2016.12.01-09.32.21:616][131]LogModuleManager: Shutting down and abandoning module UObjectPlugin (109)
[2016.12.01-09.32.21:616][131]LogModuleManager: Shutting down and abandoning module SubversionSourceControl (108)
[2016.12.01-09.32.21:617][131]LogModuleManager: Shutting down and abandoning module PerforceSourceControl (107)
[2016.12.01-09.32.21:617][131]LogModuleManager: Shutting down and abandoning module SourceControl (106)
[2016.12.01-09.32.21:617][131]LogModuleManager: Shutting down and abandoning module GitSourceControl (105)
[2016.12.01-09.32.21:617][131]LogModuleManager: Shutting down and abandoning module LightPropagationVolumeEditor (104)
[2016.12.01-09.32.21:617][131]LogModuleManager: Shutting down and abandoning module PaperTiledImporter (103)
[2016.12.01-09.32.21:617][131]LogModuleManager: Shutting down and abandoning module PaperSpriteSheetImporter (102)
[2016.12.01-09.32.21:617][131]LogModuleManager: Shutting down and abandoning module MeshPaint (101)
[2016.12.01-09.32.21:617][131]LogModuleManager: Shutting down and abandoning module PixelInspectorModule (100)
[2016.12.01-09.32.21:617][131]LogModuleManager: Shutting down and abandoning module HotReload (99)
[2016.12.01-09.32.21:617][131]LogModuleManager: Shutting down and abandoning module MainFrame (98)
[2016.12.01-09.32.21:617][131]LogModuleManager: Shutting down and abandoning module LevelEditor (97)
[2016.12.01-09.32.21:617][131]LogModuleManager: Shutting down and abandoning module ContentBrowser (96)
[2016.12.01-09.32.21:618][131]LogModuleManager: Shutting down and abandoning module Paper2DEditor (95)
[2016.12.01-09.32.21:618][131]LogModuleManager: Shutting down and abandoning module UdpMessaging (94)
[2016.12.01-09.32.21:720][131]LogModuleManager: Shutting down and abandoning module LightPropagationVolumeRuntime (93)
[2016.12.01-09.32.21:720][131]LogModuleManager: Shutting down and abandoning module Paper2D (92)
[2016.12.01-09.32.21:720][131]LogModuleManager: Shutting down and abandoning module WindowsMoviePlayer (91)
[2016.12.01-09.32.21:720][131]LogModuleManager: Shutting down and abandoning module Media (90)
[2016.12.01-09.32.21:720][131]LogModuleManager: Shutting down and abandoning module WmfMedia (89)
[2016.12.01-09.32.21:720][131]LogModuleManager: Shutting down and abandoning module MediaAssets (88)
[2016.12.01-09.32.21:720][131]LogModuleManager: Shutting down and abandoning module GameLiveStreaming (87)
[2016.12.01-09.32.21:720][131]LogModuleManager: Shutting down and abandoning module GameplayTagsEditor (86)
[2016.12.01-09.32.21:720][131]LogModuleManager: Shutting down and abandoning module OnlineBlueprintSupport (85)
[2016.12.01-09.32.21:720][131]LogModuleManager: Shutting down and abandoning module VREditor (84)
[2016.12.01-09.32.21:720][131]LogModuleManager: Shutting down and abandoning module GameplayTasksEditor (83)
[2016.12.01-09.32.21:720][131]LogModuleManager: Shutting down and abandoning module PropertyEditor (82)
[2016.12.01-09.32.21:720][131]LogModuleManager: Shutting down and abandoning module BehaviorTreeEditor (81)
[2016.12.01-09.32.21:720][131]LogModuleManager: Shutting down and abandoning module FunctionalTesting (80)
[2016.12.01-09.32.21:720][131]LogModuleManager: Shutting down and abandoning module CollisionAnalyzer (79)
[2016.12.01-09.32.21:720][131]LogModuleManager: Shutting down and abandoning module Sequencer (78)
[2016.12.01-09.32.21:720][131]LogModuleManager: Shutting down and abandoning module WorkspaceMenuStructure (77)
[2016.12.01-09.32.21:720][131]LogModuleManager: Shutting down and abandoning module MessageLog (76)
[2016.12.01-09.32.21:720][131]LogModuleManager: Shutting down and abandoning module AssetTools (75)
[2016.12.01-09.32.21:720][131]LogModuleManager: Shutting down and abandoning module UMGEditor (74)
[2016.12.01-09.32.21:720][131]LogModuleManager: Shutting down and abandoning module UMG (73)
[2016.12.01-09.32.21:720][131]LogModuleManager: Shutting down and abandoning module SlateReflector (72)
[2016.12.01-09.32.21:720][131]LogModuleManager: Shutting down and abandoning module Slate (71)
[2016.12.01-09.32.21:720][131]LogModuleManager: Shutting down and abandoning module EditorStyle (70)
[2016.12.01-09.32.21:723][131]LogModuleManager: Shutting down and abandoning module SourceCodeAccess (69)
[2016.12.01-09.32.21:723][131]LogModuleManager: Shutting down and abandoning module HeadMountedDisplay (68)
[2016.12.01-09.32.21:723][131]LogModuleManager: Shutting down and abandoning module XAudio2 (67)
[2016.12.01-09.32.21:723][131]LogModuleManager: Shutting down and abandoning module Networking (65)
[2016.12.01-09.32.21:723][131]LogModuleManager: Shutting down and abandoning module Core (64)
[2016.12.01-09.32.21:723][131]LogModuleManager: Shutting down and abandoning module DirectoryWatcher (63)
[2016.12.01-09.32.21:723][131]LogModuleManager: Shutting down and abandoning module AssetRegistry (62)
[2016.12.01-09.32.30:726][131]LogModuleManager: Shutting down and abandoning module KismetCompiler (61)
[2016.12.01-09.32.30:726][131]LogModuleManager: Shutting down and abandoning module PhysXFormats (60)
[2016.12.01-09.32.30:726][131]LogModuleManager: Shutting down and abandoning module MeshUtilities (59)
[2016.12.01-09.32.30:726][131]LogModuleManager: Shutting down and abandoning module DerivedDataCache (58)
[2016.12.01-09.32.31:053][131]LogDerivedDataCache: Shutdown
[2016.12.01-09.32.31:053][131]LogModuleManager: Shutting down and abandoning module VulkanShaderFormat (57)
[2016.12.01-09.32.31:053][131]LogModuleManager: Shutting down and abandoning module ShaderFormatOpenGL (56)
[2016.12.01-09.32.31:053][131]LogModuleManager: Shutting down and abandoning module ShaderFormatD3D (55)
[2016.12.01-09.32.31:053][131]LogModuleManager: Shutting down and abandoning module MetalShaderFormat (54)
[2016.12.01-09.32.31:053][131]LogModuleManager: Shutting down and abandoning module TextureFormatUncompressed (53)
[2016.12.01-09.32.31:053][131]LogModuleManager: Shutting down and abandoning module TextureFormatPVR (52)
[2016.12.01-09.32.31:053][131]LogModuleManager: Shutting down and abandoning module TextureFormatIntelISPCTexComp (51)
[2016.12.01-09.32.31:054][131]LogModuleManager: Shutting down and abandoning module TextureFormatDXT (50)
[2016.12.01-09.32.31:054][131]LogModuleManager: Shutting down and abandoning module ImageWrapper (49)
[2016.12.01-09.32.31:054][131]LogModuleManager: Shutting down and abandoning module TextureFormatASTC (48)
[2016.12.01-09.32.31:054][131]LogModuleManager: Shutting down and abandoning module TextureFormatAndroid (47)
[2016.12.01-09.32.31:054][131]LogModuleManager: Shutting down and abandoning module AudioFormatOpus (46)
[2016.12.01-09.32.31:054][131]LogModuleManager: Shutting down and abandoning module AudioFormatOgg (45)
[2016.12.01-09.32.31:054][131]LogModuleManager: Shutting down and abandoning module AudioFormatADPCM (44)
[2016.12.01-09.32.31:054][131]LogModuleManager: Shutting down and abandoning module LinuxTargetPlatform (43)
[2016.12.01-09.32.31:054][131]LogModuleManager: Shutting down and abandoning module LinuxServerTargetPlatform (42)
[2016.12.01-09.32.31:054][131]LogModuleManager: Shutting down and abandoning module LinuxNoEditorTargetPlatform (41)
[2016.12.01-09.32.31:054][131]LogModuleManager: Shutting down and abandoning module TVOSTargetPlatform (40)
[2016.12.01-09.32.31:054][131]LogModuleManager: Shutting down and abandoning module Messaging (39)
[2016.12.01-09.32.31:054][131]LogModuleManager: Shutting down and abandoning module IOSTargetPlatform (38)
[2016.12.01-09.32.31:054][131]LogModuleManager: Shutting down and abandoning module HTML5TargetPlatform (37)
[2016.12.01-09.32.31:054][131]LogModuleManager: Shutting down and abandoning module Android_PVRTCTargetPlatform (36)
[2016.12.01-09.32.31:054][131]LogModuleManager: Shutting down and abandoning module Android_MultiTargetPlatform (35)
[2016.12.01-09.32.31:054][131]LogModuleManager: Shutting down and abandoning module Android_ETC2TargetPlatform (34)
[2016.12.01-09.32.31:054][131]LogModuleManager: Shutting down and abandoning module Android_ETC1TargetPlatform (33)
[2016.12.01-09.32.31:054][131]LogModuleManager: Shutting down and abandoning module Android_DXTTargetPlatform (32)
[2016.12.01-09.32.31:054][131]LogModuleManager: Shutting down and abandoning module Android_ATCTargetPlatform (31)
[2016.12.01-09.32.31:054][131]LogModuleManager: Shutting down and abandoning module Android_ASTCTargetPlatform (30)
[2016.12.01-09.32.31:054][131]LogModuleManager: Shutting down and abandoning module AndroidTargetPlatform (29)
[2016.12.01-09.32.31:054][131]LogModuleManager: Shutting down and abandoning module WindowsTargetPlatform (28)
[2016.12.01-09.32.31:054][131]LogModuleManager: Shutting down and abandoning module WindowsServerTargetPlatform (27)
[2016.12.01-09.32.31:054][131]LogModuleManager: Shutting down and abandoning module WindowsNoEditorTargetPlatform (26)
[2016.12.01-09.32.31:054][131]LogModuleManager: Shutting down and abandoning module WindowsClientTargetPlatform (25)
[2016.12.01-09.32.31:054][131]LogModuleManager: Shutting down and abandoning module AllDesktopTargetPlatform (24)
[2016.12.01-09.32.31:054][131]LogModuleManager: Shutting down and abandoning module TargetPlatform (23)
[2016.12.01-09.32.31:054][131]LogModuleManager: Shutting down and abandoning module InputCore (22)
[2016.12.01-09.32.31:054][131]LogModuleManager: Shutting down and abandoning module Settings (21)
[2016.12.01-09.32.31:054][131]LogModuleManager: Shutting down and abandoning module OnlineSubsystem (19)
[2016.12.01-09.32.31:054][131]LogModuleManager: Shutting down and abandoning module HTTP (18)
[2016.12.01-09.32.35:571][131]LogModuleManager: Shutting down and abandoning module XMPP (17)
[2016.12.01-09.32.35:571][131]LogModuleManager: Shutting down and abandoning module OculusRift (16)
[2016.12.01-09.32.35:571][131]LogModuleManager: Shutting down and abandoning module ExampleDeviceProfileSelector (15)
[2016.12.01-09.32.35:571][131]LogModuleManager: Shutting down and abandoning module TextureCompressor (14)
[2016.12.01-09.32.35:571][131]LogModuleManager: Shutting down and abandoning module ShaderCore (13)
[2016.12.01-09.32.35:571][131]LogModuleManager: Shutting down and abandoning module Landscape (12)
[2016.12.01-09.32.35:571][131]LogModuleManager: Shutting down and abandoning module SlateRHIRenderer (11)
[2016.12.01-09.32.35:572][131]LogModuleManager: Shutting down and abandoning module OpenGLDrv (10)
[2016.12.01-09.32.35:572][131]LogModuleManager: Shutting down and abandoning module D3D11RHI (9)
[2016.12.01-09.32.35:572][131]LogModuleManager: Shutting down and abandoning module AnimGraphRuntime (8)
[2016.12.01-09.32.35:572][131]LogModuleManager: Shutting down and abandoning module Renderer (7)
[2016.12.01-09.32.35:572][131]LogModuleManager: Shutting down and abandoning module Engine (6)
[2016.12.01-09.32.35:572][131]LogModuleManager: Shutting down and abandoning module CoreUObject (5)
[2016.12.01-09.32.35:572][131]LogModuleManager: Shutting down and abandoning module NetworkFile (4)
[2016.12.01-09.32.35:572][131]LogModuleManager: Shutting down and abandoning module StreamingFile (3)
[2016.12.01-09.32.35:572][131]LogModuleManager: Shutting down and abandoning module SandboxFile (2)
[2016.12.01-09.32.35:572][131]LogModuleManager: Shutting down and abandoning module PakFile (1)
[2016.12.01-09.32.35:574][131]LogExit: Exiting.
[2016.12.01-09.32.35:575][131]Log file closed, 12/01/16 09:32:35
