Log file open, 12/01/16 09:29:22
LogInit:Display: Running engine for game: MyProject2
LogPlatformFile: Not using cached read wrapper
LogInit:Display: RandInit(-995734820) SRandInit(-995734818).
LogTaskGraph: Started task graph with 4 named threads and 7 total threads with 1 sets of task threads.
LogStats: Stats thread started at 2.271730
LogInit: Version: 4.12.5-3039270+++UE4+Release-4.12
LogInit: API Version: 2992821
LogInit: Net Version: 3039270
LogDevObjectVersion: Number of dev versions registered: 13
LogDevObjectVersion:   Dev-Blueprints (B0D832E4-1F89-4F0D-ACCF-7EB736FD4AA2): 3
LogDevObjectVersion:   Dev-Build (E1C64328-A22C-4D53-A36C-8E866417BD8C): 0
LogDevObjectVersion:   Dev-Core (375EC13C-06E4-48FB-B500-84F0262A717E): 1
LogDevObjectVersion:   Dev-Editor (E4B068ED-F494-42E9-A231-DA0B2E46BB41): 2
LogDevObjectVersion:   Dev-Framework (CFFC743F-43B0-4480-9391-14DF171D2073): 6
LogDevObjectVersion:   Dev-Mobile (B02B49B5-BB20-44E9-A304-32B752E40360): 0
LogDevObjectVersion:   Dev-Networking (A4E4105C-59A1-49B5-A7C5-40C4547EDFEE): 0
LogDevObjectVersion:   Dev-Online (39C831C9-5AE6-47DC-9A44-9C173E1C8E7C): 0
LogDevObjectVersion:   Dev-Physics (78F01B33-EBEA-4F98-B9B4-84EACCB95AA2): 0
LogDevObjectVersion:   Dev-Platform (6631380F-2D4D-43E0-8009-CF276956A95A): 0
LogDevObjectVersion:   Dev-Rendering (12F88B9F-8875-4AFC-A67C-D90C383ABD29): 2
LogDevObjectVersion:   Dev-Sequencer (7B5AE74C-D270-4C10-A958-57980B212A5A): 0
LogDevObjectVersion:   Dev-VR (D7296918-1DD6-4BDD-9DE2-64A83CC13884): 0
LogInit: Compiled (64-bit): Jul  6 2016 09:09:46
LogInit: Compiled with Visual C++: 19.00.23026.00
LogInit: Build Configuration: Development
LogInit: Branch Name: ++UE4+Release-4.12
LogInit: Command line:  
LogInit: Base directory: C:/Program Files (x86)/Epic Games/4.12/Engine/Binaries/Win64/
LogInit: Installed Engine Build: 1
LogInit: Using libcurl 7.41.0
LogInit:  - built for x86_64-pc-win32
LogInit:  - supports SSL with WinSSL
LogInit:  - other features:
LogInit:      CURL_VERSION_SSL
LogInit:      CURL_VERSION_IPV6
LogInit:      CURL_VERSION_ASYNCHDNS
LogInit:      CURL_VERSION_LARGEFILE
LogInit:      CURL_VERSION_IDN
LogInit:  CurlRequestOptions (configurable via config and command line):
LogInit:  - bVerifyPeer = true  - Libcurl will verify peer certificate
LogInit:  - bUseHttpProxy = false  - Libcurl will NOT use HTTP proxy
LogInit:  - bDontReuseConnections = false  - Libcurl will reuse connections
LogInit:  - CertBundlePath = nullptr  - Libcurl will use whatever was configured at build time.
LogInit: Presizing for max 8388607 objects, including 0 objects not considered by GC, pre-allocating 0 bytes for permanent pool.
LogInit: Object subsystem initialized
[2016.12.01-09.29.23:067][  0]LogInit: Selected Device Profile: [Windows]
[2016.12.01-09.29.23:067][  0]LogInit: Applying CVar settings loaded from the selected device profile: [Windows]
[2016.12.01-09.29.23:119][  0]LogInit: Computer: STU-CZC625C1MP
[2016.12.01-09.29.23:119][  0]LogInit: User: mp2holmes
[2016.12.01-09.29.23:119][  0]LogInit: CPU Page size=65536, Cores=4
[2016.12.01-09.29.23:119][  0]LogInit: High frequency timer resolution =3.328122 MHz
[2016.12.01-09.29.23:119][  0]LogMemory: Memory total: Physical=31.9GB (32GB approx)
[2016.12.01-09.29.23:119][  0]LogMemory: Platform Memory Stats for Windows
[2016.12.01-09.29.23:119][  0]LogMemory: Process Physical Memory: 189.84 MB used, 189.84 MB peak
[2016.12.01-09.29.23:119][  0]LogMemory: Process Virtual Memory: 196.19 MB used, 196.19 MB peak
[2016.12.01-09.29.23:119][  0]LogMemory: Physical Memory: 6277.06 MB used, 32648.59 MB total
[2016.12.01-09.29.23:119][  0]LogMemory: Virtual Memory: 549.36 MB used, 134217728.00 MB total
[2016.12.01-09.29.23:155][  0]LogTextLocalizationManager: No specific translations for ('en-GB') exist, so ('en') translations will be used.
[2016.12.01-09.29.23:569][  0]LogD3D11RHI: D3D11 adapters:
[2016.12.01-09.29.23:589][  0]LogD3D11RHI:    0. 'NVIDIA GeForce GTX 1060 6GB' (Feature Level 11_0)
[2016.12.01-09.29.23:589][  0]LogD3D11RHI:       5981/0/16324 MB DedicatedVideo/DedicatedSystem/SharedSystem, Outputs:1, VendorId:0x10de
[2016.12.01-09.29.23:597][  0]LogD3D11RHI:    1. 'Intel(R) HD Graphics 530' (Feature Level 11_0)
[2016.12.01-09.29.23:597][  0]LogD3D11RHI:       128/0/3840 MB DedicatedVideo/DedicatedSystem/SharedSystem, Outputs:1, VendorId:0x8086
[2016.12.01-09.29.23:598][  0]LogD3D11RHI:    2. 'Microsoft Basic Render Driver' (Feature Level 11_0)
[2016.12.01-09.29.23:598][  0]LogD3D11RHI:       0/0/256 MB DedicatedVideo/DedicatedSystem/SharedSystem, Outputs:0, VendorId:0x1414
[2016.12.01-09.29.23:598][  0]LogD3D11RHI: Chosen D3D11 Adapter: 0
[2016.12.01-09.29.23:603][  0]LogD3D11RHI: Creating new Direct3DDevice
[2016.12.01-09.29.23:603][  0]LogD3D11RHI:     GPU DeviceId: 0x1c03 (for the marketing name, search the web for "GPU Device Id")
[2016.12.01-09.29.23:603][  0]LogWindows: EnumDisplayDevices:
[2016.12.01-09.29.23:603][  0]LogWindows:    0. 'NVIDIA GeForce GTX 1060 6GB' (P:1 D:1)
[2016.12.01-09.29.23:603][  0]LogWindows:    1. 'NVIDIA GeForce GTX 1060 6GB' (P:0 D:0)
[2016.12.01-09.29.23:603][  0]LogWindows:    2. 'NVIDIA GeForce GTX 1060 6GB' (P:0 D:0)
[2016.12.01-09.29.23:603][  0]LogWindows:    3. 'NVIDIA GeForce GTX 1060 6GB' (P:0 D:0)
[2016.12.01-09.29.23:603][  0]LogWindows:    4. 'Intel(R) HD Graphics 530' (P:0 D:1)
[2016.12.01-09.29.23:604][  0]LogWindows:    5. 'Intel(R) HD Graphics 530' (P:0 D:0)
[2016.12.01-09.29.23:604][  0]LogWindows:    6. 'Intel(R) HD Graphics 530' (P:0 D:0)
[2016.12.01-09.29.23:604][  0]LogWindows: DebugString: PrimaryIsNotTheChoosenAdapter PrimaryIsNotTheChoosenAdapter PrimaryIsNotTheChoosenAdapter FoundDriverCount:4 
[2016.12.01-09.29.23:604][  0]LogD3D11RHI:     Adapter Name: NVIDIA GeForce GTX 1060 6GB
[2016.12.01-09.29.23:604][  0]LogD3D11RHI:   Driver Version: 373.06 (internal:21.21.13.7306, unified:373.06)
[2016.12.01-09.29.23:604][  0]LogD3D11RHI:      Driver Date: 10-1-2016
[2016.12.01-09.29.23:604][  0]LogRHI: Texture pool is 1361 MB (70% of 1945 MB)
[2016.12.01-09.29.23:617][  0]LogD3D11RHI: Async texture creation enabled
[2016.12.01-09.29.23:633][  0]LogD3D11RHI: GPU Timing Frequency: 1000.000000 (Debug: 2 2)
[2016.12.01-09.29.23:633][  0]LogShaderCompilers: Guid format shader working directory is 26 characters bigger than the processId version (F:/Unreal 4/MyProject2/Intermediate/Shaders/WorkingDirectory/10044/).
[2016.12.01-09.29.23:633][  0]LogShaderCompilers: Cleaned the shader compiler working directory 'C:/Users/MP2-HO~1/AppData/Local/Temp/UnrealShaderWorkingDir/6245044A4791EB225E8AE9A39BA8724B/'.
[2016.12.01-09.29.23:633][  0]LogShaderCompilers:Display: Using Local Shader Compiler.
[2016.12.01-09.29.24:578][  0]LogTemp:Display: Loaded TP AllDesktopTargetPlatform
[2016.12.01-09.29.24:593][  0]LogTemp:Display: Loaded TP WindowsClientTargetPlatform
[2016.12.01-09.29.24:607][  0]LogTemp:Display: Loaded TP WindowsNoEditorTargetPlatform
[2016.12.01-09.29.24:621][  0]LogTemp:Display: Loaded TP WindowsServerTargetPlatform
[2016.12.01-09.29.24:637][  0]LogTemp:Display: Loaded TP WindowsTargetPlatform
[2016.12.01-09.29.24:651][  0]LogTemp:Display: Loaded TP AndroidTargetPlatform
[2016.12.01-09.29.24:665][  0]LogTemp:Display: Loaded TP Android_ASTCTargetPlatform
[2016.12.01-09.29.24:678][  0]LogTemp:Display: Loaded TP Android_ATCTargetPlatform
[2016.12.01-09.29.24:700][  0]LogTemp:Display: Loaded TP Android_DXTTargetPlatform
[2016.12.01-09.29.24:712][  0]LogTemp:Display: Loaded TP Android_ETC1TargetPlatform
[2016.12.01-09.29.24:724][  0]LogTemp:Display: Loaded TP Android_ETC2TargetPlatform
[2016.12.01-09.29.24:749][  0]LogTemp:Display: Loaded TP Android_MultiTargetPlatform
[2016.12.01-09.29.24:749][  0]LogTemp:Display: Loaded TP Android_PVRTCTargetPlatform
[2016.12.01-09.29.24:750][  0]LogTemp:Display: Loaded TP HTML5TargetPlatform
[2016.12.01-09.29.24:785][  0]LogTemp:Display: Loaded TP IOSTargetPlatform
[2016.12.01-09.29.24:807][  0]LogTemp:Display: Loaded TP TVOSTargetPlatform
[2016.12.01-09.29.24:831][  0]LogTemp:Display: Loaded TP LinuxNoEditorTargetPlatform
[2016.12.01-09.29.24:844][  0]LogTemp:Display: Loaded TP LinuxServerTargetPlatform
[2016.12.01-09.29.24:854][  0]LogTemp:Display: Loaded TP LinuxTargetPlatform
[2016.12.01-09.29.24:854][  0]LogTargetPlatformManager:Display: Building Assets For Windows
[2016.12.01-09.29.24:955][  0]LogDerivedDataCache:Display: Max Cache Size: 512 MB
[2016.12.01-09.29.24:955][  0]LogDerivedDataCache:Display: Starting with empty Boot cache
[2016.12.01-09.29.24:955][  0]LogDerivedDataCache: FDerivedDataBackendGraph:  Pak pak cache file F:/Unreal 4/MyProject2/DerivedDataCache/DDC.ddp not found, will not use a pak cache.
[2016.12.01-09.29.24:955][  0]LogDerivedDataCache: Unable to find inner node Pak for hierarchical cache Hierarchy.
[2016.12.01-09.29.24:955][  0]LogDerivedDataCache: FDerivedDataBackendGraph:  CompressedPak pak cache file F:/Unreal 4/MyProject2/DerivedDataCache/Compressed.ddp not found, will not use a pak cache.
[2016.12.01-09.29.24:955][  0]LogDerivedDataCache: Unable to find inner node CompressedPak for hierarchical cache Hierarchy.
[2016.12.01-09.29.24:975][  0]LogDerivedDataCache:Display: Pak cache opened for reading ../../../Engine/DerivedDataCache/Compressed.ddp.
[2016.12.01-09.29.24:987][  0]LogDerivedDataCache: Using Local data cache path C:/Users/mp2-holmes/AppData/Local/UnrealEngine/Common/DerivedDataCache: Writable
[2016.12.01-09.29.25:188][  0]LogInit: Selected Device Profile: [Windows]
[2016.12.01-09.29.25:188][  0]LogContentStreaming: Texture pool size is 0.00 MB
[2016.12.01-09.29.25:455][  0]LogMeshUtilities: No automatic mesh reduction module available
[2016.12.01-09.29.25:455][  0]LogMeshUtilities: No automatic mesh merging module available
[2016.12.01-09.29.25:455][  0]LogMeshUtilities: No distributed automatic mesh merging module available
[2016.12.01-09.29.25:519][  0]LogTexture:Display: Building textures: DaylightAmbientCubemap (RGBA16F)
[2016.12.01-09.29.40:121][  0]LogTexture:Display: Building textures: S_LightPoint (BGRA8)
[2016.12.01-09.29.40:129][  0]LogTexture:Display: Building textures: S_LightPointMove (BGRA8)
[2016.12.01-09.29.40:139][  0]LogTexture:Display: Building textures: S_LightSpot (BGRA8)
[2016.12.01-09.29.40:147][  0]LogTexture:Display: Building textures: S_LightSpotMove (BGRA8)
[2016.12.01-09.29.40:162][  0]LogTexture:Display: Building textures: S_PortalActorIcon2 (AutoDXT)
[2016.12.01-09.29.40:194][  0]LogTexture:Display: Building textures: MatInstActSprite (BGRA8)
[2016.12.01-09.29.40:208][  0]LogTexture:Display: Building textures: S_NavLink (AutoDXT)
[2016.12.01-09.29.40:228][  0]LogTexture:Display: Building textures: S_ReflActorIcon (AutoDXT)
[2016.12.01-09.29.40:269][  0]LogTexture:Display: Building textures: S_Thruster (BGRA8)
[2016.12.01-09.29.40:276][  0]LogTexture:Display: Building textures: S_RadForce (BGRA8)
[2016.12.01-09.29.40:282][  0]LogTexture:Display: Building textures: TargetIcon (BGRA8)
[2016.12.01-09.29.40:294][  0]LogTexture:Display: Building textures: RobotoDistanceField_PageA (G8)
[2016.12.01-09.29.40:307][  0]LogTexture:Display: Building textures: S_TextRenderActorIcon (AutoDXT)
[2016.12.01-09.29.40:344][  0]LogTexture:Display: Building textures: S_VectorFieldVol (BGRA8)
[2016.12.01-09.29.40:372][  0]LogTexture:Display: Building textures: MAT_Groups_Sound (AutoDXT)
[2016.12.01-09.29.40:374][  0]LogTexture:Display: Building textures: MAT_Groups_Vector (AutoDXT)
[2016.12.01-09.29.40:375][  0]LogTexture:Display: Building textures: MAT_Groups_Visibility (AutoDXT)
[2016.12.01-09.29.40:379][  0]LogTexture:Display: Building textures: DefaultTextureCube (DXT1)
[2016.12.01-09.29.41:325][  0]LogAssetRegistry: FAssetRegistry took 0.0221 seconds to start up
[2016.12.01-09.29.42:362][  0]LogAssetRegistry:Error: Failed to open file for write F:/Unreal 4/MyProject2/Intermediate/AssetRegistryCache/aff1c699.bin
[2016.12.01-09.29.45:359][  0]LogPackageLocalizationCache: Processed 3 localized package path(s) for 2 prioritized culture(s) in 4.029791 seconds
[2016.12.01-09.29.45:362][  0]LogUObjectArray: 28739 objects as part of root set at end of initial load.
[2016.12.01-09.29.45:363][  0]LogUObjectAllocator: 5855624 out of 0 bytes used by permanent object pool.
[2016.12.01-09.29.45:363][  0]LogUObjectArray: CloseDisregardForGC: 0/0 objects in disregard for GC pool
[2016.12.01-09.29.45:369][  0]LogInit: WinSock: version 1.1 (2.2), MaxSocks=32767, MaxUdp=65467
[2016.12.01-09.29.45:508][  0]LogTexture:Display: Building textures: S_FTest (AutoDXT)
[2016.12.01-09.29.45:551][  0]LogTexture:Display: Building textures: VR_LaserPower_01 (AutoDXT)
[2016.12.01-09.29.45:674][  0]LogTexture:Display: Building textures: GizmoText_RobotoDistanceField_PageA (G8)
[2016.12.01-09.29.45:701][  0]LogTexture:Display: Building textures: UE4_Logo (AutoDXT)
[2016.12.01-09.29.45:804][  0]LogSlate: SlateFontCache - WITH_FREETYPE: 1, WITH_HARFBUZZ: 1
[2016.12.01-09.29.45:804][  0]LogSlate: SlateFontCache - WITH_FREETYPE: 1, WITH_HARFBUZZ: 1
[2016.12.01-09.29.47:781][  0]LogUdpMessaging: Initializing bridge on interface 0.0.0.0:0 to multicast group 230.0.0.1:6666.
[2016.12.01-09.29.48:763][  0]SourceControl: Info Source control is disabled
[2016.12.01-09.29.49:037][  0]SourceControl: Info Source control is disabled
[2016.12.01-09.29.49:045][  0]SourceControl: Info Source control is disabled
[2016.12.01-09.29.49:054][  0]SourceControl: Info Source control is disabled
[2016.12.01-09.29.49:243][  0]LogEngine: Initializing Engine...
[2016.12.01-09.29.49:244][  0]LogHMD: SteamVR failed to initialize.  Err: 110
[2016.12.01-09.29.49:245][  0]LogHMD: SteamVR failed to initialize.  Err: 110
[2016.12.01-09.29.49:378][  0]LogTexture:Display: Building textures: PreviewShadowIndicator (BGRA8)
[2016.12.01-09.29.49:414][  0]LogAIModule: Creating AISystem for world NewWorld
[2016.12.01-09.29.49:418][  0]LogInit: XAudio2 using 'Speakers (Realtek High Definition Audio)' : 2 channels at 48 kHz using 32 bits per sample (channel mask 0x3)
[2016.12.01-09.29.49:426][  0]LogInit: FAudioDevice initialized.
[2016.12.01-09.29.49:429][  0]LogDerivedDataCache:Error: Could not save memory cache C:/Users/mp2-holmes/AppData/Local/UnrealEngine/4.12/DerivedDataCache/Boot.ddc.
[2016.12.01-09.29.49:431][  0]LogInit: Texture streaming: Enabled
[2016.12.01-09.29.49:456][  0]LogInit: Transaction tracking system initialized
[2016.12.01-09.29.49:483][  0]BlueprintLog: New page: Editor Load
[2016.12.01-09.29.49:648][  0]LocalizationService: Info Localization service is disabled
[2016.12.01-09.29.49:725][  0]LogConsoleResponse:Display: 
[2016.12.01-09.29.49:731][  0]LogTexture:Display: Building textures: Cross (AutoDXT)
[2016.12.01-09.29.49:745][  0]LogTexture:Display: Building textures: Tick (AutoDXT)
[2016.12.01-09.29.49:751][  0]LogTexture:Display: Building textures: WidgetGridVertexColorMaterial (AutoDXT)
[2016.12.01-09.29.49:790][  0]LogTexture:Display: Building textures: CASC_None (AutoDXT)
[2016.12.01-09.29.49:791][  0]LogTexture:Display: Building textures: CASC_Cross (AutoDXT)
[2016.12.01-09.29.49:799][  0]LogTexture:Display: Building textures: Texture2D_28 (AutoDXT)
[2016.12.01-09.29.49:806][  0]LogTexture:Display: Building textures: S_KBSJoint (BGRA8)
[2016.12.01-09.29.49:809][  0]LogDerivedDataCache: FFileSystemDerivedDataBackend: Move collision, attempt at redundant update, OK C:/Users/mp2-holmes/AppData/Local/UnrealEngine/Common/DerivedDataCache/0/2/8/TEXTURE_814DCC3DC72143F49509781513CB9855_AUTODXT_4361F2A14514068E662F1690B5318__DC617EB184A890B0FD847CC3932EF06C929E0443.udd.
[2016.12.01-09.29.49:809][  0]LogTexture:Display: Building textures: S_KHinge (BGRA8)
[2016.12.01-09.29.49:813][  0]LogTexture:Display: Building textures: S_KPrismatic (BGRA8)
[2016.12.01-09.29.49:818][  0]LogTexture:Display: Building textures: S_LightError (BGRA8)
[2016.12.01-09.29.49:824][  0]LogTexture:Display: Building textures: T_Loft_Spline (AutoDXT)
[2016.12.01-09.29.49:866][  0]LogTexture:Display: Building textures: DefaultNormal (BC5)
[2016.12.01-09.29.49:961][  0]LogTexture:Display: Building textures: Grid_N (BC5)
[2016.12.01-09.29.49:986][  0]LogTexture:Display: Building textures: PaperDiffuse (AutoDXT)
[2016.12.01-09.29.50:114][  0]LogTexture:Display: Building textures: PaperNormal (BC5)
[2016.12.01-09.29.50:136][  0]LogTexture:Display: Building textures: Texture2D_28 (AutoDXT)
[2016.12.01-09.29.50:145][  0]LogTexture:Display: Building textures: Texture2D_29 (AutoDXT)
[2016.12.01-09.29.50:152][  0]LogTexture:Display: Building textures: StreamingPauseIcon (AutoDXT)
[2016.12.01-09.29.50:171][  0]LogCook:Display: Max memory allowance for cook 8192mb
[2016.12.01-09.29.50:171][  0]LogCook:Display: Mobile HDR setting 1
[2016.12.01-09.29.50:229][  0]LogFileCache: Scanning file cache for directory 'F:/Unreal 4/MyProject2/Content/' took 0.03s
[2016.12.01-09.29.50:229][  0]LogTexture:Display: Building textures: Countdown (AutoDXT)
[2016.12.01-09.29.50:234][  0]LogTexture:Display: Building textures: RecordingIndicator (AutoDXT)
[2016.12.01-09.29.50:268][  0]LogDerivedDataCache: FFileSystemDerivedDataBackend: Move collision, attempt at redundant update, OK C:/Users/mp2-holmes/AppData/Local/UnrealEngine/Common/DerivedDataCache/2/1/0/TEXTURE_814DCC3DC72143F49509781513CB9855_AUTODXT_22B1C6594A479DC23AC43EA820AF3__A10F39CB6782E5C12840BF012034A73A388B2C23.udd.
[2016.12.01-09.29.50:268][  0]LogDerivedDataCache: FFileSystemDerivedDataBackend: Move collision, attempt at redundant update, OK C:/Users/mp2-holmes/AppData/Local/UnrealEngine/Common/DerivedDataCache/8/2/2/TEXTURE_814DCC3DC72143F49509781513CB9855_AUTODXT_7DB9275A45A2F6D2C64125A4074D8__015C16C9687CBB680844402A5CE05551E827B2A7.udd.
[2016.12.01-09.29.50:268][  0]LogTexture:Display: Building textures: DefaultAlphaTexture (BGRA8)
[2016.12.01-09.29.50:273][  0]SourceControl: Info Source control is disabled
[2016.12.01-09.29.50:273][  0]Cmd: MAP LOAD FILE="F:/Unreal 4/MyProject2/Content/FirstPersonBP/Maps/FirstPersonExampleMap.umap" TEMPLATE=0 SHOWPROGRESS=1 FEATURELEVEL=3
[2016.12.01-09.29.50:297][  0]LightingResults: New page: Lighting Build
[2016.12.01-09.29.50:300][  0]MapCheck: New page: Map Check
[2016.12.01-09.29.50:300][  0]LightingResults: New page: Lighting Build
[2016.12.01-09.29.53:363][  0]LogTexture:Display: Building textures: T_Spark_Core (AutoDXT)
[2016.12.01-09.29.53:687][  0]LogTexture:Display: Building textures: T_Smoke_SubUV (AutoDXT)
[2016.12.01-09.29.55:501][  0]LogTexture:Display: Building textures: T_Smoke_Tiled_D (AutoDXT)
[2016.12.01-09.29.55:656][  0]LogTexture:Display: Building textures: T_FPGun_M (AutoDXT)
[2016.12.01-09.29.56:519][  0]LogTexture:Display: Building textures: T_ML_Aluminum01_N (BC5)
[2016.12.01-09.29.57:510][  0]LogTexture:Display: Building textures: T_ML_Aluminum01 (AutoDXT)
[2016.12.01-09.30.00:738][  0]LogTexture:Display: Building textures: T_ML_Rubber_Blue_01_D (AutoDXT)
[2016.12.01-09.30.05:362][  0]LogTexture:Display: Building textures: T_ML_Rubber_Blue_01_N (BC5)
[2016.12.01-09.30.06:062][  0]LogTexture:Display: Building textures: T_FPGun_N (BC5)
[2016.12.01-09.30.06:719][  0]LogTexture:Display: Building textures: T_Metal_Gold_D (AutoDXT)
[2016.12.01-09.30.11:068][  0]LogTexture:Display: Building textures: T_Metal_Gold_N (BC5)
[2016.12.01-09.30.11:952][  0]LogTexture:Display: Building textures: T_MacroVariation (AutoDXT)
[2016.12.01-09.30.16:432][  0]LogTexture:Display: Building textures: UE4_Mannequin_MAT_MASKA (AutoDXT)
[2016.12.01-09.30.16:768][  0]LogTexture:Display: Building textures: UE4_Mannequin__normals (BC5)
[2016.12.01-09.30.17:909][  0]LogTexture:Display: Building textures: T_ML_Aluminum01_N (BC5)
[2016.12.01-09.30.19:459][  0]LogTexture:Display: Building textures: T_ML_Aluminum01 (AutoDXT)
[2016.12.01-09.30.24:206][  0]LogTexture:Display: Building textures: UE4_LOGO_CARD (AutoDXT)
[2016.12.01-09.30.24:669][  0]LogTexture:Display: Building textures: T_ML_Rubber_Blue_01_N (BC5)
[2016.12.01-09.30.25:697][  0]LogTexture:Display: Building textures: T_ML_Rubber_Blue_01_D (AutoDXT)
[2016.12.01-09.30.31:289][  0]LogTexture:Display: Building textures: FirstPersonCrosshair (AutoDXT)
[2016.12.01-09.30.31:437][  0]LogTexture:Display: Building textures: Snow (AutoDXT)
[2016.12.01-09.30.31:666][  0]LogMaterial: Missing cached shader map for material SnowMat, compiling. 
[2016.12.01-09.30.31:861][  0]LogTexture:Display: Building textures: Texture2D_193 (BGRA8)
[2016.12.01-09.30.31:984][  0]LogTexture:Display: Building textures: HQ_Lightmap0_2 (AutoDXT)
[2016.12.01-09.30.32:513][  0]LogTexture:Display: Building textures: HQ_Lightmap0_5 (AutoDXT)
[2016.12.01-09.30.32:620][  0]LogTexture:Display: Building textures: HQ_Lightmap0_7 (AutoDXT)
[2016.12.01-09.30.32:644][  0]LogTexture:Display: Building textures: HQ_Lightmap0_8 (AutoDXT)
[2016.12.01-09.30.32:669][  0]LogTexture:Display: Building textures: HQ_Lightmap0_9 (AutoDXT)
[2016.12.01-09.30.32:670][  0]LogTexture:Display: Building textures: HQ_Lightmap1_3 (AutoDXT)
[2016.12.01-09.30.32:738][  0]LogTexture:Display: Building textures: HQ_Lightmap1_4 (AutoDXT)
[2016.12.01-09.30.32:774][  0]LogTexture:Display: Building textures: HQ_Lightmap1_6 (AutoDXT)
[2016.12.01-09.30.32:818][  0]LogTexture:Display: Building textures: LQ_Lightmap_0_2 (DXT1)
[2016.12.01-09.30.33:140][  0]LogTexture:Display: Building textures: LQ_Lightmap_0_5 (DXT1)
[2016.12.01-09.30.33:207][  0]LogTexture:Display: Building textures: LQ_Lightmap_0_7 (DXT1)
[2016.12.01-09.30.33:232][  0]LogTexture:Display: Building textures: LQ_Lightmap_0_8 (DXT1)
[2016.12.01-09.30.33:322][  0]LogTexture:Display: Building textures: LQ_Lightmap_0_9 (DXT1)
[2016.12.01-09.30.33:327][  0]LogTexture:Display: Building textures: LQ_Lightmap_1_3 (DXT1)
[2016.12.01-09.30.33:378][  0]LogTexture:Display: Building textures: LQ_Lightmap_1_4 (DXT1)
[2016.12.01-09.30.33:435][  0]LogTexture:Display: Building textures: LQ_Lightmap_1_6 (DXT1)
[2016.12.01-09.30.33:492][  0]LogTexture:Display: Building textures: SkyOcclusion0_2 (AutoDXT)
[2016.12.01-09.30.33:662][  0]LogTexture:Display: Building textures: SkyOcclusion0_5 (AutoDXT)
[2016.12.01-09.30.33:721][  0]LogTexture:Display: Building textures: SkyOcclusion0_7 (AutoDXT)
[2016.12.01-09.30.33:736][  0]LogTexture:Display: Building textures: SkyOcclusion0_8 (AutoDXT)
[2016.12.01-09.30.33:787][  0]LogTexture:Display: Building textures: SkyOcclusion0_9 (AutoDXT)
[2016.12.01-09.30.33:790][  0]LogTexture:Display: Building textures: SkyOcclusion1_3 (AutoDXT)
[2016.12.01-09.30.33:809][  0]LogTexture:Display: Building textures: SkyOcclusion1_4 (AutoDXT)
[2016.12.01-09.30.33:839][  0]LogTexture:Display: Building textures: SkyOcclusion1_6 (AutoDXT)
[2016.12.01-09.30.34:033][  0]LogTexture:Display: Building textures: T_Sky_Clouds_M (BGRA8)
[2016.12.01-09.30.34:503][  0]LogTexture:Display: Building textures: T_Sky_Stars (AutoDXT)
[2016.12.01-09.30.34:972][  0]LogTexture:Display: Building textures: T_Sky_Blue (AutoDXT)
[2016.12.01-09.30.36:864][  0]LogTexture:Display: Building textures: smoketext (AutoDXT)
[2016.12.01-09.30.36:962][  0]LogMaterial: Missing cached shader map for material M_Fire, compiling. 
[2016.12.01-09.30.36:982][  0]LogTexture:Display: Building textures: snowFlake_ (AutoDXT)
[2016.12.01-09.30.37:021][  0]LogMaterial: Missing cached shader map for material SnowFlake_matUnlit, compiling. 
[2016.12.01-09.30.37:038][  0]LogMaterial: Missing cached shader map for material SnowFlake_mat, compiling. 
[2016.12.01-09.30.37:118][  0]LogMaterial: Missing cached shader map for material Snow_ParticleMatUnlit, compiling. 
[2016.12.01-09.30.37:164][  0]LogMaterial: Missing cached shader map for material Snow_ParticleMat, compiling. 
[2016.12.01-09.30.37:255][  0]LogTexture:Display: Building textures: ShadowMapTexture2D_1 (G8)
[2016.12.01-09.30.37:272][  0]LogTexture:Display: Building textures: ShadowMapTexture2D_12 (G8)
[2016.12.01-09.30.37:272][  0]LogTexture:Display: Building textures: ShadowMapTexture2D_13 (G8)
[2016.12.01-09.30.37:272][  0]LogTexture:Display: Building textures: ShadowMapTexture2D_2 (G8)
[2016.12.01-09.30.37:274][  0]LogTexture:Display: Building textures: ShadowMapTexture2D_3 (G8)
[2016.12.01-09.30.37:274][  0]LogTexture:Display: Building textures: ShadowMapTexture2D_4 (G8)
[2016.12.01-09.30.37:276][  0]LogTexture:Display: Building textures: ShadowMapTexture2D_5 (G8)
[2016.12.01-09.30.37:346][  0]LogTexture:Display: Building textures: Texture2D_0 (BGRA8)
[2016.12.01-09.30.37:347][  0]LogTexture:Display: Building textures: Texture2D_1 (BGRA8)
[2016.12.01-09.30.37:363][  0]LogTexture:Display: Building textures: sapphire (AutoDXT)
[2016.12.01-09.30.37:549][  0]LogMaterial: Missing cached shader map for material sapphire_Mat, compiling. 
[2016.12.01-09.30.37:565][  0]LogMaterial: Missing cached shader map for material CubeMaterial, compiling. 
[2016.12.01-09.30.37:755][  0]LogTexture:Display: Building textures: WhiteRedPaper (BGRA8)
[2016.12.01-09.30.37:954][  0]LogMaterial: Missing cached shader map for material WhiteRedPaperMAT, compiling. 
[2016.12.01-09.30.38:034][  0]LogTexture:Display: Building textures: RedPaper (AutoDXT)
[2016.12.01-09.30.38:477][  0]LogMaterial: Missing cached shader map for material RedPaperMat, compiling. 
[2016.12.01-09.30.38:573][  0]LogTexture:Display: Building textures: Jade (AutoDXT)
[2016.12.01-09.30.39:872][  0]LogMaterial: Missing cached shader map for material Jade_Mat, compiling. 
[2016.12.01-09.30.40:353][  0]LogTexture:Display: Building textures: GreenPaper (BGRA8)
[2016.12.01-09.30.41:652][  0]LogMaterial: Missing cached shader map for material GreenPaperMat, compiling. 
[2016.12.01-09.30.41:702][  0]LogTexture:Display: Building textures: ThumbnailTexture (DXT1)
[2016.12.01-09.30.41:850][  0]LogAudioDerivedData:Display: Building compressed audio format OGG wave Wind_sound_effect_2_-_snow_storm...
[2016.12.01-09.30.46:658][  0]LogTexture:Display: Building textures: T_Wood_Pine_D (AutoDXT)
[2016.12.01-09.30.52:743][  0]LogTexture:Display: Building textures: T_Wood_Pine_N (BC5)
[2016.12.01-09.30.53:445][  0]LogMaterial: Missing cached shader map for material T_Wood_Pine_Mat, compiling. 
[2016.12.01-09.30.53:736][  0]LogTexture:Display: Building textures: T_Perlin_Noise_M (AutoDXT)
[2016.12.01-09.30.59:078][  0]LogMaterial: Missing cached shader map for material M_Wood_Pine, compiling. 
[2016.12.01-09.30.59:172][  0]LogTexture:Display: Building textures: Palette (AutoDXT)
[2016.12.01-09.30.59:284][  0]LogDerivedDataCache: FFileSystemDerivedDataBackend: Move collision, attempt at redundant update, OK C:/Users/mp2-holmes/AppData/Local/UnrealEngine/Common/DerivedDataCache/3/0/0/TEXTURE_814DCC3DC72143F49509781513CB9855_AUTODXT_0A0241DA4286C10A694E268F48981__A2DC5F60F1A5755C6A2104BECD7F2FC62DFD6998.udd.
[2016.12.01-09.30.59:284][  0]LogMaterial: Missing cached shader map for material Palette_Mat, compiling. 
[2016.12.01-09.30.59:332][  0]LogTexture:Display: Building textures: woodFlooringTexture (BGRA8)
[2016.12.01-09.30.59:465][  0]LogMaterial: Missing cached shader map for material woodFlooringTexture_Mat, compiling. 
[2016.12.01-09.30.59:620][  0]LogTexture:Display: Building textures: gingerbread_tileing_texture (AutoDXT)
[2016.12.01-09.31.03:796][  0]LogMaterial: Missing cached shader map for material gingerbread_tileing_texture_Mat, compiling. 
[2016.12.01-09.31.03:845][  0]LogTexture:Display: Building textures: gingerbread_texture (BGRA8)
[2016.12.01-09.31.03:855][  0]LogMaterial: Missing cached shader map for material gingerbread_texture_Mat, compiling. 
[2016.12.01-09.31.04:265][  0]LogTexture:Display: Building textures: chocolate-texture (AutoDXT)
[2016.12.01-09.31.08:177][  0]LogMaterial: Missing cached shader map for material chocolate-texture_Mat, compiling. 
[2016.12.01-09.31.08:245][  0]LogTexture:Display: Building textures: candy_stripe_2_by_r2krw9 (AutoDXT)
[2016.12.01-09.31.09:382][  0]LogMaterial: Missing cached shader map for material candy_stripe_2_by_r2krw9_Mat, compiling. 
[2016.12.01-09.31.09:424][  0]LogTexture:Display: Building textures: -old-wood-flooring_texture (BGRA8)
[2016.12.01-09.31.09:476][  0]LogMaterial: Missing cached shader map for material -old-wood-flooring_texture_Mat, compiling. 
[2016.12.01-09.31.09:512][  0]LogTexture:Display: Building textures: RedText (AutoDXT)
[2016.12.01-09.31.09:526][  0]LogMaterial: Missing cached shader map for material Red, compiling. 
[2016.12.01-09.31.09:589][  0]LogTexture:Display: Building textures: Green (BGRA8)
[2016.12.01-09.31.09:963][  0]LogMaterial: Missing cached shader map for material Green, compiling. 
[2016.12.01-09.31.10:014][  0]LogTexture:Display: Building textures: arrow_wrapping_paper (BGRA8)
[2016.12.01-09.31.10:044][  0]LogMaterial: Missing cached shader map for material ArrowMat, compiling. 
[2016.12.01-09.31.10:213][  0]LogTexture:Display: Building textures: T_TableRound_N (BC5)
[2016.12.01-09.31.10:734][  0]LogTexture:Display: Building textures: T_TableRound_M (DXT1)
[2016.12.01-09.31.11:663][  0]LogTexture:Display: Building textures: T_Chair_N (BC5)
[2016.12.01-09.31.12:128][  0]LogTexture:Display: Building textures: T_Chair_M (AutoDXT)
[2016.12.01-09.31.13:033][  0]LogAIModule: Creating AISystem for world FirstPersonExampleMap
[2016.12.01-09.31.13:446][  0]LogEditorServer: Finished looking for orphan Actors (0.000 secs)
[2016.12.01-09.31.13:447][  0]Cmd: MAP CHECKDEP NOCLEARLOG
[2016.12.01-09.31.13:592][  0]MapCheck: Info Map check complete: 0 Error(s), 0 Warning(s), took 144.5ms to complete.
[2016.12.01-09.31.13:592][  0]LogFileHelpers: Loading map 'FirstPersonExampleMap' took 83.318
[2016.12.01-09.31.14:345][  0]LogCollectionManager: Loaded 0 collections in 0.005306 seconds
[2016.12.01-09.31.18:311][  0]LogFileCache: Scanning file cache for directory 'F:/Unreal 4/MyProject2/Saved/Collections/' took 1.92s
[2016.12.01-09.31.18:311][  0]LogFileCache: Scanning file cache for directory 'F:/Unreal 4/MyProject2/Content/Developers/mp2holmes/Collections/' took 0.30s
[2016.12.01-09.31.18:311][  0]LogFileCache: Scanning file cache for directory 'F:/Unreal 4/MyProject2/Content/Collections/' took 0.02s
[2016.12.01-09.31.18:311][  0]LogCollectionManager: Rebuilt the GUID cache for 0 collections in 0.000002 seconds
[2016.12.01-09.31.18:322][  0]LogContentBrowser: Native class hierarchy populated in 0.0109 seconds. Added 2047 classes and 369 folders.
[2016.12.01-09.31.18:330][  0]LogStats: UGameplayTagsManager::ConstructGameplayTagTree: Construct from data asset -  0.000 s
[2016.12.01-09.31.18:330][  0]LogStats: UGameplayTagsManager::ConstructGameplayTagTree: GameplayTagTreeChangedEvent.Broadcast -  0.000 s
[2016.12.01-09.31.18:333][  0]LogContentBrowser: Native class hierarchy updated for 'GameplayTags' in 0.0028 seconds. Added 12 classes and 0 folders.
[2016.12.01-09.31.18:348][  0]LogContentBrowser: Native class hierarchy updated for 'WidgetCarousel' in 0.0049 seconds. Added 0 classes and 0 folders.
[2016.12.01-09.31.18:503][  0]LogContentBrowser: Native class hierarchy updated for 'AddContentDialog' in 0.0010 seconds. Added 0 classes and 0 folders.
[2016.12.01-09.31.18:518][  0]LogContentBrowser: Native class hierarchy updated for 'SceneOutliner' in 0.0041 seconds. Added 1 classes and 2 folders.
[2016.12.01-09.31.18:556][  0]LogCrashTracker: Crashtracker disabled due to settings.
[2016.12.01-09.31.18:737][  0]LogContentBrowser: Native class hierarchy updated for 'HierarchicalLODOutliner' in 0.0194 seconds. Added 1 classes and 2 folders.
[2016.12.01-09.31.18:740][  0]LogLoad: Full Startup: 157.44 seconds (BP compile: 0.25 seconds)
[2016.12.01-09.31.18:740][  0]LogExternalProfiler: Found external profiler: VSPerf
[2016.12.01-09.31.18:740][  0]LogExternalProfiler: Using external profiler: VSPerf
[2016.12.01-09.31.19:080][  0]LogOcInput: OculusInput pre-init called
[2016.12.01-09.31.19:135][  0]LogContentStreaming: Texture pool size now 1000 MB
[2016.12.01-09.31.19:481][  0]LogRenderer: Reallocating scene render targets to support 1208x576 (Frame:2).
[2016.12.01-09.32.06:801][  1]Cmd: UpdateLandscapeEditorData -warnings
[2016.12.01-09.32.09:140][  1]LogWindowsTextInputMethodSystem:Display: IME system now deactivated.
[2016.12.01-09.32.09:786][  2]Cmd: QUIT_EDITOR
[2016.12.01-09.32.10:095][  2]LogExit: Preparing to exit.
[2016.12.01-09.32.12:417][  2]LogExit: Editor shut down
[2016.12.01-09.32.12:418][  2]LogExit: Transaction tracking system shut down
[2016.12.01-09.32.12:599][  2]LogObj: Freed 0b from 0 cluster array pools.
[2016.12.01-09.32.12:600][  2]LogExit: Object subsystem successfully closed.
[2016.12.01-09.32.12:612][  2]LogD3D11RHI: Shutdown
[2016.12.01-09.32.12:612][  2]LogD3D11RHI: CleanupD3DDevice
[2016.12.01-09.32.12:718][  2]LogD3D11RHI: ~FD3D11DynamicRHI
[2016.12.01-09.32.12:733][  2]LogModuleManager: Shutting down and abandoning module HierarchicalLODOutliner (213)
[2016.12.01-09.32.12:733][  2]LogModuleManager: Shutting down and abandoning module CrashTracker (212)
[2016.12.01-09.32.12:733][  2]LogModuleManager: Shutting down and abandoning module SceneOutliner (211)
[2016.12.01-09.32.12:733][  2]LogModuleManager: Shutting down and abandoning module WidgetCarousel (210)
[2016.12.01-09.32.12:733][  2]LogModuleManager: Shutting down and abandoning module AddContentDialog (209)
[2016.12.01-09.32.12:734][  2]LogModuleManager: Shutting down and abandoning module GameplayTags (208)
[2016.12.01-09.32.12:734][  2]LogModuleManager: Shutting down and abandoning module EditorWidgets (207)
[2016.12.01-09.32.12:734][  2]LogModuleManager: Shutting down and abandoning module CollectionManager (206)
[2016.12.01-09.32.12:734][  2]LogModuleManager: Shutting down and abandoning module StatsViewer (205)
[2016.12.01-09.32.12:734][  2]LogModuleManager: Shutting down and abandoning module FoliageEdit (204)
[2016.12.01-09.32.12:734][  2]LogModuleManager: Shutting down and abandoning module LandscapeEditor (203)
[2016.12.01-09.32.12:734][  2]LogModuleManager: Shutting down and abandoning module SceneDepthPickerMode (202)
[2016.12.01-09.32.12:734][  2]LogModuleManager: Shutting down and abandoning module ActorPickerMode (201)
[2016.12.01-09.32.12:734][  2]LogModuleManager: Shutting down and abandoning module GeometryMode (200)
[2016.12.01-09.32.12:734][  2]LogModuleManager: Shutting down and abandoning module TextureAlignMode (199)
[2016.12.01-09.32.12:734][  2]LogModuleManager: Shutting down and abandoning module BspMode (198)
[2016.12.01-09.32.12:734][  2]LogModuleManager: Shutting down and abandoning module HardwareSurvey (197)
[2016.12.01-09.32.12:734][  2]LogModuleManager: Shutting down and abandoning module SequenceRecorderSections (196)
[2016.12.01-09.32.12:734][  2]LogModuleManager: Shutting down and abandoning module SequenceRecorder (195)
[2016.12.01-09.32.12:734][  2]LogModuleManager: Shutting down and abandoning module AutomationWorker (194)
[2016.12.01-09.32.12:734][  2]LogModuleManager: Shutting down and abandoning module MatineeToLevelSequence (193)
[2016.12.01-09.32.12:734][  2]LogModuleManager: Shutting down and abandoning module PlacementMode (192)
[2016.12.01-09.32.12:734][  2]LogModuleManager: Shutting down and abandoning module LevelSequenceEditor (191)
[2016.12.01-09.32.12:735][  2]LogModuleManager: Shutting down and abandoning module CharacterAI (190)
[2016.12.01-09.32.12:735][  2]LogModuleManager: Shutting down and abandoning module SmartSnapping (189)
[2016.12.01-09.32.12:735][  2]LogModuleManager: Shutting down and abandoning module SessionServices (188)
[2016.12.01-09.32.12:735][  2]LogModuleManager: Shutting down and abandoning module ViewportSnapping (187)
[2016.12.01-09.32.12:735][  2]LogModuleManager: Shutting down and abandoning module LogVisualizer (186)
[2016.12.01-09.32.12:735][  2]LogModuleManager: Shutting down and abandoning module GameProjectGeneration (185)
[2016.12.01-09.32.12:735][  2]LogModuleManager: Shutting down and abandoning module IntroTutorials (184)
[2016.12.01-09.32.12:735][  2]LogModuleManager: Shutting down and abandoning module EditorLiveStreaming (183)
[2016.12.01-09.32.12:735][  2]LogModuleManager: Shutting down and abandoning module IOSPlatformEditor (182)
[2016.12.01-09.32.12:735][  2]LogModuleManager: Shutting down and abandoning module HTML5PlatformEditor (181)
[2016.12.01-09.32.12:735][  2]LogModuleManager: Shutting down and abandoning module AndroidDeviceDetection (180)
[2016.12.01-09.32.13:200][  2]LogModuleManager: Shutting down and abandoning module AndroidPlatformEditor (179)
[2016.12.01-09.32.13:200][  2]LogModuleManager: Shutting down and abandoning module IOSRuntimeSettings (178)
[2016.12.01-09.32.13:200][  2]LogModuleManager: Shutting down and abandoning module AndroidRuntimeSettings (177)
[2016.12.01-09.32.13:200][  2]LogModuleManager: Shutting down and abandoning module MergeActors (176)
[2016.12.01-09.32.13:200][  2]LogModuleManager: Shutting down and abandoning module SizeMap (175)
[2016.12.01-09.32.13:200][  2]LogModuleManager: Shutting down and abandoning module TreeMap (174)
[2016.12.01-09.32.13:200][  2]LogModuleManager: Shutting down and abandoning module ReferenceViewer (173)
[2016.12.01-09.32.13:200][  2]LogModuleManager: Shutting down and abandoning module LocalizationService (172)
[2016.12.01-09.32.13:200][  2]LogModuleManager: Shutting down and abandoning module LocalizationDashboard (171)
[2016.12.01-09.32.13:200][  2]LogModuleManager: Shutting down and abandoning module HardwareTargeting (170)
[2016.12.01-09.32.13:200][  2]LogModuleManager: Shutting down and abandoning module DeviceProfileEditor (169)
[2016.12.01-09.32.13:200][  2]LogModuleManager: Shutting down and abandoning module UndoHistory (168)
[2016.12.01-09.32.13:200][  2]LogModuleManager: Shutting down and abandoning module UserFeedback (167)
[2016.12.01-09.32.13:200][  2]LogModuleManager: Shutting down and abandoning module XmlParser (166)
[2016.12.01-09.32.13:200][  2]LogModuleManager: Shutting down and abandoning module Blutility (165)
[2016.12.01-09.32.13:200][  2]LogModuleManager: Shutting down and abandoning module ProjectTargetPlatformEditor (164)
[2016.12.01-09.32.13:200][  2]LogModuleManager: Shutting down and abandoning module ProjectSettingsViewer (163)
[2016.12.01-09.32.13:200][  2]LogModuleManager: Shutting down and abandoning module InputBindingEditor (162)
[2016.12.01-09.32.13:201][  2]LogModuleManager: Shutting down and abandoning module EditorSettingsViewer (161)
[2016.12.01-09.32.13:201][  2]LogModuleManager: Shutting down and abandoning module SettingsEditor (160)
[2016.12.01-09.32.13:201][  2]LogModuleManager: Shutting down and abandoning module ProjectLauncher (159)
[2016.12.01-09.32.13:201][  2]LogModuleManager: Shutting down and abandoning module SessionFrontend (158)
[2016.12.01-09.32.13:201][  2]LogModuleManager: Shutting down and abandoning module ProfilerClient (157)
[2016.12.01-09.32.13:201][  2]LogModuleManager: Shutting down and abandoning module TargetDeviceServices (156)
[2016.12.01-09.32.13:201][  2]LogModuleManager: Shutting down and abandoning module DeviceManager (155)
[2016.12.01-09.32.13:256][  2]LogModuleManager: Shutting down and abandoning module AutomationController (154)
[2016.12.01-09.32.13:256][  2]LogModuleManager: Shutting down and abandoning module AutomationWindow (153)
[2016.12.01-09.32.13:256][  2]LogModuleManager: Shutting down and abandoning module Layers (152)
[2016.12.01-09.32.13:256][  2]LogModuleManager: Shutting down and abandoning module ComponentVisualizers (151)
[2016.12.01-09.32.13:256][  2]LogModuleManager: Shutting down and abandoning module DetailCustomizations (150)
[2016.12.01-09.32.13:256][  2]LogModuleManager: Shutting down and abandoning module PackagesDialog (149)
[2016.12.01-09.32.13:256][  2]LogModuleManager: Shutting down and abandoning module Persona (148)
[2016.12.01-09.32.13:256][  2]LogModuleManager: Shutting down and abandoning module Kismet (147)
[2016.12.01-09.32.13:256][  2]LogModuleManager: Shutting down and abandoning module GraphEditor (146)
[2016.12.01-09.32.13:256][  2]LogModuleManager: Shutting down and abandoning module ClassViewer (145)
[2016.12.01-09.32.13:256][  2]LogModuleManager: Shutting down and abandoning module Toolbox (144)
[2016.12.01-09.32.13:256][  2]LogModuleManager: Shutting down and abandoning module ModuleUI (143)
[2016.12.01-09.32.13:256][  2]LogModuleManager: Shutting down and abandoning module MovieSceneTools (142)
[2016.12.01-09.32.13:256][  2]LogModuleManager: Shutting down and abandoning module OutputLog (141)
[2016.12.01-09.32.13:256][  2]LogModuleManager: Shutting down and abandoning module GammaUI (140)
[2016.12.01-09.32.13:256][  2]LogModuleManager: Shutting down and abandoning module Documentation (139)
[2016.12.01-09.32.13:256][  2]LogModuleManager: Shutting down and abandoning module StreamingPauseRendering (138)
[2016.12.01-09.32.13:256][  2]LogModuleManager: Shutting down and abandoning module AnalyticsET (137)
[2016.12.01-09.32.13:256][  2]LogModuleManager: Shutting down and abandoning module Analytics (136)
[2016.12.01-09.32.13:256][  2]LogModuleManager: Shutting down and abandoning module PortalServices (135)
[2016.12.01-09.32.13:256][  2]LogModuleManager: Shutting down and abandoning module PortalRpc (134)
[2016.12.01-09.32.13:256][  2]LogModuleManager: Shutting down and abandoning module MessagingRpc (133)
[2016.12.01-09.32.13:256][  2]LogModuleManager: Shutting down and abandoning module GameplayDebugger (132)
[2016.12.01-09.32.13:256][  2]LogModuleManager: Shutting down and abandoning module AITestSuite (131)
[2016.12.01-09.32.13:256][  2]LogModuleManager: Shutting down and abandoning module AIModule (130)
[2016.12.01-09.32.13:256][  2]LogModuleManager: Shutting down and abandoning module ProfilerService (129)
[2016.12.01-09.32.13:418][  2]LogModuleManager: Shutting down and abandoning module TaskGraph (128)
[2016.12.01-09.32.13:418][  2]LogModuleManager: Shutting down and abandoning module SlateRemote (127)
[2016.12.01-09.32.13:418][  2]LogModuleManager: Shutting down and abandoning module SteamVRController (126)
[2016.12.01-09.32.13:418][  2]LogModuleManager: Shutting down and abandoning module SteamVR (125)
[2016.12.01-09.32.13:418][  2]LogModuleManager: Shutting down and abandoning module ProceduralMeshComponent (124)
[2016.12.01-09.32.13:418][  2]LogModuleManager: Shutting down and abandoning module OculusLibrary (123)
[2016.12.01-09.32.13:418][  2]LogModuleManager: Shutting down and abandoning module OculusInput (122)
[2016.12.01-09.32.13:418][  2]LogModuleManager: Shutting down and abandoning module CustomMeshComponent (121)
[2016.12.01-09.32.13:418][  2]LogModuleManager: Shutting down and abandoning module CableComponent (120)
[2016.12.01-09.32.13:418][  2]LogModuleManager: Shutting down and abandoning module ArchVisCharacter (119)
[2016.12.01-09.32.13:418][  2]LogModuleManager: Shutting down and abandoning module MediaPlayerEditor (118)
[2016.12.01-09.32.13:418][  2]LogModuleManager: Shutting down and abandoning module HTML5Networking (117)
[2016.12.01-09.32.13:418][  2]LogModuleManager: Shutting down and abandoning module SuperSearch (116)
[2016.12.01-09.32.13:418][  2]LogModuleManager: Shutting down and abandoning module SuperSearchEditor (115)
[2016.12.01-09.32.13:418][  2]LogModuleManager: Shutting down and abandoning module SpeedTreeImporter (114)
[2016.12.01-09.32.13:418][  2]LogModuleManager: Shutting down and abandoning module PluginBrowser (113)
[2016.12.01-09.32.13:418][  2]LogModuleManager: Shutting down and abandoning module EpicSurvey (112)
[2016.12.01-09.32.13:419][  2]LogModuleManager: Shutting down and abandoning module DesktopPlatform (111)
[2016.12.01-09.32.13:419][  2]LogModuleManager: Shutting down and abandoning module VisualStudioSourceCodeAccess (110)
[2016.12.01-09.32.13:419][  2]LogModuleManager: Shutting down and abandoning module UObjectPlugin (109)
[2016.12.01-09.32.13:419][  2]LogModuleManager: Shutting down and abandoning module SubversionSourceControl (108)
[2016.12.01-09.32.13:419][  2]LogModuleManager: Shutting down and abandoning module PerforceSourceControl (107)
[2016.12.01-09.32.13:419][  2]LogModuleManager: Shutting down and abandoning module SourceControl (106)
[2016.12.01-09.32.13:419][  2]LogModuleManager: Shutting down and abandoning module GitSourceControl (105)
[2016.12.01-09.32.13:419][  2]LogModuleManager: Shutting down and abandoning module LightPropagationVolumeEditor (104)
[2016.12.01-09.32.13:419][  2]LogModuleManager: Shutting down and abandoning module PaperTiledImporter (103)
[2016.12.01-09.32.13:419][  2]LogModuleManager: Shutting down and abandoning module PaperSpriteSheetImporter (102)
[2016.12.01-09.32.13:419][  2]LogModuleManager: Shutting down and abandoning module MeshPaint (101)
[2016.12.01-09.32.13:419][  2]LogModuleManager: Shutting down and abandoning module PixelInspectorModule (100)
[2016.12.01-09.32.13:419][  2]LogModuleManager: Shutting down and abandoning module HotReload (99)
[2016.12.01-09.32.13:419][  2]LogModuleManager: Shutting down and abandoning module MainFrame (98)
[2016.12.01-09.32.13:419][  2]LogModuleManager: Shutting down and abandoning module LevelEditor (97)
[2016.12.01-09.32.13:420][  2]LogModuleManager: Shutting down and abandoning module ContentBrowser (96)
[2016.12.01-09.32.13:420][  2]LogModuleManager: Shutting down and abandoning module Paper2DEditor (95)
[2016.12.01-09.32.13:420][  2]LogModuleManager: Shutting down and abandoning module UdpMessaging (94)
[2016.12.01-09.32.13:521][  2]LogModuleManager: Shutting down and abandoning module LightPropagationVolumeRuntime (93)
[2016.12.01-09.32.13:521][  2]LogModuleManager: Shutting down and abandoning module Paper2D (92)
[2016.12.01-09.32.13:521][  2]LogModuleManager: Shutting down and abandoning module WindowsMoviePlayer (91)
[2016.12.01-09.32.13:521][  2]LogModuleManager: Shutting down and abandoning module Media (90)
[2016.12.01-09.32.13:521][  2]LogModuleManager: Shutting down and abandoning module WmfMedia (89)
[2016.12.01-09.32.13:522][  2]LogModuleManager: Shutting down and abandoning module MediaAssets (88)
[2016.12.01-09.32.13:522][  2]LogModuleManager: Shutting down and abandoning module GameLiveStreaming (87)
[2016.12.01-09.32.13:522][  2]LogModuleManager: Shutting down and abandoning module GameplayTagsEditor (86)
[2016.12.01-09.32.13:522][  2]LogModuleManager: Shutting down and abandoning module OnlineBlueprintSupport (85)
[2016.12.01-09.32.13:522][  2]LogModuleManager: Shutting down and abandoning module VREditor (84)
[2016.12.01-09.32.13:522][  2]LogModuleManager: Shutting down and abandoning module GameplayTasksEditor (83)
[2016.12.01-09.32.13:522][  2]LogModuleManager: Shutting down and abandoning module PropertyEditor (82)
[2016.12.01-09.32.13:522][  2]LogModuleManager: Shutting down and abandoning module BehaviorTreeEditor (81)
[2016.12.01-09.32.13:522][  2]LogModuleManager: Shutting down and abandoning module FunctionalTesting (80)
[2016.12.01-09.32.13:522][  2]LogModuleManager: Shutting down and abandoning module CollisionAnalyzer (79)
[2016.12.01-09.32.13:522][  2]LogModuleManager: Shutting down and abandoning module Sequencer (78)
[2016.12.01-09.32.13:522][  2]LogModuleManager: Shutting down and abandoning module WorkspaceMenuStructure (77)
[2016.12.01-09.32.13:522][  2]LogModuleManager: Shutting down and abandoning module MessageLog (76)
[2016.12.01-09.32.13:522][  2]LogModuleManager: Shutting down and abandoning module AssetTools (75)
[2016.12.01-09.32.13:522][  2]LogModuleManager: Shutting down and abandoning module UMGEditor (74)
[2016.12.01-09.32.13:522][  2]LogModuleManager: Shutting down and abandoning module UMG (73)
[2016.12.01-09.32.13:522][  2]LogModuleManager: Shutting down and abandoning module SlateReflector (72)
[2016.12.01-09.32.13:522][  2]LogModuleManager: Shutting down and abandoning module Slate (71)
[2016.12.01-09.32.13:522][  2]LogModuleManager: Shutting down and abandoning module EditorStyle (70)
[2016.12.01-09.32.13:525][  2]LogModuleManager: Shutting down and abandoning module SourceCodeAccess (69)
[2016.12.01-09.32.13:525][  2]LogModuleManager: Shutting down and abandoning module HeadMountedDisplay (68)
[2016.12.01-09.32.13:525][  2]LogModuleManager: Shutting down and abandoning module XAudio2 (67)
[2016.12.01-09.32.13:525][  2]LogModuleManager: Shutting down and abandoning module Networking (65)
[2016.12.01-09.32.13:525][  2]LogModuleManager: Shutting down and abandoning module Core (64)
[2016.12.01-09.32.13:525][  2]LogModuleManager: Shutting down and abandoning module DirectoryWatcher (63)
[2016.12.01-09.32.13:525][  2]LogModuleManager: Shutting down and abandoning module AssetRegistry (62)
[2016.12.01-09.32.21:276][  2]LogModuleManager: Shutting down and abandoning module KismetCompiler (61)
[2016.12.01-09.32.21:276][  2]LogModuleManager: Shutting down and abandoning module PhysXFormats (60)
[2016.12.01-09.32.21:276][  2]LogModuleManager: Shutting down and abandoning module MeshUtilities (59)
[2016.12.01-09.32.21:276][  2]LogModuleManager: Shutting down and abandoning module DerivedDataCache (58)
[2016.12.01-09.32.21:375][  2]LogDerivedDataCache: Shutdown
[2016.12.01-09.32.21:375][  2]LogModuleManager: Shutting down and abandoning module VulkanShaderFormat (57)
[2016.12.01-09.32.21:375][  2]LogModuleManager: Shutting down and abandoning module ShaderFormatOpenGL (56)
[2016.12.01-09.32.21:375][  2]LogModuleManager: Shutting down and abandoning module ShaderFormatD3D (55)
[2016.12.01-09.32.21:375][  2]LogModuleManager: Shutting down and abandoning module MetalShaderFormat (54)
[2016.12.01-09.32.21:375][  2]LogModuleManager: Shutting down and abandoning module TextureFormatUncompressed (53)
[2016.12.01-09.32.21:375][  2]LogModuleManager: Shutting down and abandoning module TextureFormatPVR (52)
[2016.12.01-09.32.21:375][  2]LogModuleManager: Shutting down and abandoning module TextureFormatIntelISPCTexComp (51)
[2016.12.01-09.32.21:376][  2]LogModuleManager: Shutting down and abandoning module TextureFormatDXT (50)
[2016.12.01-09.32.21:376][  2]LogModuleManager: Shutting down and abandoning module ImageWrapper (49)
[2016.12.01-09.32.21:376][  2]LogModuleManager: Shutting down and abandoning module TextureFormatASTC (48)
[2016.12.01-09.32.21:376][  2]LogModuleManager: Shutting down and abandoning module TextureFormatAndroid (47)
[2016.12.01-09.32.21:376][  2]LogModuleManager: Shutting down and abandoning module AudioFormatOpus (46)
[2016.12.01-09.32.21:376][  2]LogModuleManager: Shutting down and abandoning module AudioFormatOgg (45)
[2016.12.01-09.32.21:376][  2]LogModuleManager: Shutting down and abandoning module AudioFormatADPCM (44)
[2016.12.01-09.32.21:376][  2]LogModuleManager: Shutting down and abandoning module LinuxTargetPlatform (43)
[2016.12.01-09.32.21:376][  2]LogModuleManager: Shutting down and abandoning module LinuxServerTargetPlatform (42)
[2016.12.01-09.32.21:376][  2]LogModuleManager: Shutting down and abandoning module LinuxNoEditorTargetPlatform (41)
[2016.12.01-09.32.21:376][  2]LogModuleManager: Shutting down and abandoning module TVOSTargetPlatform (40)
[2016.12.01-09.32.21:376][  2]LogModuleManager: Shutting down and abandoning module Messaging (39)
[2016.12.01-09.32.21:376][  2]LogModuleManager: Shutting down and abandoning module IOSTargetPlatform (38)
[2016.12.01-09.32.21:376][  2]LogModuleManager: Shutting down and abandoning module HTML5TargetPlatform (37)
[2016.12.01-09.32.21:376][  2]LogModuleManager: Shutting down and abandoning module Android_PVRTCTargetPlatform (36)
[2016.12.01-09.32.21:376][  2]LogModuleManager: Shutting down and abandoning module Android_MultiTargetPlatform (35)
[2016.12.01-09.32.21:376][  2]LogModuleManager: Shutting down and abandoning module Android_ETC2TargetPlatform (34)
[2016.12.01-09.32.21:376][  2]LogModuleManager: Shutting down and abandoning module Android_ETC1TargetPlatform (33)
[2016.12.01-09.32.21:376][  2]LogModuleManager: Shutting down and abandoning module Android_DXTTargetPlatform (32)
[2016.12.01-09.32.21:376][  2]LogModuleManager: Shutting down and abandoning module Android_ATCTargetPlatform (31)
[2016.12.01-09.32.21:376][  2]LogModuleManager: Shutting down and abandoning module Android_ASTCTargetPlatform (30)
[2016.12.01-09.32.21:376][  2]LogModuleManager: Shutting down and abandoning module AndroidTargetPlatform (29)
[2016.12.01-09.32.21:376][  2]LogModuleManager: Shutting down and abandoning module WindowsTargetPlatform (28)
[2016.12.01-09.32.21:376][  2]LogModuleManager: Shutting down and abandoning module WindowsServerTargetPlatform (27)
[2016.12.01-09.32.21:376][  2]LogModuleManager: Shutting down and abandoning module WindowsNoEditorTargetPlatform (26)
[2016.12.01-09.32.21:376][  2]LogModuleManager: Shutting down and abandoning module WindowsClientTargetPlatform (25)
[2016.12.01-09.32.21:376][  2]LogModuleManager: Shutting down and abandoning module AllDesktopTargetPlatform (24)
[2016.12.01-09.32.21:376][  2]LogModuleManager: Shutting down and abandoning module TargetPlatform (23)
[2016.12.01-09.32.21:376][  2]LogModuleManager: Shutting down and abandoning module InputCore (22)
[2016.12.01-09.32.21:376][  2]LogModuleManager: Shutting down and abandoning module Settings (21)
[2016.12.01-09.32.21:376][  2]LogModuleManager: Shutting down and abandoning module OnlineSubsystem (19)
[2016.12.01-09.32.21:376][  2]LogModuleManager: Shutting down and abandoning module HTTP (18)
[2016.12.01-09.32.27:046][  2]LogModuleManager: Shutting down and abandoning module XMPP (17)
[2016.12.01-09.32.27:046][  2]LogModuleManager: Shutting down and abandoning module OculusRift (16)
[2016.12.01-09.32.27:046][  2]LogModuleManager: Shutting down and abandoning module ExampleDeviceProfileSelector (15)
[2016.12.01-09.32.27:046][  2]LogModuleManager: Shutting down and abandoning module TextureCompressor (14)
[2016.12.01-09.32.27:046][  2]LogModuleManager: Shutting down and abandoning module ShaderCore (13)
[2016.12.01-09.32.27:046][  2]LogModuleManager: Shutting down and abandoning module Landscape (12)
[2016.12.01-09.32.27:046][  2]LogModuleManager: Shutting down and abandoning module SlateRHIRenderer (11)
[2016.12.01-09.32.27:047][  2]LogModuleManager: Shutting down and abandoning module OpenGLDrv (10)
[2016.12.01-09.32.27:047][  2]LogModuleManager: Shutting down and abandoning module D3D11RHI (9)
[2016.12.01-09.32.27:047][  2]LogModuleManager: Shutting down and abandoning module AnimGraphRuntime (8)
[2016.12.01-09.32.27:047][  2]LogModuleManager: Shutting down and abandoning module Renderer (7)
[2016.12.01-09.32.27:047][  2]LogModuleManager: Shutting down and abandoning module Engine (6)
[2016.12.01-09.32.27:047][  2]LogModuleManager: Shutting down and abandoning module CoreUObject (5)
[2016.12.01-09.32.27:047][  2]LogModuleManager: Shutting down and abandoning module NetworkFile (4)
[2016.12.01-09.32.27:047][  2]LogModuleManager: Shutting down and abandoning module StreamingFile (3)
[2016.12.01-09.32.27:047][  2]LogModuleManager: Shutting down and abandoning module SandboxFile (2)
[2016.12.01-09.32.27:047][  2]LogModuleManager: Shutting down and abandoning module PakFile (1)
[2016.12.01-09.32.27:049][  2]LogExit: Exiting.
[2016.12.01-09.32.27:050][  2]Log file closed, 12/01/16 09:32:27
